Generated Block Diagram.
Rasterizing ppc440_0.jpg.....
Rasterizing plb_v46_0.jpg.....
Rasterizing xps_bram_if_cntlr_1.jpg.....
Rasterizing xps_bram_if_cntlr_1_bram.jpg.....
Rasterizing RS232_Uart_1.jpg.....
Rasterizing Ethernet_MAC.jpg.....
Rasterizing DDR2_SDRAM.jpg.....
Rasterizing xps_timer_0.jpg.....
Rasterizing clock_generator_0.jpg.....
Rasterizing jtagppc_cntlr_inst.jpg.....
Rasterizing proc_sys_reset_0.jpg.....
Rasterizing xps_intc_0.jpg.....
Rasterizing plb_bubblesort_arch_0.jpg.....
Rasterizing plb_bubblesort_arch_1.jpg.....
Rasterizing plb_bubblesort_arch_2.jpg.....
Rasterizing plb_bubblesort_arch_3.jpg.....
Rasterizing plb_bubblesort_arch_4.jpg.....
Rasterizing plb_aes_arch_0.jpg.....
Rasterizing system_blkd.jpg.....
Report generated.
Report generation completed.
