
*** Running ngdbuild
    with args -intstyle ise -p xc6vlx240tff1156-1 -sd "C:\Users\Sam\Downloads\xpr_chris_project\xpr_bram_led\planAhead\project_1\project_1.srcs\sources_1\imports" -uc "config_1.ucf" "config_1.edf"


Command Line: H:\Win7\Xilinx\12.3_XPS\ISE_DS\ISE\bin\nt64\unwrapped\ngdbuild.exe
-intstyle ise -p xc6vlx240tff1156-1 -sd
C:\Users\Sam\Downloads\xpr_chris_project\xpr_bram_led\planAhead\project_1\projec
t_1.srcs\sources_1\imports -uc config_1.ucf config_1.edf

Executing edif2ngd -quiet "config_1.edf" "config_1.ngo"
Release 12.3 - edif2ngd M.70d (nt64)
Copyright (c) 1995-2010 Xilinx, Inc.  All rights reserved.
Reading NGO file
"C:/Users/Sam/Downloads/xpr_chris_project/xpr_bram_led/planAhead/project_1/proje
ct_1.runs/config_1/config_1.ngo" ...
Gathering constraint information from source properties...
Done.

Annotating constraints to design from ucf file "config_1.ucf" ...
Resolving constraint associations...
Checking Constraint Associations...

Done...
Checking Partitions ...

Checking expanded design ...

Partition Implementation Status
-------------------------------

  Preserved Partitions:


  Implemented Partitions:

    Partition "/top":
Attribute STATE set to IMPLEMENT.

    Partition "/top/U1_RP_Bram" (Reconfigurable Module "BramFirst"):
Attribute STATE set to IMPLEMENT.

    Partition "/top/U2_RP_Count" (Reconfigurable Module "CountCW"):
Attribute STATE set to IMPLEMENT.

-------------------------------

NGDBUILD Design Results Summary:
  Number of errors:     0
  Number of warnings:   0

Writing NGD file "config_1.ngd" ...
Total REAL time to NGDBUILD completion:  19 sec
Total CPU time to NGDBUILD completion:   3 sec

Writing NGDBUILD log file "config_1.bld"...

NGDBUILD done.

*** Running map
    with args -intstyle ise -w "config_1.ngd"

Using target part "6vlx240tff1156-1".
Mapping design into LUTs...
Running directed packing...
Running delay-based LUT packing...
Updating timing models...
INFO:Map:215 - The Interim Design Summary has been generated in the MAP Report
   (.mrp).
Running timing-driven placement...
Total REAL time at the beginning of Placer: 1 mins 1 secs 
Total CPU  time at the beginning of Placer: 56 secs 

Phase 1.1  Initial Placement Analysis
Phase 1.1  Initial Placement Analysis (Checksum:43574797) REAL time: 1 mins 10 secs 

Phase 2.7  Design Feasibility Check
Phase 2.7  Design Feasibility Check (Checksum:43574797) REAL time: 1 mins 10 secs 

Phase 3.31  Local Placement Optimization
Phase 3.31  Local Placement Optimization (Checksum:8766c7fd) REAL time: 1 mins 10 secs 

Phase 4.37  Local Placement Optimization
Phase 4.37  Local Placement Optimization (Checksum:8766c7fd) REAL time: 1 mins 10 secs 

Phase 5.2  Initial Placement for Architecture Specific Features

Phase 5.2  Initial Placement for Architecture Specific Features (Checksum:dbe3341d) REAL time: 1 mins 13 secs 

Phase 6.36  Local Placement Optimization
Phase 6.36  Local Placement Optimization (Checksum:dbe3341d) REAL time: 1 mins 13 secs 

Phase 7.30  Global Clock Region Assignment
Phase 7.30  Global Clock Region Assignment (Checksum:dbe3341d) REAL time: 1 mins 13 secs 

Phase 8.3  Local Placement Optimization
Phase 8.3  Local Placement Optimization (Checksum:dbe3341d) REAL time: 1 mins 14 secs 

Phase 9.5  Local Placement Optimization
Phase 9.5  Local Placement Optimization (Checksum:dbe3341d) REAL time: 1 mins 14 secs 

Phase 10.8  Global Placement
........
........
Phase 10.8  Global Placement (Checksum:d07077b0) REAL time: 1 mins 15 secs 

Phase 11.5  Local Placement Optimization
Phase 11.5  Local Placement Optimization (Checksum:d07077b0) REAL time: 1 mins 15 secs 

Phase 12.18  Placement Optimization
Phase 12.18  Placement Optimization (Checksum:126b4b54) REAL time: 1 mins 16 secs 

Phase 13.5  Local Placement Optimization
Phase 13.5  Local Placement Optimization (Checksum:126b4b54) REAL time: 1 mins 16 secs 

Phase 14.34  Placement Validation
Phase 14.34  Placement Validation (Checksum:e83b47c2) REAL time: 1 mins 16 secs 

Total REAL time to Placer completion: 1 mins 17 secs 
Total CPU  time to Placer completion: 1 mins 11 secs 
Running post-placement packing...
Writing output files...

Design Summary:
Number of errors:      0
Number of warnings:    2
Slice Logic Utilization:
  Number of Slice Registers:                    66 out of 301,440    1%
    Number used as Flip Flops:                  65
    Number used as Latches:                      1
    Number used as Latch-thrus:                  0
    Number used as AND/OR logics:                0
  Number of Slice LUTs:                         96 out of 150,720    1%
    Number used as logic:                       94 out of 150,720    1%
      Number using O6 output only:              36
      Number using O5 output only:              56
      Number using O5 and O6:                    2
      Number used as ROM:                        0
    Number used as Memory:                       0 out of  58,400    0%
    Number used exclusively as route-thrus:      2
      Number with same-slice register load:      0
      Number with same-slice carry load:         2
      Number with other load:                    0

Slice Logic Distribution:
  Number of occupied Slices:                    37 out of  37,680    1%
  Number of LUT Flip Flop pairs used:           99
    Number with an unused Flip Flop:            33 out of      99   33%
    Number with an unused LUT:                   3 out of      99    3%
    Number of fully used LUT-FF pairs:          63 out of      99   63%
    Number of unique control sets:               5
    Number of slice register sites lost
      to control set restrictions:              30 out of 301,440    1%

  A LUT Flip Flop pair for this architecture represents one LUT paired with
  one Flip Flop within a slice.  A control set is a unique combination of
  clock, reset, set, and enable signals for a registered element.
  The Slice Logic Distribution report is not meaningful if the design is
  over-mapped for a non-slice resource or if Placement fails.
  OVERMAPPING of BRAM resources should be ignored if the design is
  over-mapped for a non-BRAM resource or if placement fails.

IO Utilization:
  Number of bonded IOBs:                        16 out of     600    2%
    Number of LOCed IOBs:                       16 out of      16  100%

Specific Feature Utilization:
  Number of RAMB36E1/FIFO36E1s:                  1 out of     416    1%
    Number using RAMB36E1 only:                  1
    Number using FIFO36E1 only:                  0
  Number of RAMB18E1/FIFO18E1s:                  0 out of     832    0%
  Number of BUFG/BUFGCTRLs:                      2 out of      32    6%
    Number used as BUFGs:                        2
    Number used as BUFGCTRLs:                    0
  Number of ILOGICE1/ISERDESE1s:                 0 out of     720    0%
  Number of OLOGICE1/OSERDESE1s:                 0 out of     720    0%
  Number of BSCANs:                              0 out of       4    0%
  Number of BUFHCEs:                             0 out of     144    0%
  Number of BUFOs:                               0 out of      36    0%
  Number of BUFIODQSs:                           0 out of      72    0%
  Number of BUFRs:                               0 out of      36    0%
  Number of CAPTUREs:                            0 out of       1    0%
  Number of DSP48E1s:                            0 out of     768    0%
  Number of EFUSE_USRs:                          0 out of       1    0%
  Number of FRAME_ECCs:                          0 out of       1    0%
  Number of GTXE1s:                              0 out of      20    0%
  Number of IBUFDS_GTXE1s:                       0 out of      12    0%
  Number of ICAPs:                               0 out of       2    0%
  Number of IDELAYCTRLs:                         0 out of      18    0%
  Number of IODELAYE1s:                          0 out of     720    0%
  Number of MMCM_ADVs:                           1 out of      12    8%
  Number of PCIE_2_0s:                           0 out of       2    0%
  Number of STARTUPs:                            1 out of       1  100%
  Number of SYSMONs:                             0 out of       1    0%
  Number of TEMAC_SINGLEs:                       0 out of       4    0%

Average Fanout of Non-Clock Nets:                2.37

Peak Memory Usage:  713 MB
Total REAL time to MAP completion:  6 mins 8 secs 
Total CPU time to MAP completion:   6 mins 1 secs 

Mapping completed.
See MAP report file "config_1.mrp" for details.

*** Running par
    with args -intstyle ise "config_1.ncd" -w "config_1_routed.ncd"




Constraints file: config_1.pcf.
Loading device for application Rf_Device from file '6vlx240t.nph' in environment H:\Win7\Xilinx\12.3_XPS\ISE_DS\ISE\.
   "top" is an NCD, version 3.2, device xc6vlx240t, package ff1156, speed -1
WARNING:ConstraintSystem:64 - Constraint <COMP "out_counter[0]" LOCATE = SITE "AD21" LEVEL 1;> [config_1.pcf(6)]
   overrides constraint <COMPGRP "pblock_U2_RP_Count.IOB" LOCATE = SITE "IOB_X1Y28:IOB_X1Y81" LEVEL 4;>
   [config_1.pcf(37)] on the design object 'U2_RP_Count/out_counter[0]'.

WARNING:ConstraintSystem:64 - Constraint <COMP "out_counter[1]" LOCATE = SITE "AH27" LEVEL 1;> [config_1.pcf(7)]
   overrides constraint <COMPGRP "pblock_U2_RP_Count.IOB" LOCATE = SITE "IOB_X1Y28:IOB_X1Y81" LEVEL 4;>
   [config_1.pcf(37)] on the design object 'U2_RP_Count/out_counter[1]'.

WARNING:ConstraintSystem:64 - Constraint <COMP "out_counter[2]" LOCATE = SITE "AE21" LEVEL 1;> [config_1.pcf(8)]
   overrides constraint <COMPGRP "pblock_U2_RP_Count.IOB" LOCATE = SITE "IOB_X1Y28:IOB_X1Y81" LEVEL 4;>
   [config_1.pcf(37)] on the design object 'U2_RP_Count/out_counter[2]'.

WARNING:ConstraintSystem:64 - Constraint <COMP "out_counter[3]" LOCATE = SITE "AH28" LEVEL 1;> [config_1.pcf(9)]
   overrides constraint <COMPGRP "pblock_U2_RP_Count.IOB" LOCATE = SITE "IOB_X1Y28:IOB_X1Y81" LEVEL 4;>
   [config_1.pcf(37)] on the design object 'U2_RP_Count/out_counter[3]'.


Initializing temperature to 85.000 Celsius. (default - Range: 0.000 to 85.000 Celsius)
Initializing voltage to 0.950 Volts. (default - Range: 0.950 to 1.050 Volts)


Device speed data version:  "PRODUCTION 1.09 2010-09-15".



Device Utilization Summary:

Slice Logic Utilization:
  Number of Slice Registers:                    66 out of 301,440    1%
    Number used as Flip Flops:                  65
    Number used as Latches:                      1
    Number used as Latch-thrus:                  0
    Number used as AND/OR logics:                0
  Number of Slice LUTs:                         96 out of 150,720    1%
    Number used as logic:                       94 out of 150,720    1%
      Number using O6 output only:              36
      Number using O5 output only:              56
      Number using O5 and O6:                    2
      Number used as ROM:                        0
    Number used as Memory:                       0 out of  58,400    0%
    Number used exclusively as route-thrus:      2
      Number with same-slice register load:      0
      Number with same-slice carry load:         2
      Number with other load:                    0

Slice Logic Distribution:
  Number of occupied Slices:                    37 out of  37,680    1%
  Number of LUT Flip Flop pairs used:           99
    Number with an unused Flip Flop:            33 out of      99   33%
    Number with an unused LUT:                   3 out of      99    3%
    Number of fully used LUT-FF pairs:          63 out of      99   63%
    Number of slice register sites lost
      to control set restrictions:               0 out of 301,440    0%

  A LUT Flip Flop pair for this architecture represents one LUT paired with
  one Flip Flop within a slice.  A control set is a unique combination of
  clock, reset, set, and enable signals for a registered element.
  The Slice Logic Distribution report is not meaningful if the design is
  over-mapped for a non-slice resource or if Placement fails.
  OVERMAPPING of BRAM resources should be ignored if the design is
  over-mapped for a non-BRAM resource or if placement fails.

IO Utilization:
  Number of bonded IOBs:                        16 out of     600    2%
    Number of LOCed IOBs:                       16 out of      16  100%

Specific Feature Utilization:
  Number of RAMB36E1/FIFO36E1s:                  1 out of     416    1%
    Number using RAMB36E1 only:                  1
    Number using FIFO36E1 only:                  0
  Number of RAMB18E1/FIFO18E1s:                  0 out of     832    0%
  Number of BUFG/BUFGCTRLs:                      2 out of      32    6%
    Number used as BUFGs:                        2
    Number used as BUFGCTRLs:                    0
  Number of ILOGICE1/ISERDESE1s:                 0 out of     720    0%
  Number of OLOGICE1/OSERDESE1s:                 0 out of     720    0%
  Number of BSCANs:                              0 out of       4    0%
  Number of BUFHCEs:                             0 out of     144    0%
  Number of BUFIODQSs:                           0 out of      72    0%
  Number of BUFRs:                               0 out of      36    0%
  Number of CAPTUREs:                            0 out of       1    0%
  Number of DSP48E1s:                            0 out of     768    0%
  Number of EFUSE_USRs:                          0 out of       1    0%
  Number of FRAME_ECCs:                          0 out of       1    0%
  Number of GTXE1s:                              0 out of      20    0%
  Number of IBUFDS_GTXE1s:                       0 out of      12    0%
  Number of ICAPs:                               0 out of       2    0%
  Number of IDELAYCTRLs:                         0 out of      18    0%
  Number of IODELAYE1s:                          0 out of     720    0%
  Number of MMCM_ADVs:                           1 out of      12    8%
  Number of PCIE_2_0s:                           0 out of       2    0%
  Number of STARTUPs:                            1 out of       1  100%
  Number of SYSMONs:                             0 out of       1    0%
  Number of TEMAC_SINGLEs:                       0 out of       4    0%


Overall effort level (-ol):   Standard 
Router effort level (-rl):    High 

Starting initial Timing Analysis.  REAL time: 14 secs 
Finished initial Timing Analysis.  REAL time: 14 secs 

Starting Router

WARNING:XCad - Component: test_count is LOC'd at site IOB_X1Y40.
   This site is part of the private area group owned by Partition: pblock_U2_RP_Count.
   This component belongs to Partition: Static.
WARNING:XCad - Component: out_bram[7] is LOC'd at site IOB_X1Y81.
   This site is part of the private area group owned by Partition: pblock_U2_RP_Count.
   This component belongs to Partition: Static.

Phase  1  : 5744 unrouted;      REAL time: 1 mins 50 secs 

Phase  2  : 5226 unrouted;      REAL time: 1 mins 51 secs 

Phase  3  : 21 unrouted;      REAL time: 2 mins 19 secs 

Phase  4  : 21 unrouted; (Setup:0, Hold:0, Component Switching Limit:0)     REAL time: 2 mins 28 secs 

Updating file: config_1_routed.ncd with current fully routed design.

Phase  5  : 0 unrouted; (Setup:0, Hold:0, Component Switching Limit:0)     REAL time: 2 mins 28 secs 

Phase  6  : 0 unrouted; (Setup:0, Hold:0, Component Switching Limit:0)     REAL time: 2 mins 28 secs 

Phase  7  : 0 unrouted; (Setup:0, Hold:0, Component Switching Limit:0)     REAL time: 2 mins 28 secs 

Phase  8  : 0 unrouted; (Setup:0, Hold:0, Component Switching Limit:0)     REAL time: 2 mins 28 secs 

Phase  9  : 0 unrouted; (Setup:0, Hold:0, Component Switching Limit:0)     REAL time: 2 mins 28 secs 

Phase 10  : 0 unrouted; (Setup:0, Hold:0, Component Switching Limit:0)     REAL time: 2 mins 28 secs 
Total REAL time to Router completion: 2 mins 29 secs 
Total CPU time to Router completion: 2 mins 28 secs 

Partition Implementation Status
-------------------------------

  Preserved Partitions:


  Implemented Partitions:

    Partition "/top":
Attribute STATE set to IMPLEMENT.

    Partition "/top/U1_RP_Bram" (Reconfigurable Module "BramFirst"):
Attribute STATE set to IMPLEMENT.

    Partition "/top/U2_RP_Count" (Reconfigurable Module "CountCW"):
Attribute STATE set to IMPLEMENT.

-------------------------------

Generating "PAR" statistics.

**************************
Generating Clock Report
**************************

+---------------------+--------------+------+------+------------+-------------+
|        Clock Net    |   Resource   |Locked|Fanout|Net Skew(ns)|Max Delay(ns)|
+---------------------+--------------+------+------+------------+-------------+
|                gclk | BUFGCTRL_X0Y0| No   |   21 |  0.205     |  1.889      |
+---------------------+--------------+------+------+------------+-------------+
|U0_clocks/mmcm_adv_i |              |      |      |            |             |
|       nst_ML_NEW_I1 |         Local|      |    3 |  0.000     |  0.886      |
+---------------------+--------------+------+------+------------+-------------+
|U0_clocks/mmcm_adv_i |              |      |      |            |             |
|      nst_ML_NEW_OUT |         Local|      |    2 |  0.000     |  0.561      |
+---------------------+--------------+------+------+------------+-------------+
|U0_clocks/MMCM_PHASE |              |      |      |            |             |
|_CALIBRATION_ML_LUT2 |              |      |      |            |             |
|       _5_ML_NEW_CLK |         Local|      |    1 |  0.000     |  0.466      |
+---------------------+--------------+------+------+------------+-------------+

* Net Skew is the difference between the minimum and maximum routing
only delays for the net. Note this is different from Clock Skew which
is reported in TRCE timing report. Clock Skew is the difference between
the minimum and maximum path delays which includes logic delays.

Timing Score: 0 (Setup: 0, Hold: 0, Component Switching Limit: 0)

Number of Timing Constraints that were not applied: 1

Asterisk (*) preceding a constraint indicates it was not met.
   This may be due to a setup or hold violation.

----------------------------------------------------------------------------------------------------------
  Constraint                                |    Check    | Worst Case |  Best Case | Timing |   Timing   
                                            |             |    Slack   | Achievable | Errors |    Score   
----------------------------------------------------------------------------------------------------------
  TS_clk_p = PERIOD TIMEGRP "clk_p" 5 ns HI | MINLOWPULSE |     2.200ns|     2.800ns|       0|           0
  GH 50%                                    |             |            |            |        |            
----------------------------------------------------------------------------------------------------------
  TS_U0_clocks_clkout0 = PERIOD TIMEGRP "U0 | SETUP       |     7.155ns|     2.845ns|       0|           0
  _clocks_clkout0" TS_clk_p / 0.5 HIGH      | HOLD        |     0.103ns|            |       0|           0
      50%                                   |             |            |            |        |            
----------------------------------------------------------------------------------------------------------


Derived Constraint Report
Review Timing Report for more details on the following derived constraints.
To create a Timing Report, run "trce -v 12 -fastpaths -o design_timing_report design.ncd design.pcf"
or "Run Timing Analysis" from Timing Analyzer (timingan).
Derived Constraints for TS_clk_p
+-------------------------------+-------------+-------------+-------------+-------------+-------------+-------------+-------------+
|                               |   Period    |       Actual Period       |      Timing Errors        |      Paths Analyzed       |
|           Constraint          | Requirement |-------------+-------------|-------------+-------------|-------------+-------------|
|                               |             |   Direct    | Derivative  |   Direct    | Derivative  |   Direct    | Derivative  |
+-------------------------------+-------------+-------------+-------------+-------------+-------------+-------------+-------------+
|TS_clk_p                       |      5.000ns|      2.800ns|      1.423ns|            0|            0|            0|         1024|
| TS_U0_clocks_clkout0          |     10.000ns|      2.845ns|          N/A|            0|            0|         1024|            0|
+-------------------------------+-------------+-------------+-------------+-------------+-------------+-------------+-------------+

All constraints were met.


Generating Pad Report.

All signals are completely routed.

Total REAL time to PAR completion: 2 mins 34 secs 
Total CPU time to PAR completion: 2 mins 33 secs 

Peak Memory Usage:  717 MB

Placer: Placement generated during map.
Routing: Completed - No errors found.
Timing: Completed - No errors found.

Number of error messages: 0
Number of warning messages: 6
Number of info messages: 0

Writing design to file config_1_routed.ncd



PAR done!

*** Running trce
    with args -intstyle ise -o "config_1.twr" -v 30 -l 30 "config_1_routed.ncd" "config_1.pcf"

Loading device for application Rf_Device from file '6vlx240t.nph' in environment
H:\Win7\Xilinx\12.3_XPS\ISE_DS\ISE\.
   "top" is an NCD, version 3.2, device xc6vlx240t, package ff1156, speed -1
WARNING:ConstraintSystem:64 - Constraint <COMP "out_counter[0]" LOCATE = SITE
   "AD21" LEVEL 1;> [config_1.pcf(6)] overrides constraint <COMPGRP
   "pblock_U2_RP_Count.IOB" LOCATE = SITE "IOB_X1Y28:IOB_X1Y81" LEVEL 4;>
   [config_1.pcf(37)] on the design object 'U2_RP_Count/out_counter[0]'.

WARNING:ConstraintSystem:64 - Constraint <COMP "out_counter[1]" LOCATE = SITE
   "AH27" LEVEL 1;> [config_1.pcf(7)] overrides constraint <COMPGRP
   "pblock_U2_RP_Count.IOB" LOCATE = SITE "IOB_X1Y28:IOB_X1Y81" LEVEL 4;>
   [config_1.pcf(37)] on the design object 'U2_RP_Count/out_counter[1]'.

WARNING:ConstraintSystem:64 - Constraint <COMP "out_counter[2]" LOCATE = SITE
   "AE21" LEVEL 1;> [config_1.pcf(8)] overrides constraint <COMPGRP
   "pblock_U2_RP_Count.IOB" LOCATE = SITE "IOB_X1Y28:IOB_X1Y81" LEVEL 4;>
   [config_1.pcf(37)] on the design object 'U2_RP_Count/out_counter[2]'.

WARNING:ConstraintSystem:64 - Constraint <COMP "out_counter[3]" LOCATE = SITE
   "AH28" LEVEL 1;> [config_1.pcf(9)] overrides constraint <COMPGRP
   "pblock_U2_RP_Count.IOB" LOCATE = SITE "IOB_X1Y28:IOB_X1Y81" LEVEL 4;>
   [config_1.pcf(37)] on the design object 'U2_RP_Count/out_counter[3]'.


Analysis completed Sun Feb 26 17:54:50 2012
--------------------------------------------------------------------------------

Generating Report ...

Number of warnings: 4
Total time: 14 secs 

*** Running xdl
    with args -secure -ncd2xdl -nopips "config_1_routed.ncd" "config_1_routed.xdl"

Release 12.3 - xdl M.70d (nt64)
Copyright (c) 1995-2010 Xilinx, Inc.  All rights reserved.

Loading device for application Rf_Device from file '6vlx240t.nph' in environment H:\Win7\Xilinx\12.3_XPS\ISE_DS\ISE\.
   "top" is an NCD, version 3.2, device xc6vlx240t, package ff1156, speed -1
Successfully converted design 'config_1_routed.ncd' to 'config_1_routed.xdl'.
WARNING:XDL:213 - The resulting xdl output will not have LUT equation strings or RAM INIT strings.
