Release 12.3 Xflow M.70d (nt)
Copyright (c) 1995-2010 Xilinx, Inc.  All rights reserved.
xflow.exe -wd implementation -p xc5vfx70tff1136-1 -implement xflow.opt
system.ngc  
PMSPEC -- Overriding Xilinx file
<C:/Xilinx/12.3/ISE_DS/EDK/virtex5/data/virtex5.acd> with local file
<C:/Xilinx/12.3/ISE_DS/ISE/virtex5/data/virtex5.acd>

Using Flow File: C:/Workspace/TestSystem/implementation/fpga.flw 
Using Option File(s): 
 C:/Workspace/TestSystem/implementation/xflow.opt 

Creating Script File ... 

#----------------------------------------------#
# Starting program ngdbuild
# ngdbuild -p xc5vfx70tff1136-1 -nt timestamp -bm system.bmm
"C:/Workspace/TestSystem/implementation/system.ngc" -uc system.ucf system.ngd 
#----------------------------------------------#
Release 12.3 - ngdbuild M.70d (nt)
Copyright (c) 1995-2010 Xilinx, Inc.  All rights reserved.
PMSPEC -- Overriding Xilinx file
<C:/Xilinx/12.3/ISE_DS/EDK/virtex5/data/virtex5.acd> with local file
<C:/Xilinx/12.3/ISE_DS/ISE/virtex5/data/virtex5.acd>

Command Line: C:\Xilinx\12.3\ISE_DS\ISE\bin\nt\unwrapped\ngdbuild.exe -p
xc5vfx70tff1136-1 -nt timestamp -bm system.bmm
C:/Workspace/TestSystem/implementation/system.ngc -uc system.ucf system.ngd

Reading NGO file "C:/Workspace/TestSystem/implementation/system.ngc" ...
Gathering constraint information from source properties...
Done.

Annotating constraints to design from ucf file "system.ucf" ...
Resolving constraint associations...
Checking Constraint Associations...
WARNING:ConstraintSystem:56 - Constraint <AREA_GROUP "DDR_CAPTURE_FFS" GROUP =
   CLOSED;> [system.ucf(296)]: Unable to find an active 'Area_Group' constraint
   named 'DDR_CAPTURE_FFS'.

INFO:ConstraintSystem:178 - TNM 'sys_clk_pin', used in period specification
   'TS_sys_clk_pin', was traced into PLL_ADV instance
   clock_generator_0/PLL0_INST/Using_PLL_ADV.PLL_ADV_inst. The following new TNM
   groups and period specifications were generated at the PLL_ADV output(s): 
   CLKOUT0: <TIMESPEC TS_clock_generator_0_clock_generator_0_SIG_PLL0_CLKOUT0 =
   PERIOD "clock_generator_0_clock_generator_0_SIG_PLL0_CLKOUT0" TS_sys_clk_pin
   * 1.25 PHASE 2 ns HIGH 50%>

INFO:ConstraintSystem:178 - TNM 'sys_clk_pin', used in period specification
   'TS_sys_clk_pin', was traced into PLL_ADV instance
   clock_generator_0/PLL0_INST/Using_PLL_ADV.PLL_ADV_inst. The following new TNM
   groups and period specifications were generated at the PLL_ADV output(s): 
   CLKOUT1: <TIMESPEC TS_clock_generator_0_clock_generator_0_SIG_PLL0_CLKOUT1 =
   PERIOD "clock_generator_0_clock_generator_0_SIG_PLL0_CLKOUT1" TS_sys_clk_pin
   * 1.25 HIGH 50%>

INFO:ConstraintSystem:178 - TNM 'sys_clk_pin', used in period specification
   'TS_sys_clk_pin', was traced into PLL_ADV instance
   clock_generator_0/PLL0_INST/Using_PLL_ADV.PLL_ADV_inst. The following new TNM
   groups and period specifications were generated at the PLL_ADV output(s): 
   CLKOUT2: <TIMESPEC TS_clock_generator_0_clock_generator_0_SIG_PLL0_CLKOUT2 =
   PERIOD "clock_generator_0_clock_generator_0_SIG_PLL0_CLKOUT2" TS_sys_clk_pin
   * 1.25 HIGH 50%>

INFO:ConstraintSystem:178 - TNM 'sys_clk_pin', used in period specification
   'TS_sys_clk_pin', was traced into PLL_ADV instance
   clock_generator_0/PLL0_INST/Using_PLL_ADV.PLL_ADV_inst. The following new TNM
   groups and period specifications were generated at the PLL_ADV output(s): 
   CLKOUT3: <TIMESPEC TS_clock_generator_0_clock_generator_0_SIG_PLL0_CLKOUT3 =
   PERIOD "clock_generator_0_clock_generator_0_SIG_PLL0_CLKOUT3" TS_sys_clk_pin
   * 2 HIGH 50%>

INFO:ConstraintSystem:178 - TNM 'sys_clk_pin', used in period specification
   'TS_sys_clk_pin', was traced into PLL_ADV instance
   clock_generator_0/PLL0_INST/Using_PLL_ADV.PLL_ADV_inst. The following new TNM
   groups and period specifications were generated at the PLL_ADV output(s): 
   CLKOUT4: <TIMESPEC TS_clock_generator_0_clock_generator_0_SIG_PLL0_CLKOUT4 =
   PERIOD "clock_generator_0_clock_generator_0_SIG_PLL0_CLKOUT4" TS_sys_clk_pin
   * 0.625 HIGH 50%>

Done...

Processing BMM file "system.bmm" ...

Checking expanded design ...
WARNING:NgdBuild:443 - SFF primitive
   'xps_bram_if_cntlr_1/xps_bram_if_cntlr_1/INCLUDE_BURST_SUPPORT.I_SLAVE_BURST_
   ATTACH/I_DBEAT_CONTROL/I_DBEAT_CNTR/STRUCTURAL_A_GEN.I_ADDSUB_GEN[4].FDRE_I'
   has unconnected output pin
WARNING:NgdBuild:443 - SFF primitive
   'Ethernet_MAC/Ethernet_MAC/XEMAC_I/EMAC_I/COLLISION_SYNC' has unconnected
   output pin
WARNING:NgdBuild:443 - SFF primitive
   'Ethernet_MAC/Ethernet_MAC/XEMAC_I/XPS_IPIF_I/PLBV46_BURST_I/I_SLAVE_ATTACHME
   NT/I_DECODER/MEM_DECODE_GEN[0].GEN_PLB_SHARED.I_BKEND_CS_REG' has unconnected
   output pin
WARNING:NgdBuild:443 - SFF primitive
   'Ethernet_MAC/Ethernet_MAC/XEMAC_I/XPS_IPIF_I/PLBV46_BURST_I/I_SLAVE_ATTACHME
   NT/I_BURST_SUPPORT/RESPONSE_DBEAT_CNTR_I/STRUCTURAL_A_GEN.I_ADDSUB_GEN[7].FDR
   E_I' has unconnected output pin
WARNING:NgdBuild:443 - SFF primitive
   'Ethernet_MAC/Ethernet_MAC/XEMAC_I/XPS_IPIF_I/PLBV46_BURST_I/I_SLAVE_ATTACHME
   NT/I_BURST_SUPPORT/CONTROL_DBEAT_CNTR_I/STRUCTURAL_A_GEN.I_ADDSUB_GEN[7].FDRE
   _I' has unconnected output pin
WARNING:NgdBuild:443 - SFF primitive
   'Ethernet_MAC/Ethernet_MAC/XEMAC_I/XPS_IPIF_I/PLBV46_BURST_I/I_SLAVE_ATTACHME
   NT/I_BUS_ADDRESS_COUNTER/I_FLEX_ADDR_CNTR/LDMUX_FDRSE_0to3[0].I_FDRSE_BE0to3'
   has unconnected output pin
WARNING:NgdBuild:443 - SFF primitive
   'Ethernet_MAC/Ethernet_MAC/XEMAC_I/XPS_IPIF_I/PLBV46_BURST_I/I_SLAVE_ATTACHME
   NT/I_BUS_ADDRESS_COUNTER/I_FLEX_ADDR_CNTR/LDMUX_FDRSE_0to3[1].I_FDRSE_BE0to3'
   has unconnected output pin
WARNING:NgdBuild:443 - SFF primitive
   'Ethernet_MAC/Ethernet_MAC/XEMAC_I/XPS_IPIF_I/PLBV46_BURST_I/I_SLAVE_ATTACHME
   NT/I_BUS_ADDRESS_COUNTER/I_FLEX_ADDR_CNTR/LDMUX_FDRSE_0to3[2].I_FDRSE_BE0to3'
   has unconnected output pin
WARNING:NgdBuild:443 - SFF primitive
   'Ethernet_MAC/Ethernet_MAC/XEMAC_I/XPS_IPIF_I/PLBV46_BURST_I/I_SLAVE_ATTACHME
   NT/I_BUS_ADDRESS_COUNTER/I_FLEX_ADDR_CNTR/LDMUX_FDRSE_0to3[3].I_FDRSE_BE0to3'
   has unconnected output pin
WARNING:NgdBuild:443 - SFF primitive
   'Ethernet_MAC/Ethernet_MAC/XEMAC_I/XPS_IPIF_I/PLBV46_BURST_I/I_SLAVE_ATTACHME
   NT/I_BUS_ADDRESS_COUNTER/GEN_FOR_SHARED.GEN_S_H_SIZE_REG[0].I_SIZE_S_H_REG'
   has unconnected output pin
WARNING:NgdBuild:443 - SFF primitive
   'Ethernet_MAC/Ethernet_MAC/XEMAC_I/XPS_IPIF_I/PLBV46_BURST_I/I_SLAVE_ATTACHME
   NT/I_STEER_ADDRESS_COUNTER/GEN_FOR_SHARED.GEN_S_H_SIZE_REG[0].I_SIZE_S_H_REG'
   has unconnected output pin
WARNING:NgdBuild:443 - SFF primitive
   'DDR2_SDRAM/DDR2_SDRAM/u_ddr2_top/u_mem_if_top/u_phy_top/u_phy_io/u_phy_calib
   /gen_rden[1].u_calib_rden_r' has unconnected output pin
WARNING:NgdBuild:443 - SFF primitive
   'DDR2_SDRAM/DDR2_SDRAM/u_ddr2_top/u_mem_if_top/u_phy_top/u_phy_io/u_phy_calib
   /gen_rden[2].u_calib_rden_r' has unconnected output pin
WARNING:NgdBuild:443 - SFF primitive
   'DDR2_SDRAM/DDR2_SDRAM/u_ddr2_top/u_mem_if_top/u_phy_top/u_phy_io/u_phy_calib
   /gen_rden[3].u_calib_rden_r' has unconnected output pin
WARNING:NgdBuild:443 - SFF primitive
   'DDR2_SDRAM/DDR2_SDRAM/u_ddr2_top/u_mem_if_top/u_phy_top/u_phy_io/u_phy_calib
   /gen_rden[4].u_calib_rden_r' has unconnected output pin
WARNING:NgdBuild:443 - SFF primitive
   'DDR2_SDRAM/DDR2_SDRAM/u_ddr2_top/u_mem_if_top/u_phy_top/u_phy_io/u_phy_calib
   /gen_rden[5].u_calib_rden_r' has unconnected output pin
WARNING:NgdBuild:443 - SFF primitive
   'DDR2_SDRAM/DDR2_SDRAM/u_ddr2_top/u_mem_if_top/u_phy_top/u_phy_io/u_phy_calib
   /gen_rden[6].u_calib_rden_r' has unconnected output pin
WARNING:NgdBuild:443 - SFF primitive
   'DDR2_SDRAM/DDR2_SDRAM/u_ddr2_top/u_mem_if_top/u_phy_top/u_phy_io/u_phy_calib
   /gen_rden[7].u_calib_rden_r' has unconnected output pin
WARNING:NgdBuild:443 - SFF primitive
   'xps_timer_0/xps_timer_0/TC_CORE_I/TIMER_CONTROL_I/TCSR0_GENERATE[0].TCSR0_FF
   _I' has unconnected output pin
WARNING:NgdBuild:443 - SFF primitive
   'xps_timer_0/xps_timer_0/TC_CORE_I/TIMER_CONTROL_I/TCSR0_GENERATE[1].TCSR0_FF
   _I' has unconnected output pin
WARNING:NgdBuild:443 - SFF primitive
   'xps_timer_0/xps_timer_0/TC_CORE_I/TIMER_CONTROL_I/TCSR0_GENERATE[2].TCSR0_FF
   _I' has unconnected output pin
WARNING:NgdBuild:443 - SFF primitive
   'xps_timer_0/xps_timer_0/TC_CORE_I/TIMER_CONTROL_I/TCSR0_GENERATE[3].TCSR0_FF
   _I' has unconnected output pin
WARNING:NgdBuild:443 - SFF primitive
   'xps_timer_0/xps_timer_0/TC_CORE_I/TIMER_CONTROL_I/TCSR0_GENERATE[4].TCSR0_FF
   _I' has unconnected output pin
WARNING:NgdBuild:443 - SFF primitive
   'xps_timer_0/xps_timer_0/TC_CORE_I/TIMER_CONTROL_I/TCSR0_GENERATE[5].TCSR0_FF
   _I' has unconnected output pin
WARNING:NgdBuild:443 - SFF primitive
   'xps_timer_0/xps_timer_0/TC_CORE_I/TIMER_CONTROL_I/TCSR0_GENERATE[6].TCSR0_FF
   _I' has unconnected output pin
WARNING:NgdBuild:443 - SFF primitive
   'xps_timer_0/xps_timer_0/TC_CORE_I/TIMER_CONTROL_I/TCSR0_GENERATE[7].TCSR0_FF
   _I' has unconnected output pin
WARNING:NgdBuild:443 - SFF primitive
   'xps_timer_0/xps_timer_0/TC_CORE_I/TIMER_CONTROL_I/TCSR0_GENERATE[8].TCSR0_FF
   _I' has unconnected output pin
WARNING:NgdBuild:443 - SFF primitive
   'xps_timer_0/xps_timer_0/TC_CORE_I/TIMER_CONTROL_I/TCSR0_GENERATE[9].TCSR0_FF
   _I' has unconnected output pin
WARNING:NgdBuild:443 - SFF primitive
   'xps_timer_0/xps_timer_0/TC_CORE_I/TIMER_CONTROL_I/TCSR0_GENERATE[10].TCSR0_F
   F_I' has unconnected output pin
WARNING:NgdBuild:443 - SFF primitive
   'xps_timer_0/xps_timer_0/TC_CORE_I/TIMER_CONTROL_I/TCSR0_GENERATE[11].TCSR0_F
   F_I' has unconnected output pin
WARNING:NgdBuild:443 - SFF primitive
   'xps_timer_0/xps_timer_0/TC_CORE_I/TIMER_CONTROL_I/TCSR0_GENERATE[12].TCSR0_F
   F_I' has unconnected output pin
WARNING:NgdBuild:443 - SFF primitive
   'xps_timer_0/xps_timer_0/TC_CORE_I/TIMER_CONTROL_I/TCSR0_GENERATE[13].TCSR0_F
   F_I' has unconnected output pin
WARNING:NgdBuild:443 - SFF primitive
   'xps_timer_0/xps_timer_0/TC_CORE_I/TIMER_CONTROL_I/TCSR0_GENERATE[14].TCSR0_F
   F_I' has unconnected output pin
WARNING:NgdBuild:443 - SFF primitive
   'xps_timer_0/xps_timer_0/TC_CORE_I/TIMER_CONTROL_I/TCSR0_GENERATE[15].TCSR0_F
   F_I' has unconnected output pin
WARNING:NgdBuild:443 - SFF primitive
   'xps_timer_0/xps_timer_0/TC_CORE_I/TIMER_CONTROL_I/TCSR0_GENERATE[16].TCSR0_F
   F_I' has unconnected output pin
WARNING:NgdBuild:443 - SFF primitive
   'xps_timer_0/xps_timer_0/TC_CORE_I/TIMER_CONTROL_I/TCSR0_GENERATE[17].TCSR0_F
   F_I' has unconnected output pin
WARNING:NgdBuild:443 - SFF primitive
   'xps_timer_0/xps_timer_0/TC_CORE_I/TIMER_CONTROL_I/TCSR0_GENERATE[18].TCSR0_F
   F_I' has unconnected output pin
WARNING:NgdBuild:443 - SFF primitive
   'xps_timer_0/xps_timer_0/TC_CORE_I/TIMER_CONTROL_I/TCSR0_GENERATE[19].TCSR0_F
   F_I' has unconnected output pin
WARNING:NgdBuild:443 - SFF primitive
   'xps_timer_0/xps_timer_0/TC_CORE_I/TIMER_CONTROL_I/TCSR0_GENERATE[20].TCSR0_F
   F_I' has unconnected output pin
WARNING:NgdBuild:443 - SFF primitive
   'xps_timer_0/xps_timer_0/TC_CORE_I/TIMER_CONTROL_I/TCSR1_GENERATE[0].TCSR1_FF
   _I' has unconnected output pin
WARNING:NgdBuild:443 - SFF primitive
   'xps_timer_0/xps_timer_0/TC_CORE_I/TIMER_CONTROL_I/TCSR1_GENERATE[1].TCSR1_FF
   _I' has unconnected output pin
WARNING:NgdBuild:443 - SFF primitive
   'xps_timer_0/xps_timer_0/TC_CORE_I/TIMER_CONTROL_I/TCSR1_GENERATE[2].TCSR1_FF
   _I' has unconnected output pin
WARNING:NgdBuild:443 - SFF primitive
   'xps_timer_0/xps_timer_0/TC_CORE_I/TIMER_CONTROL_I/TCSR1_GENERATE[3].TCSR1_FF
   _I' has unconnected output pin
WARNING:NgdBuild:443 - SFF primitive
   'xps_timer_0/xps_timer_0/TC_CORE_I/TIMER_CONTROL_I/TCSR1_GENERATE[4].TCSR1_FF
   _I' has unconnected output pin
WARNING:NgdBuild:443 - SFF primitive
   'xps_timer_0/xps_timer_0/TC_CORE_I/TIMER_CONTROL_I/TCSR1_GENERATE[5].TCSR1_FF
   _I' has unconnected output pin
WARNING:NgdBuild:443 - SFF primitive
   'xps_timer_0/xps_timer_0/TC_CORE_I/TIMER_CONTROL_I/TCSR1_GENERATE[6].TCSR1_FF
   _I' has unconnected output pin
WARNING:NgdBuild:443 - SFF primitive
   'xps_timer_0/xps_timer_0/TC_CORE_I/TIMER_CONTROL_I/TCSR1_GENERATE[7].TCSR1_FF
   _I' has unconnected output pin
WARNING:NgdBuild:443 - SFF primitive
   'xps_timer_0/xps_timer_0/TC_CORE_I/TIMER_CONTROL_I/TCSR1_GENERATE[8].TCSR1_FF
   _I' has unconnected output pin
WARNING:NgdBuild:443 - SFF primitive
   'xps_timer_0/xps_timer_0/TC_CORE_I/TIMER_CONTROL_I/TCSR1_GENERATE[9].TCSR1_FF
   _I' has unconnected output pin
WARNING:NgdBuild:443 - SFF primitive
   'xps_timer_0/xps_timer_0/TC_CORE_I/TIMER_CONTROL_I/TCSR1_GENERATE[10].TCSR1_F
   F_I' has unconnected output pin
WARNING:NgdBuild:443 - SFF primitive
   'xps_timer_0/xps_timer_0/TC_CORE_I/TIMER_CONTROL_I/TCSR1_GENERATE[11].TCSR1_F
   F_I' has unconnected output pin
WARNING:NgdBuild:443 - SFF primitive
   'xps_timer_0/xps_timer_0/TC_CORE_I/TIMER_CONTROL_I/TCSR1_GENERATE[12].TCSR1_F
   F_I' has unconnected output pin
WARNING:NgdBuild:443 - SFF primitive
   'xps_timer_0/xps_timer_0/TC_CORE_I/TIMER_CONTROL_I/TCSR1_GENERATE[13].TCSR1_F
   F_I' has unconnected output pin
WARNING:NgdBuild:443 - SFF primitive
   'xps_timer_0/xps_timer_0/TC_CORE_I/TIMER_CONTROL_I/TCSR1_GENERATE[14].TCSR1_F
   F_I' has unconnected output pin
WARNING:NgdBuild:443 - SFF primitive
   'xps_timer_0/xps_timer_0/TC_CORE_I/TIMER_CONTROL_I/TCSR1_GENERATE[15].TCSR1_F
   F_I' has unconnected output pin
WARNING:NgdBuild:443 - SFF primitive
   'xps_timer_0/xps_timer_0/TC_CORE_I/TIMER_CONTROL_I/TCSR1_GENERATE[16].TCSR1_F
   F_I' has unconnected output pin
WARNING:NgdBuild:443 - SFF primitive
   'xps_timer_0/xps_timer_0/TC_CORE_I/TIMER_CONTROL_I/TCSR1_GENERATE[17].TCSR1_F
   F_I' has unconnected output pin
WARNING:NgdBuild:443 - SFF primitive
   'xps_timer_0/xps_timer_0/TC_CORE_I/TIMER_CONTROL_I/TCSR1_GENERATE[18].TCSR1_F
   F_I' has unconnected output pin
WARNING:NgdBuild:443 - SFF primitive
   'xps_timer_0/xps_timer_0/TC_CORE_I/TIMER_CONTROL_I/TCSR1_GENERATE[19].TCSR1_F
   F_I' has unconnected output pin
WARNING:NgdBuild:443 - SFF primitive
   'xps_timer_0/xps_timer_0/TC_CORE_I/TIMER_CONTROL_I/TCSR1_GENERATE[20].TCSR1_F
   F_I' has unconnected output pin
WARNING:NgdBuild:486 - Attribute "SIM_DEVICE" is not allowed on symbol
   "clock_generator_0/PLL0_INST/Using_PLL_ADV.PLL_ADV_inst" of type "PLL_ADV". 
   This attribute will be ignored.
WARNING:NgdBuild:452 - logical net 'N100' has no driver
WARNING:NgdBuild:452 - logical net 'N101' has no driver
WARNING:NgdBuild:452 - logical net 'N102' has no driver
WARNING:NgdBuild:452 - logical net 'N103' has no driver
WARNING:NgdBuild:452 - logical net 'N104' has no driver
WARNING:NgdBuild:452 - logical net 'N105' has no driver
WARNING:NgdBuild:452 - logical net 'N106' has no driver
WARNING:NgdBuild:452 - logical net 'N107' has no driver
WARNING:NgdBuild:452 - logical net 'N108' has no driver
WARNING:NgdBuild:452 - logical net 'N109' has no driver
WARNING:NgdBuild:452 - logical net 'N110' has no driver
WARNING:NgdBuild:452 - logical net 'N111' has no driver
WARNING:NgdBuild:452 - logical net 'N112' has no driver
WARNING:NgdBuild:452 - logical net 'N113' has no driver
WARNING:NgdBuild:452 - logical net 'N114' has no driver
WARNING:NgdBuild:452 - logical net 'N115' has no driver
WARNING:NgdBuild:452 - logical net 'N116' has no driver
WARNING:NgdBuild:452 - logical net 'N117' has no driver
WARNING:NgdBuild:452 - logical net 'N118' has no driver
WARNING:NgdBuild:452 - logical net 'N119' has no driver
WARNING:NgdBuild:452 - logical net 'N120' has no driver
WARNING:NgdBuild:452 - logical net 'N121' has no driver
WARNING:NgdBuild:452 - logical net 'N122' has no driver
WARNING:NgdBuild:452 - logical net 'N123' has no driver
WARNING:NgdBuild:452 - logical net 'N124' has no driver
WARNING:NgdBuild:452 - logical net 'N125' has no driver
WARNING:NgdBuild:452 - logical net 'N126' has no driver
WARNING:NgdBuild:452 - logical net 'N127' has no driver
WARNING:NgdBuild:452 - logical net 'N128' has no driver
WARNING:NgdBuild:452 - logical net 'N129' has no driver
WARNING:NgdBuild:452 - logical net 'N130' has no driver
WARNING:NgdBuild:452 - logical net 'N131' has no driver
WARNING:NgdBuild:452 - logical net 'N132' has no driver
WARNING:NgdBuild:452 - logical net 'N133' has no driver
WARNING:NgdBuild:452 - logical net 'N134' has no driver
WARNING:NgdBuild:452 - logical net 'N135' has no driver
WARNING:NgdBuild:452 - logical net 'N136' has no driver
WARNING:NgdBuild:452 - logical net 'N137' has no driver
WARNING:NgdBuild:452 - logical net 'N138' has no driver
WARNING:NgdBuild:452 - logical net 'N139' has no driver
WARNING:NgdBuild:452 - logical net 'N140' has no driver
WARNING:NgdBuild:452 - logical net 'N141' has no driver
WARNING:NgdBuild:452 - logical net 'N142' has no driver
WARNING:NgdBuild:452 - logical net 'N143' has no driver
WARNING:NgdBuild:452 - logical net 'N144' has no driver
WARNING:NgdBuild:452 - logical net 'N145' has no driver
WARNING:NgdBuild:452 - logical net 'N146' has no driver
WARNING:NgdBuild:452 - logical net 'N147' has no driver
WARNING:NgdBuild:452 - logical net 'N148' has no driver
WARNING:NgdBuild:452 - logical net 'N149' has no driver
WARNING:NgdBuild:452 - logical net 'N150' has no driver
WARNING:NgdBuild:452 - logical net 'N151' has no driver
WARNING:NgdBuild:452 - logical net 'N152' has no driver
WARNING:NgdBuild:452 - logical net 'N153' has no driver
WARNING:NgdBuild:452 - logical net 'N154' has no driver
WARNING:NgdBuild:452 - logical net 'N155' has no driver
WARNING:NgdBuild:452 - logical net 'N156' has no driver
WARNING:NgdBuild:452 - logical net 'N157' has no driver
WARNING:NgdBuild:452 - logical net 'N158' has no driver
WARNING:NgdBuild:452 - logical net 'N159' has no driver
WARNING:NgdBuild:452 - logical net 'N160' has no driver
WARNING:NgdBuild:452 - logical net 'N161' has no driver
WARNING:NgdBuild:452 - logical net 'N162' has no driver
WARNING:NgdBuild:452 - logical net 'N163' has no driver
WARNING:NgdBuild:452 - logical net 'N84' has no driver
WARNING:NgdBuild:452 - logical net 'N85' has no driver
WARNING:NgdBuild:452 - logical net 'N86' has no driver
WARNING:NgdBuild:452 - logical net 'N87' has no driver
WARNING:NgdBuild:452 - logical net 'N88' has no driver
WARNING:NgdBuild:452 - logical net 'N89' has no driver
WARNING:NgdBuild:452 - logical net 'N90' has no driver
WARNING:NgdBuild:452 - logical net 'N91' has no driver
WARNING:NgdBuild:452 - logical net 'N92' has no driver
WARNING:NgdBuild:452 - logical net 'N93' has no driver
WARNING:NgdBuild:452 - logical net 'N94' has no driver
WARNING:NgdBuild:452 - logical net 'N95' has no driver
WARNING:NgdBuild:452 - logical net 'N96' has no driver
WARNING:NgdBuild:452 - logical net 'N97' has no driver
WARNING:NgdBuild:452 - logical net 'N98' has no driver
WARNING:NgdBuild:452 - logical net 'N99' has no driver

Partition Implementation Status
-------------------------------

  No Partitions were found in this design.

-------------------------------

NGDBUILD Design Results Summary:
  Number of errors:     0
  Number of warnings: 142

Writing NGD file "system.ngd" ...
Total REAL time to NGDBUILD completion:  17 sec
Total CPU time to NGDBUILD completion:   16 sec

Writing NGDBUILD log file "system.bld"...

NGDBUILD done.



#----------------------------------------------#
# Starting program map
# map -o system_map.ncd -w -pr b -ol high -timing -detail system.ngd system.pcf 
#----------------------------------------------#
Release 12.3 - Map M.70d (nt)
Copyright (c) 1995-2010 Xilinx, Inc.  All rights reserved.
PMSPEC -- Overriding Xilinx file
<C:/Xilinx/12.3/ISE_DS/EDK/data/Xdh_PrimTypeLib.xda> with local file
<C:/Xilinx/12.3/ISE_DS/ISE/data/Xdh_PrimTypeLib.xda>
Using target part "5vfx70tff1136-1".
Mapping design into LUTs...
WARNING:MapLib:701 - Signal fpga_0_Ethernet_MAC_PHY_col_pin connected to top
   level port fpga_0_Ethernet_MAC_PHY_col_pin has been removed.
Writing file system_map.ngm...
WARNING:Pack:2874 - Trimming timing constraints from pin
   xps_bram_if_cntlr_1_bram/xps_bram_if_cntlr_1_bram/ramb36_0
   of frag REGCLKAU connected to power/ground net
   xps_bram_if_cntlr_1_bram/xps_bram_if_cntlr_1_bram/ramb36_0_REGCLKAU_tiesig
WARNING:Pack:2874 - Trimming timing constraints from pin
   xps_bram_if_cntlr_1_bram/xps_bram_if_cntlr_1_bram/ramb36_0
   of frag REGCLKAL connected to power/ground net
   xps_bram_if_cntlr_1_bram/xps_bram_if_cntlr_1_bram/ramb36_0_REGCLKAL_tiesig
WARNING:Pack:2874 - Trimming timing constraints from pin
   xps_bram_if_cntlr_1_bram/xps_bram_if_cntlr_1_bram/ramb36_1
   of frag REGCLKAU connected to power/ground net
   xps_bram_if_cntlr_1_bram/xps_bram_if_cntlr_1_bram/ramb36_1_REGCLKAU_tiesig
WARNING:Pack:2874 - Trimming timing constraints from pin
   xps_bram_if_cntlr_1_bram/xps_bram_if_cntlr_1_bram/ramb36_1
   of frag REGCLKAL connected to power/ground net
   xps_bram_if_cntlr_1_bram/xps_bram_if_cntlr_1_bram/ramb36_1_REGCLKAL_tiesig
WARNING:Pack:2874 - Trimming timing constraints from pin
   plb_bubblesort_arch_0/plb_bubblesort_arch_0/BubbleSort_arch_0/Sorter0/ram_0/M
   ram_mem_ren
   of frag REGCLKAU connected to power/ground net
   plb_bubblesort_arch_0/plb_bubblesort_arch_0/BubbleSort_arch_0/Sorter0/ram_0/M
   ram_mem_ren_REGCLKAU_tiesig
WARNING:Pack:2874 - Trimming timing constraints from pin
   plb_bubblesort_arch_0/plb_bubblesort_arch_0/BubbleSort_arch_0/Sorter0/ram_0/M
   ram_mem_ren
   of frag REGCLKAL connected to power/ground net
   plb_bubblesort_arch_0/plb_bubblesort_arch_0/BubbleSort_arch_0/Sorter0/ram_0/M
   ram_mem_ren_REGCLKAL_tiesig
WARNING:Pack:2874 - Trimming timing constraints from pin
   plb_bubblesort_arch_0/plb_bubblesort_arch_0/BubbleSort_arch_0/Sorter0/ram_0/M
   ram_mem_ren
   of frag REGCLKBU connected to power/ground net
   plb_bubblesort_arch_0/plb_bubblesort_arch_0/BubbleSort_arch_0/Sorter0/ram_0/M
   ram_mem_ren_REGCLKBU_tiesig
WARNING:Pack:2874 - Trimming timing constraints from pin
   plb_bubblesort_arch_0/plb_bubblesort_arch_0/BubbleSort_arch_0/Sorter0/ram_0/M
   ram_mem_ren
   of frag REGCLKBL connected to power/ground net
   plb_bubblesort_arch_0/plb_bubblesort_arch_0/BubbleSort_arch_0/Sorter0/ram_0/M
   ram_mem_ren_REGCLKBL_tiesig
WARNING:Pack:2874 - Trimming timing constraints from pin
   plb_bubblesort_arch_1/plb_bubblesort_arch_1/BubbleSort_arch_0/Sorter0/ram_0/M
   ram_mem_ren
   of frag REGCLKAU connected to power/ground net
   plb_bubblesort_arch_1/plb_bubblesort_arch_1/BubbleSort_arch_0/Sorter0/ram_0/M
   ram_mem_ren_REGCLKAU_tiesig
WARNING:Pack:2874 - Trimming timing constraints from pin
   plb_bubblesort_arch_1/plb_bubblesort_arch_1/BubbleSort_arch_0/Sorter0/ram_0/M
   ram_mem_ren
   of frag REGCLKAL connected to power/ground net
   plb_bubblesort_arch_1/plb_bubblesort_arch_1/BubbleSort_arch_0/Sorter0/ram_0/M
   ram_mem_ren_REGCLKAL_tiesig
WARNING:Pack:2874 - Trimming timing constraints from pin
   plb_bubblesort_arch_1/plb_bubblesort_arch_1/BubbleSort_arch_0/Sorter0/ram_0/M
   ram_mem_ren
   of frag REGCLKBU connected to power/ground net
   plb_bubblesort_arch_1/plb_bubblesort_arch_1/BubbleSort_arch_0/Sorter0/ram_0/M
   ram_mem_ren_REGCLKBU_tiesig
WARNING:Pack:2874 - Trimming timing constraints from pin
   plb_bubblesort_arch_1/plb_bubblesort_arch_1/BubbleSort_arch_0/Sorter0/ram_0/M
   ram_mem_ren
   of frag REGCLKBL connected to power/ground net
   plb_bubblesort_arch_1/plb_bubblesort_arch_1/BubbleSort_arch_0/Sorter0/ram_0/M
   ram_mem_ren_REGCLKBL_tiesig
WARNING:Pack:2874 - Trimming timing constraints from pin
   plb_bubblesort_arch_2/plb_bubblesort_arch_2/BubbleSort_arch_0/Sorter0/ram_0/M
   ram_mem_ren
   of frag REGCLKAU connected to power/ground net
   plb_bubblesort_arch_2/plb_bubblesort_arch_2/BubbleSort_arch_0/Sorter0/ram_0/M
   ram_mem_ren_REGCLKAU_tiesig
WARNING:Pack:2874 - Trimming timing constraints from pin
   plb_bubblesort_arch_2/plb_bubblesort_arch_2/BubbleSort_arch_0/Sorter0/ram_0/M
   ram_mem_ren
   of frag REGCLKAL connected to power/ground net
   plb_bubblesort_arch_2/plb_bubblesort_arch_2/BubbleSort_arch_0/Sorter0/ram_0/M
   ram_mem_ren_REGCLKAL_tiesig
WARNING:Pack:2874 - Trimming timing constraints from pin
   plb_bubblesort_arch_2/plb_bubblesort_arch_2/BubbleSort_arch_0/Sorter0/ram_0/M
   ram_mem_ren
   of frag REGCLKBU connected to power/ground net
   plb_bubblesort_arch_2/plb_bubblesort_arch_2/BubbleSort_arch_0/Sorter0/ram_0/M
   ram_mem_ren_REGCLKBU_tiesig
WARNING:Pack:2874 - Trimming timing constraints from pin
   plb_bubblesort_arch_2/plb_bubblesort_arch_2/BubbleSort_arch_0/Sorter0/ram_0/M
   ram_mem_ren
   of frag REGCLKBL connected to power/ground net
   plb_bubblesort_arch_2/plb_bubblesort_arch_2/BubbleSort_arch_0/Sorter0/ram_0/M
   ram_mem_ren_REGCLKBL_tiesig
WARNING:Pack:2874 - Trimming timing constraints from pin
   plb_bubblesort_arch_3/plb_bubblesort_arch_3/BubbleSort_arch_0/Sorter0/ram_0/M
   ram_mem_ren
   of frag REGCLKAU connected to power/ground net
   plb_bubblesort_arch_3/plb_bubblesort_arch_3/BubbleSort_arch_0/Sorter0/ram_0/M
   ram_mem_ren_REGCLKAU_tiesig
WARNING:Pack:2874 - Trimming timing constraints from pin
   plb_bubblesort_arch_3/plb_bubblesort_arch_3/BubbleSort_arch_0/Sorter0/ram_0/M
   ram_mem_ren
   of frag REGCLKAL connected to power/ground net
   plb_bubblesort_arch_3/plb_bubblesort_arch_3/BubbleSort_arch_0/Sorter0/ram_0/M
   ram_mem_ren_REGCLKAL_tiesig
WARNING:Pack:2874 - Trimming timing constraints from pin
   plb_bubblesort_arch_3/plb_bubblesort_arch_3/BubbleSort_arch_0/Sorter0/ram_0/M
   ram_mem_ren
   of frag REGCLKBU connected to power/ground net
   plb_bubblesort_arch_3/plb_bubblesort_arch_3/BubbleSort_arch_0/Sorter0/ram_0/M
   ram_mem_ren_REGCLKBU_tiesig
WARNING:Pack:2874 - Trimming timing constraints from pin
   plb_bubblesort_arch_3/plb_bubblesort_arch_3/BubbleSort_arch_0/Sorter0/ram_0/M
   ram_mem_ren
   of frag REGCLKBL connected to power/ground net
   plb_bubblesort_arch_3/plb_bubblesort_arch_3/BubbleSort_arch_0/Sorter0/ram_0/M
   ram_mem_ren_REGCLKBL_tiesig
WARNING:Pack:2874 - Trimming timing constraints from pin
   plb_bubblesort_arch_4/plb_bubblesort_arch_4/BubbleSort_arch_0/Sorter0/ram_0/M
   ram_mem_ren
   of frag REGCLKAU connected to power/ground net
   plb_bubblesort_arch_4/plb_bubblesort_arch_4/BubbleSort_arch_0/Sorter0/ram_0/M
   ram_mem_ren_REGCLKAU_tiesig
WARNING:Pack:2874 - Trimming timing constraints from pin
   plb_bubblesort_arch_4/plb_bubblesort_arch_4/BubbleSort_arch_0/Sorter0/ram_0/M
   ram_mem_ren
   of frag REGCLKAL connected to power/ground net
   plb_bubblesort_arch_4/plb_bubblesort_arch_4/BubbleSort_arch_0/Sorter0/ram_0/M
   ram_mem_ren_REGCLKAL_tiesig
WARNING:Pack:2874 - Trimming timing constraints from pin
   plb_bubblesort_arch_4/plb_bubblesort_arch_4/BubbleSort_arch_0/Sorter0/ram_0/M
   ram_mem_ren
   of frag REGCLKBU connected to power/ground net
   plb_bubblesort_arch_4/plb_bubblesort_arch_4/BubbleSort_arch_0/Sorter0/ram_0/M
   ram_mem_ren_REGCLKBU_tiesig
WARNING:Pack:2874 - Trimming timing constraints from pin
   plb_bubblesort_arch_4/plb_bubblesort_arch_4/BubbleSort_arch_0/Sorter0/ram_0/M
   ram_mem_ren
   of frag REGCLKBL connected to power/ground net
   plb_bubblesort_arch_4/plb_bubblesort_arch_4/BubbleSort_arch_0/Sorter0/ram_0/M
   ram_mem_ren_REGCLKBL_tiesig
Running directed packing...
Running delay-based LUT packing...
Updating timing models...
WARNING:Timing:3223 - Timing constraint TS_MC_RDEN_SEL_MUX = MAXDELAY FROM
   TIMEGRP "TNM_RDEN_SEL_MUX" TO TIMEGRP "TNM_CLK0" TS_MC_CLK * 4 ignored during
   timing analysis.
INFO:Map:215 - The Interim Design Summary has been generated in the MAP Report
   (.mrp).
Running timing-driven placement...
Total REAL time at the beginning of Placer: 40 secs 
Total CPU  time at the beginning of Placer: 35 secs 

Phase 1.1  Initial Placement Analysis
Phase 1.1  Initial Placement Analysis (Checksum:212053b5) REAL time: 45 secs 

Phase 2.7  Design Feasibility Check
Phase 2.7  Design Feasibility Check (Checksum:212053b5) REAL time: 45 secs 

Phase 3.31  Local Placement Optimization
Phase 3.31  Local Placement Optimization (Checksum:c1d5afe1) REAL time: 45 secs 

Phase 4.37  Local Placement Optimization
Phase 4.37  Local Placement Optimization (Checksum:f9fedd37) REAL time: 45 secs 

Phase 5.33  Local Placement Optimization
Phase 5.33  Local Placement Optimization (Checksum:f9fedd37) REAL time: 1 mins 41 secs 

Phase 6.32  Local Placement Optimization
Phase 6.32  Local Placement Optimization (Checksum:f9fedd37) REAL time: 1 mins 42 secs 

Phase 7.2  Initial Clock and IO Placement



There are 16 clock regions on the target FPGA device:
|------------------------------------------|------------------------------------------|
| CLOCKREGION_X0Y7:                        | CLOCKREGION_X1Y7:                        |
|   2 BUFRs available, 0 in use            |   2 BUFRs available, 0 in use            |
|   4 Regional Clock Spines, 0 in use      |   4 Regional Clock Spines, 0 in use      |
|   4 edge BUFIOs available, 0 in use      |   4 edge BUFIOs available, 0 in use      |
|   4 center BUFIOs available, 0 in use    |   0 center BUFIOs available, 0 in use    |
|                                          |                                          |
|------------------------------------------|------------------------------------------|
| CLOCKREGION_X0Y6:                        | CLOCKREGION_X1Y6:                        |
|   2 BUFRs available, 0 in use            |   2 BUFRs available, 0 in use            |
|   4 Regional Clock Spines, 0 in use      |   4 Regional Clock Spines, 0 in use      |
|   4 edge BUFIOs available, 3 in use      |   4 edge BUFIOs available, 0 in use      |
|   0 center BUFIOs available, 0 in use    |   0 center BUFIOs available, 0 in use    |
|                                          |                                          |
|------------------------------------------|------------------------------------------|
| CLOCKREGION_X0Y5:                        | CLOCKREGION_X1Y5:                        |
|   2 BUFRs available, 0 in use            |   2 BUFRs available, 0 in use            |
|   4 Regional Clock Spines, 0 in use      |   4 Regional Clock Spines, 0 in use      |
|   4 edge BUFIOs available, 0 in use      |   4 edge BUFIOs available, 0 in use      |
|   2 center BUFIOs available, 0 in use    |   0 center BUFIOs available, 0 in use    |
|                                          |                                          |
|------------------------------------------|------------------------------------------|
| CLOCKREGION_X0Y4:                        | CLOCKREGION_X1Y4:                        |
|   2 BUFRs available, 0 in use            |   2 BUFRs available, 0 in use            |
|   4 Regional Clock Spines, 0 in use      |   4 Regional Clock Spines, 0 in use      |
|   4 edge BUFIOs available, 0 in use      |   4 edge BUFIOs available, 0 in use      |
|   2 center BUFIOs available, 0 in use    |   0 center BUFIOs available, 0 in use    |
|                                          |                                          |
|------------------------------------------|------------------------------------------|
| CLOCKREGION_X0Y3:                        | CLOCKREGION_X1Y3:                        |
|   2 BUFRs available, 0 in use            |   2 BUFRs available, 0 in use            |
|   4 Regional Clock Spines, 0 in use      |   4 Regional Clock Spines, 0 in use      |
|   4 edge BUFIOs available, 0 in use      |   4 edge BUFIOs available, 0 in use      |
|   2 center BUFIOs available, 0 in use    |   0 center BUFIOs available, 0 in use    |
|                                          |                                          |
|------------------------------------------|------------------------------------------|
| CLOCKREGION_X0Y2:                        | CLOCKREGION_X1Y2:                        |
|   2 BUFRs available, 0 in use            |   2 BUFRs available, 0 in use            |
|   4 Regional Clock Spines, 0 in use      |   4 Regional Clock Spines, 0 in use      |
|   4 edge BUFIOs available, 3 in use      |   4 edge BUFIOs available, 0 in use      |
|   2 center BUFIOs available, 0 in use    |   0 center BUFIOs available, 0 in use    |
|                                          |                                          |
|------------------------------------------|------------------------------------------|
| CLOCKREGION_X0Y1:                        | CLOCKREGION_X1Y1:                        |
|   2 BUFRs available, 0 in use            |   2 BUFRs available, 0 in use            |
|   4 Regional Clock Spines, 0 in use      |   4 Regional Clock Spines, 0 in use      |
|   4 edge BUFIOs available, 2 in use      |   4 edge BUFIOs available, 0 in use      |
|   0 center BUFIOs available, 0 in use    |   0 center BUFIOs available, 0 in use    |
|                                          |                                          |
|------------------------------------------|------------------------------------------|
| CLOCKREGION_X0Y0:                        | CLOCKREGION_X1Y0:                        |
|   2 BUFRs available, 0 in use            |   2 BUFRs available, 0 in use            |
|   4 Regional Clock Spines, 0 in use      |   4 Regional Clock Spines, 0 in use      |
|   4 edge BUFIOs available, 0 in use      |   4 edge BUFIOs available, 0 in use      |
|   4 center BUFIOs available, 0 in use    |   0 center BUFIOs available, 0 in use    |
|                                          |                                          |
|------------------------------------------|------------------------------------------|


Clock-Region: <CLOCKREGION_X0Y1>
  key resource utilizations (used/available): edge-bufios - 2/4; bufrs - 0/2; regional-clock-spines - 0/4
|-----------------------------------------------------------------------------------------------------------------------------------------------------------
|       |    clock    | BRAM |     |    |        |        |       |       |       |      |      |     |      |
|       |    region   | FIFO | DCM | GT | ILOGIC | OLOGIC |   FF  |  LUTM |  LUTL | MULT | EMAC | PPC | PCIe | <- (Types of Resources in Clock Region)
|-------|-------------|------|-----|----|--------|--------|-------|-------|-------|------|------|-----|------|----------------------------------------------
|       | Upper Region|  24  |  2  |  0 |   60   |   60   |  3200 |  1600 |  4800 |   0  |   0  |  0  |   0  | <- Available resources in the upper region
|-------|-------------|------|-----|----|--------|--------|-------|-------|-------|------|------|-----|------|----------------------------------------------
|       |CurrentRegion|  24  |  4  |  0 |   40   |   40   |  3200 |  1600 |  4800 |   0  |   0  |  0  |   0  | <- Available resources in the current region
|-------|-------------|------|-----|----|--------|--------|-------|-------|-------|------|------|-----|------|----------------------------------------------
|       | Lower Region|  24  |  0  |  0 |   80   |   80   |  3200 |  1600 |  4800 |   0  |   0  |  0  |   0  | <- Available resources in the lower region
|-------|-------------|------|-----|----|--------|--------|-------|-------|-------|------|------|-----|------|----------------------------------------------
| clock |    region   |                                                                                      -----------------------------------------------
|  type |  expansion  |                                                                                      | <IO/Regional clock Net Name>
|-------|-------------|------|-----|----|--------|--------|-------|-------|-------|------|------|-----|------|----------------------------------------------
| BUFIO |             |   0  |  0  |  0 |    9   |    0   |     0 |     0 |     0 |   0  |   0  |  0  |   0  | "DDR2_SDRAM/DDR2_SDRAM/u_ddr2_top/u_mem_if_top/u_phy_top/u_phy_io/delayed_dqs<1>"
|-------|-------------|------|-----|----|--------|--------|-------|-------|-------|------|------|-----|------|----------------------------------------------
| BUFIO |             |   0  |  0  |  0 |    9   |    0   |     0 |     0 |     0 |   0  |   0  |  0  |   0  | "DDR2_SDRAM/DDR2_SDRAM/u_ddr2_top/u_mem_if_top/u_phy_top/u_phy_io/delayed_dqs<2>"
|-------|-------------|------|-----|----|--------|--------|-------|-------|-------|------|------|-----|------|----------------------------------------------


Clock-Region: <CLOCKREGION_X0Y2>
  key resource utilizations (used/available): edge-bufios - 3/4; center-bufios - 0/2; bufrs - 0/2; regional-clock-spines - 0/4
|-----------------------------------------------------------------------------------------------------------------------------------------------------------
|       |    clock    | BRAM |     |    |        |        |       |       |       |      |      |     |      |
|       |    region   | FIFO | DCM | GT | ILOGIC | OLOGIC |   FF  |  LUTM |  LUTL | MULT | EMAC | PPC | PCIe | <- (Types of Resources in Clock Region)
|-------|-------------|------|-----|----|--------|--------|-------|-------|-------|------|------|-----|------|----------------------------------------------
|       | Upper Region|   8  |  0  |  0 |   60   |   60   |  1280 |   640 |  1920 |   0  |   0  |  1  |   0  | <- Available resources in the upper region
|-------|-------------|------|-----|----|--------|--------|-------|-------|-------|------|------|-----|------|----------------------------------------------
|       |CurrentRegion|  24  |  2  |  0 |   60   |   60   |  3200 |  1600 |  4800 |   0  |   0  |  0  |   0  | <- Available resources in the current region
|-------|-------------|------|-----|----|--------|--------|-------|-------|-------|------|------|-----|------|----------------------------------------------
|       | Lower Region|  24  |  4  |  0 |   40   |   40   |  3200 |  1600 |  4800 |   0  |   0  |  0  |   0  | <- Available resources in the lower region
|-------|-------------|------|-----|----|--------|--------|-------|-------|-------|------|------|-----|------|----------------------------------------------
| clock |    region   |                                                                                      -----------------------------------------------
|  type |  expansion  |                                                                                      | <IO/Regional clock Net Name>
|-------|-------------|------|-----|----|--------|--------|-------|-------|-------|------|------|-----|------|----------------------------------------------
| BUFIO |             |   0  |  0  |  0 |    9   |    0   |     0 |     0 |     0 |   0  |   0  |  0  |   0  | "DDR2_SDRAM/DDR2_SDRAM/u_ddr2_top/u_mem_if_top/u_phy_top/u_phy_io/delayed_dqs<0>"
|-------|-------------|------|-----|----|--------|--------|-------|-------|-------|------|------|-----|------|----------------------------------------------
| BUFIO |             |   0  |  0  |  0 |    9   |    0   |     0 |     0 |     0 |   0  |   0  |  0  |   0  | "DDR2_SDRAM/DDR2_SDRAM/u_ddr2_top/u_mem_if_top/u_phy_top/u_phy_io/delayed_dqs<4>"
|-------|-------------|------|-----|----|--------|--------|-------|-------|-------|------|------|-----|------|----------------------------------------------
| BUFIO |             |   0  |  0  |  0 |    9   |    0   |     0 |     0 |     0 |   0  |   0  |  0  |   0  | "DDR2_SDRAM/DDR2_SDRAM/u_ddr2_top/u_mem_if_top/u_phy_top/u_phy_io/delayed_dqs<3>"
|-------|-------------|------|-----|----|--------|--------|-------|-------|-------|------|------|-----|------|----------------------------------------------


Clock-Region: <CLOCKREGION_X0Y6>
  key resource utilizations (used/available): edge-bufios - 3/4; bufrs - 0/2; regional-clock-spines - 0/4
|-----------------------------------------------------------------------------------------------------------------------------------------------------------
|       |    clock    | BRAM |     |    |        |        |       |       |       |      |      |     |      |
|       |    region   | FIFO | DCM | GT | ILOGIC | OLOGIC |   FF  |  LUTM |  LUTL | MULT | EMAC | PPC | PCIe | <- (Types of Resources in Clock Region)
|-------|-------------|------|-----|----|--------|--------|-------|-------|-------|------|------|-----|------|----------------------------------------------
|       | Upper Region|  24  |  0  |  0 |   80   |   80   |  3200 |  1600 |  4800 |   0  |   0  |  0  |   0  | <- Available resources in the upper region
|-------|-------------|------|-----|----|--------|--------|-------|-------|-------|------|------|-----|------|----------------------------------------------
|       |CurrentRegion|  24  |  4  |  0 |   40   |   40   |  3200 |  1600 |  4800 |   0  |   0  |  0  |   0  | <- Available resources in the current region
|-------|-------------|------|-----|----|--------|--------|-------|-------|-------|------|------|-----|------|----------------------------------------------
|       | Lower Region|  24  |  2  |  0 |   60   |   60   |  3200 |  1600 |  4800 |   0  |   0  |  0  |   0  | <- Available resources in the lower region
|-------|-------------|------|-----|----|--------|--------|-------|-------|-------|------|------|-----|------|----------------------------------------------
| clock |    region   |                                                                                      -----------------------------------------------
|  type |  expansion  |                                                                                      | <IO/Regional clock Net Name>
|-------|-------------|------|-----|----|--------|--------|-------|-------|-------|------|------|-----|------|----------------------------------------------
| BUFIO |             |   0  |  0  |  0 |    9   |    0   |     0 |     0 |     0 |   0  |   0  |  0  |   0  | "DDR2_SDRAM/DDR2_SDRAM/u_ddr2_top/u_mem_if_top/u_phy_top/u_phy_io/delayed_dqs<7>"
|-------|-------------|------|-----|----|--------|--------|-------|-------|-------|------|------|-----|------|----------------------------------------------
| BUFIO |             |   0  |  0  |  0 |    9   |    0   |     0 |     0 |     0 |   0  |   0  |  0  |   0  | "DDR2_SDRAM/DDR2_SDRAM/u_ddr2_top/u_mem_if_top/u_phy_top/u_phy_io/delayed_dqs<5>"
|-------|-------------|------|-----|----|--------|--------|-------|-------|-------|------|------|-----|------|----------------------------------------------
| BUFIO |             |   0  |  0  |  0 |    9   |    0   |     0 |     0 |     0 |   0  |   0  |  0  |   0  | "DDR2_SDRAM/DDR2_SDRAM/u_ddr2_top/u_mem_if_top/u_phy_top/u_phy_io/delayed_dqs<6>"
|-------|-------------|------|-----|----|--------|--------|-------|-------|-------|------|------|-----|------|----------------------------------------------




######################################################################################
# REGIONAL CLOCKING RESOURCE DISTRIBUTION UCF REPORT:
#
# Number of Regional Clocking Regions in the device: 16  (4 clock spines in each)
# Number of Regional Clock Networks used in this design: 8 (each network can be
# composed of up to 3 clock spines and cover up to 3 regional clock regions)
# 
######################################################################################

# IO-Clock "DDR2_SDRAM/DDR2_SDRAM/u_ddr2_top/u_mem_if_top/u_phy_top/u_phy_io/delayed_dqs<7>" driven by "BUFIO_X0Y27"
INST "DDR2_SDRAM/DDR2_SDRAM/u_ddr2_top/u_mem_if_top/u_phy_top/u_phy_io/gen_dqs[7].u_iob_dqs/u_bufio_dqs" LOC =
"BUFIO_X0Y27" ;
NET "DDR2_SDRAM/DDR2_SDRAM/u_ddr2_top/u_mem_if_top/u_phy_top/u_phy_io/delayed_dqs<7>" TNM_NET =
"TN_DDR2_SDRAM/DDR2_SDRAM/u_ddr2_top/u_mem_if_top/u_phy_top/u_phy_io/delayed_dqs<7>" ;
TIMEGRP "TN_DDR2_SDRAM/DDR2_SDRAM/u_ddr2_top/u_mem_if_top/u_phy_top/u_phy_io/delayed_dqs<7>" AREA_GROUP =
"CLKAG_DDR2_SDRAM/DDR2_SDRAM/u_ddr2_top/u_mem_if_top/u_phy_top/u_phy_io/delayed_dqs<7>" ;
AREA_GROUP "CLKAG_DDR2_SDRAM/DDR2_SDRAM/u_ddr2_top/u_mem_if_top/u_phy_top/u_phy_io/delayed_dqs<7>" RANGE =
CLOCKREGION_X0Y6;


# IO-Clock "DDR2_SDRAM/DDR2_SDRAM/u_ddr2_top/u_mem_if_top/u_phy_top/u_phy_io/delayed_dqs<0>" driven by "BUFIO_X0Y9"
INST "DDR2_SDRAM/DDR2_SDRAM/u_ddr2_top/u_mem_if_top/u_phy_top/u_phy_io/gen_dqs[0].u_iob_dqs/u_bufio_dqs" LOC =
"BUFIO_X0Y9" ;
NET "DDR2_SDRAM/DDR2_SDRAM/u_ddr2_top/u_mem_if_top/u_phy_top/u_phy_io/delayed_dqs<0>" TNM_NET =
"TN_DDR2_SDRAM/DDR2_SDRAM/u_ddr2_top/u_mem_if_top/u_phy_top/u_phy_io/delayed_dqs<0>" ;
TIMEGRP "TN_DDR2_SDRAM/DDR2_SDRAM/u_ddr2_top/u_mem_if_top/u_phy_top/u_phy_io/delayed_dqs<0>" AREA_GROUP =
"CLKAG_DDR2_SDRAM/DDR2_SDRAM/u_ddr2_top/u_mem_if_top/u_phy_top/u_phy_io/delayed_dqs<0>" ;
AREA_GROUP "CLKAG_DDR2_SDRAM/DDR2_SDRAM/u_ddr2_top/u_mem_if_top/u_phy_top/u_phy_io/delayed_dqs<0>" RANGE =
CLOCKREGION_X0Y2;


# IO-Clock "DDR2_SDRAM/DDR2_SDRAM/u_ddr2_top/u_mem_if_top/u_phy_top/u_phy_io/delayed_dqs<4>" driven by "BUFIO_X0Y11"
INST "DDR2_SDRAM/DDR2_SDRAM/u_ddr2_top/u_mem_if_top/u_phy_top/u_phy_io/gen_dqs[4].u_iob_dqs/u_bufio_dqs" LOC =
"BUFIO_X0Y11" ;
NET "DDR2_SDRAM/DDR2_SDRAM/u_ddr2_top/u_mem_if_top/u_phy_top/u_phy_io/delayed_dqs<4>" TNM_NET =
"TN_DDR2_SDRAM/DDR2_SDRAM/u_ddr2_top/u_mem_if_top/u_phy_top/u_phy_io/delayed_dqs<4>" ;
TIMEGRP "TN_DDR2_SDRAM/DDR2_SDRAM/u_ddr2_top/u_mem_if_top/u_phy_top/u_phy_io/delayed_dqs<4>" AREA_GROUP =
"CLKAG_DDR2_SDRAM/DDR2_SDRAM/u_ddr2_top/u_mem_if_top/u_phy_top/u_phy_io/delayed_dqs<4>" ;
AREA_GROUP "CLKAG_DDR2_SDRAM/DDR2_SDRAM/u_ddr2_top/u_mem_if_top/u_phy_top/u_phy_io/delayed_dqs<4>" RANGE =
CLOCKREGION_X0Y2;


# IO-Clock "DDR2_SDRAM/DDR2_SDRAM/u_ddr2_top/u_mem_if_top/u_phy_top/u_phy_io/delayed_dqs<1>" driven by "BUFIO_X0Y4"
INST "DDR2_SDRAM/DDR2_SDRAM/u_ddr2_top/u_mem_if_top/u_phy_top/u_phy_io/gen_dqs[1].u_iob_dqs/u_bufio_dqs" LOC =
"BUFIO_X0Y4" ;
NET "DDR2_SDRAM/DDR2_SDRAM/u_ddr2_top/u_mem_if_top/u_phy_top/u_phy_io/delayed_dqs<1>" TNM_NET =
"TN_DDR2_SDRAM/DDR2_SDRAM/u_ddr2_top/u_mem_if_top/u_phy_top/u_phy_io/delayed_dqs<1>" ;
TIMEGRP "TN_DDR2_SDRAM/DDR2_SDRAM/u_ddr2_top/u_mem_if_top/u_phy_top/u_phy_io/delayed_dqs<1>" AREA_GROUP =
"CLKAG_DDR2_SDRAM/DDR2_SDRAM/u_ddr2_top/u_mem_if_top/u_phy_top/u_phy_io/delayed_dqs<1>" ;
AREA_GROUP "CLKAG_DDR2_SDRAM/DDR2_SDRAM/u_ddr2_top/u_mem_if_top/u_phy_top/u_phy_io/delayed_dqs<1>" RANGE =
CLOCKREGION_X0Y1;


# IO-Clock "DDR2_SDRAM/DDR2_SDRAM/u_ddr2_top/u_mem_if_top/u_phy_top/u_phy_io/delayed_dqs<5>" driven by "BUFIO_X0Y25"
INST "DDR2_SDRAM/DDR2_SDRAM/u_ddr2_top/u_mem_if_top/u_phy_top/u_phy_io/gen_dqs[5].u_iob_dqs/u_bufio_dqs" LOC =
"BUFIO_X0Y25" ;
NET "DDR2_SDRAM/DDR2_SDRAM/u_ddr2_top/u_mem_if_top/u_phy_top/u_phy_io/delayed_dqs<5>" TNM_NET =
"TN_DDR2_SDRAM/DDR2_SDRAM/u_ddr2_top/u_mem_if_top/u_phy_top/u_phy_io/delayed_dqs<5>" ;
TIMEGRP "TN_DDR2_SDRAM/DDR2_SDRAM/u_ddr2_top/u_mem_if_top/u_phy_top/u_phy_io/delayed_dqs<5>" AREA_GROUP =
"CLKAG_DDR2_SDRAM/DDR2_SDRAM/u_ddr2_top/u_mem_if_top/u_phy_top/u_phy_io/delayed_dqs<5>" ;
AREA_GROUP "CLKAG_DDR2_SDRAM/DDR2_SDRAM/u_ddr2_top/u_mem_if_top/u_phy_top/u_phy_io/delayed_dqs<5>" RANGE =
CLOCKREGION_X0Y6;


# IO-Clock "DDR2_SDRAM/DDR2_SDRAM/u_ddr2_top/u_mem_if_top/u_phy_top/u_phy_io/delayed_dqs<2>" driven by "BUFIO_X0Y7"
INST "DDR2_SDRAM/DDR2_SDRAM/u_ddr2_top/u_mem_if_top/u_phy_top/u_phy_io/gen_dqs[2].u_iob_dqs/u_bufio_dqs" LOC =
"BUFIO_X0Y7" ;
NET "DDR2_SDRAM/DDR2_SDRAM/u_ddr2_top/u_mem_if_top/u_phy_top/u_phy_io/delayed_dqs<2>" TNM_NET =
"TN_DDR2_SDRAM/DDR2_SDRAM/u_ddr2_top/u_mem_if_top/u_phy_top/u_phy_io/delayed_dqs<2>" ;
TIMEGRP "TN_DDR2_SDRAM/DDR2_SDRAM/u_ddr2_top/u_mem_if_top/u_phy_top/u_phy_io/delayed_dqs<2>" AREA_GROUP =
"CLKAG_DDR2_SDRAM/DDR2_SDRAM/u_ddr2_top/u_mem_if_top/u_phy_top/u_phy_io/delayed_dqs<2>" ;
AREA_GROUP "CLKAG_DDR2_SDRAM/DDR2_SDRAM/u_ddr2_top/u_mem_if_top/u_phy_top/u_phy_io/delayed_dqs<2>" RANGE =
CLOCKREGION_X0Y1;


# IO-Clock "DDR2_SDRAM/DDR2_SDRAM/u_ddr2_top/u_mem_if_top/u_phy_top/u_phy_io/delayed_dqs<6>" driven by "BUFIO_X0Y26"
INST "DDR2_SDRAM/DDR2_SDRAM/u_ddr2_top/u_mem_if_top/u_phy_top/u_phy_io/gen_dqs[6].u_iob_dqs/u_bufio_dqs" LOC =
"BUFIO_X0Y26" ;
NET "DDR2_SDRAM/DDR2_SDRAM/u_ddr2_top/u_mem_if_top/u_phy_top/u_phy_io/delayed_dqs<6>" TNM_NET =
"TN_DDR2_SDRAM/DDR2_SDRAM/u_ddr2_top/u_mem_if_top/u_phy_top/u_phy_io/delayed_dqs<6>" ;
TIMEGRP "TN_DDR2_SDRAM/DDR2_SDRAM/u_ddr2_top/u_mem_if_top/u_phy_top/u_phy_io/delayed_dqs<6>" AREA_GROUP =
"CLKAG_DDR2_SDRAM/DDR2_SDRAM/u_ddr2_top/u_mem_if_top/u_phy_top/u_phy_io/delayed_dqs<6>" ;
AREA_GROUP "CLKAG_DDR2_SDRAM/DDR2_SDRAM/u_ddr2_top/u_mem_if_top/u_phy_top/u_phy_io/delayed_dqs<6>" RANGE =
CLOCKREGION_X0Y6;


# IO-Clock "DDR2_SDRAM/DDR2_SDRAM/u_ddr2_top/u_mem_if_top/u_phy_top/u_phy_io/delayed_dqs<3>" driven by "BUFIO_X0Y10"
INST "DDR2_SDRAM/DDR2_SDRAM/u_ddr2_top/u_mem_if_top/u_phy_top/u_phy_io/gen_dqs[3].u_iob_dqs/u_bufio_dqs" LOC =
"BUFIO_X0Y10" ;
NET "DDR2_SDRAM/DDR2_SDRAM/u_ddr2_top/u_mem_if_top/u_phy_top/u_phy_io/delayed_dqs<3>" TNM_NET =
"TN_DDR2_SDRAM/DDR2_SDRAM/u_ddr2_top/u_mem_if_top/u_phy_top/u_phy_io/delayed_dqs<3>" ;
TIMEGRP "TN_DDR2_SDRAM/DDR2_SDRAM/u_ddr2_top/u_mem_if_top/u_phy_top/u_phy_io/delayed_dqs<3>" AREA_GROUP =
"CLKAG_DDR2_SDRAM/DDR2_SDRAM/u_ddr2_top/u_mem_if_top/u_phy_top/u_phy_io/delayed_dqs<3>" ;
AREA_GROUP "CLKAG_DDR2_SDRAM/DDR2_SDRAM/u_ddr2_top/u_mem_if_top/u_phy_top/u_phy_io/delayed_dqs<3>" RANGE =
CLOCKREGION_X0Y2;


Phase 7.2  Initial Clock and IO Placement (Checksum:419bacf9) REAL time: 1 mins 43 secs 

Phase 8.36  Local Placement Optimization
Phase 8.36  Local Placement Optimization (Checksum:419bacf9) REAL time: 1 mins 43 secs 

Phase 9.30  Global Clock Region Assignment
Phase 9.30  Global Clock Region Assignment (Checksum:419bacf9) REAL time: 1 mins 43 secs 

Phase 10.3  Local Placement Optimization
Phase 10.3  Local Placement Optimization (Checksum:419bacf9) REAL time: 1 mins 44 secs 

Phase 11.5  Local Placement Optimization
Phase 11.5  Local Placement Optimization (Checksum:419bacf9) REAL time: 1 mins 44 secs 

Phase 12.8  Global Placement
..................................................................................................................................................
...........................................
.................................................................................................................................................
.......................
..............................
................
Phase 12.8  Global Placement (Checksum:a71f8e61) REAL time: 2 mins 16 secs 

Phase 13.29  Local Placement Optimization
Phase 13.29  Local Placement Optimization (Checksum:a71f8e61) REAL time: 2 mins 16 secs 

Phase 14.5  Local Placement Optimization
Phase 14.5  Local Placement Optimization (Checksum:a71f8e61) REAL time: 2 mins 17 secs 

Phase 15.18  Placement Optimization
Phase 15.18  Placement Optimization (Checksum:d5f6f067) REAL time: 2 mins 50 secs 

Phase 16.5  Local Placement Optimization
Phase 16.5  Local Placement Optimization (Checksum:d5f6f067) REAL time: 2 mins 51 secs 

Phase 17.34  Placement Validation
Phase 17.34  Placement Validation (Checksum:d5f6f067) REAL time: 2 mins 51 secs 

Total REAL time to Placer completion: 2 mins 52 secs 
Total CPU  time to Placer completion: 2 mins 45 secs 
Running post-placement packing...
Writing output files...

Design Summary:
Number of errors:      0
Number of warnings:   28
Slice Logic Utilization:
  Number of Slice Registers:                 5,626 out of  44,800   12%
    Number used as Flip Flops:               5,626
  Number of Slice LUTs:                      6,643 out of  44,800   14%
    Number used as logic:                    6,275 out of  44,800   14%
      Number using O6 output only:           5,299
      Number using O5 output only:             649
      Number using O5 and O6:                  327
    Number used as Memory:                     336 out of  13,120    2%
      Number used as Dual Port RAM:            262
        Number using O6 output only:            10
        Number using O5 output only:            20
        Number using O5 and O6:                232
      Number used as Single Port RAM:            4
        Number using O6 output only:             4
      Number used as Shift Register:            70
        Number using O6 output only:            70
    Number used as exclusive route-thru:        32
  Number of route-thrus:                       684
    Number using O6 output only:               680
    Number using O5 output only:                 3
    Number using O5 and O6:                      1

Slice Logic Distribution:
  Number of occupied Slices:                 3,503 out of  11,200   31%
  Number of LUT Flip Flop pairs used:        8,762
    Number with an unused Flip Flop:         3,136 out of   8,762   35%
    Number with an unused LUT:               2,119 out of   8,762   24%
    Number of fully used LUT-FF pairs:       3,507 out of   8,762   40%
    Number of unique control sets:             641
    Number of slice register sites lost
      to control set restrictions:           1,374 out of  44,800    3%

  A LUT Flip Flop pair for this architecture represents one LUT paired with
  one Flip Flop within a slice.  A control set is a unique combination of
  clock, reset, set, and enable signals for a registered element.
  The Slice Logic Distribution report is not meaningful if the design is
  over-mapped for a non-slice resource or if Placement fails.
  OVERMAPPING of BRAM resources should be ignored if the design is
  over-mapped for a non-BRAM resource or if placement fails.

IO Utilization:
  Number of bonded IOBs:                       136 out of     640   21%
    Number of LOCed IOBs:                      136 out of     136  100%
    IOB Flip Flops:                            285

Specific Feature Utilization:
  Number of BlockRAM/FIFO:                      14 out of     148    9%
    Number using BlockRAM only:                 12
    Number using FIFO only:                      2
    Total primitives used:
      Number of 36k BlockRAM used:              11
      Number of 18k BlockRAM used:               1
      Number of 36k FIFO used:                   2
    Total Memory used (KB):                    486 out of   5,328    9%
  Number of BUFG/BUFGCTRLs:                      5 out of      32   15%
    Number used as BUFGs:                        5
  Number of IDELAYCTRLs:                         3 out of      22   13%
  Number of BUFIOs:                              8 out of      80   10%
  Number of PLL_ADVs:                            1 out of       6   16%
  Number of PPC440s:                             1 out of       1  100%

Average Fanout of Non-Clock Nets:                3.44

Peak Memory Usage:  485 MB
Total REAL time to MAP completion:  3 mins 
Total CPU time to MAP completion:   2 mins 53 secs 

Mapping completed.
See MAP report file "system_map.mrp" for details.



#----------------------------------------------#
# Starting program par
# par -w -ol high system_map.ncd system.ncd system.pcf 
#----------------------------------------------#
Release 12.3 - par M.70d (nt)
Copyright (c) 1995-2010 Xilinx, Inc.  All rights reserved.
PMSPEC -- Overriding Xilinx file <C:/Xilinx/12.3/ISE_DS/EDK/data/parBmgr.acd> with local file
<C:/Xilinx/12.3/ISE_DS/ISE/data/parBmgr.acd>



Constraints file: system.pcf.
Loading device for application Rf_Device from file '5vfx70t.nph' in environment
C:\Xilinx\12.3\ISE_DS\ISE\;C:\Xilinx\12.3\ISE_DS\EDK.
   "system" is an NCD, version 3.2, device xc5vfx70t, package ff1136, speed -1

Initializing temperature to 85.000 Celsius. (default - Range: 0.000 to 85.000 Celsius)
Initializing voltage to 0.950 Volts. (default - Range: 0.950 to 1.050 Volts)


Device speed data version:  "PRODUCTION 1.71 2010-09-15".



Device Utilization Summary:

   Number of BUFGs                           5 out of 32     15%
   Number of BUFIOs                          8 out of 80     10%
   Number of FIFO36_72_EXPs                  2 out of 148     1%
      Number of LOCed FIFO36_72_EXPs         2 out of 2     100%

   Number of IDELAYCTRLs                     3 out of 22     13%
   Number of ILOGICs                        83 out of 800    10%
      Number of LOCed ILOGICs                8 out of 83      9%

   Number of External IOBs                 136 out of 640    21%
      Number of LOCed IOBs                 136 out of 136   100%

   Number of IODELAYs                       80 out of 800    10%
      Number of LOCed IODELAYs               8 out of 80     10%

   Number of JTAGPPCs                        1 out of 1     100%
   Number of OLOGICs                       122 out of 800    15%
   Number of PLL_ADVs                        1 out of 6      16%
   Number of PPC440s                         1 out of 1     100%
   Number of RAMB18X2s                       1 out of 148     1%
   Number of RAMB36_EXPs                    11 out of 148     7%
      Number of LOCed RAMB36_EXPs            2 out of 11     18%

   Number of Slices                       3503 out of 11200  31%
   Number of Slice Registers              5626 out of 44800  12%
      Number used as Flip Flops           5626
      Number used as Latches                 0
      Number used as LatchThrus              0

   Number of Slice LUTS                   6643 out of 44800  14%
   Number of Slice LUT-Flip Flop pairs    8762 out of 44800  19%


Overall effort level (-ol):   High 
Router effort level (-rl):    High 

WARNING:Timing:3223 - Timing constraint TS_MC_RDEN_SEL_MUX = MAXDELAY FROM TIMEGRP "TNM_RDEN_SEL_MUX" TO TIMEGRP       
   "TNM_CLK0" TS_MC_CLK * 4; ignored during timing analysis.
INFO:Timing:3386 - Intersecting Constraints found and resolved.  For more information, see the TSI report.  Please
   consult the Xilinx Command Line Tools User Guide for information on generating a TSI report.
Starting initial Timing Analysis.  REAL time: 20 secs 
Finished initial Timing Analysis.  REAL time: 20 secs 

WARNING:Par:288 - The signal xps_bram_if_cntlr_1_port_BRAM_Addr<30> has no load.  PAR will not attempt to route this
   signal.
WARNING:Par:288 - The signal xps_bram_if_cntlr_1_port_BRAM_Addr<31> has no load.  PAR will not attempt to route this
   signal.
Starting Router


Phase  1  : 41187 unrouted;      REAL time: 23 secs 
INFO:Route:538 - One or more MIG cores have been detected in your design and have been successfully
   placed and routed. These MIG core(s) have critical skew and delay requirements 
   that are independent of the user (UCF) timing constraints. These MIG-related timing 
   constraints have been successfully met in this design. However, the user must verify
   separately that all timing constraints specified in the UCF file have been met.


Phase  2  : 35670 unrouted;      REAL time: 26 secs 

Phase  3  : 13412 unrouted;      REAL time: 51 secs 

Phase  4  : 13420 unrouted; (Setup:0, Hold:422, Component Switching Limit:0)     REAL time: 1 mins 8 secs 

Updating file: system.ncd with current fully routed design.

Phase  5  : 0 unrouted; (Setup:0, Hold:430, Component Switching Limit:0)     REAL time: 1 mins 18 secs 

Phase  6  : 0 unrouted; (Setup:0, Hold:430, Component Switching Limit:0)     REAL time: 1 mins 18 secs 

Phase  7  : 0 unrouted; (Setup:0, Hold:430, Component Switching Limit:0)     REAL time: 1 mins 18 secs 

Phase  8  : 0 unrouted; (Setup:0, Hold:430, Component Switching Limit:0)     REAL time: 1 mins 18 secs 

Phase  9  : 0 unrouted; (Setup:0, Hold:0, Component Switching Limit:0)     REAL time: 1 mins 18 secs 

Phase 10  : 0 unrouted; (Setup:0, Hold:0, Component Switching Limit:0)     REAL time: 1 mins 21 secs 
Total REAL time to Router completion: 1 mins 21 secs 
Total CPU time to Router completion: 1 mins 24 secs 

Partition Implementation Status
-------------------------------

  No Partitions were found in this design.

-------------------------------

Generating "PAR" statistics.

**************************
Generating Clock Report
**************************
WARNING:ParHelpers:81 - 
   The following Clock signals have USELOWSKEWLINES constraint
   specified. The router was not able to completely route using
   the LOW SKEW resources. Check the timing report to verify the
   delay and skew for this net.
Net Name: fpga_0_Ethernet_MAC_PHY_rx_clk_pin_IBUF

+---------------------+--------------+------+------+------------+-------------+
|        Clock Net    |   Resource   |Locked|Fanout|Net Skew(ns)|Max Delay(ns)|
+---------------------+--------------+------+------+------------+-------------+
|clk_125_0000MHzPLL0_ |              |      |      |            |             |
|              ADJUST | BUFGCTRL_X0Y2| No   | 1852 |  0.633     |  2.172      |
+---------------------+--------------+------+------+------------+-------------+
|clk_62_5000MHzPLL0_A |              |      |      |            |             |
|               DJUST | BUFGCTRL_X0Y4| No   |  517 |  0.511     |  2.057      |
+---------------------+--------------+------+------+------------+-------------+
|clk_125_0000MHz90PLL |              |      |      |            |             |
|            0_ADJUST | BUFGCTRL_X0Y0| No   |  170 |  0.275     |  2.028      |
+---------------------+--------------+------+------+------------+-------------+
|     clk_200_0000MHz | BUFGCTRL_X0Y3| No   |    4 |  0.128     |  1.879      |
+---------------------+--------------+------+------+------------+-------------+
|DDR2_SDRAM/DDR2_SDRA |              |      |      |            |             |
|M/u_ddr2_top/u_mem_i |              |      |      |            |             |
|f_top/u_phy_top/u_ph |              |      |      |            |             |
| y_io/delayed_dqs<0> |        IO Clk| No   |   17 |  0.095     |  0.419      |
+---------------------+--------------+------+------+------------+-------------+
|DDR2_SDRAM/DDR2_SDRA |              |      |      |            |             |
|M/u_ddr2_top/u_mem_i |              |      |      |            |             |
|f_top/u_phy_top/u_ph |              |      |      |            |             |
| y_io/delayed_dqs<1> |        IO Clk| No   |   17 |  0.083     |  0.380      |
+---------------------+--------------+------+------+------------+-------------+
|DDR2_SDRAM/DDR2_SDRA |              |      |      |            |             |
|M/u_ddr2_top/u_mem_i |              |      |      |            |             |
|f_top/u_phy_top/u_ph |              |      |      |            |             |
| y_io/delayed_dqs<2> |        IO Clk| No   |   17 |  0.101     |  0.425      |
+---------------------+--------------+------+------+------------+-------------+
|DDR2_SDRAM/DDR2_SDRA |              |      |      |            |             |
|M/u_ddr2_top/u_mem_i |              |      |      |            |             |
|f_top/u_phy_top/u_ph |              |      |      |            |             |
| y_io/delayed_dqs<3> |        IO Clk| No   |   17 |  0.107     |  0.404      |
+---------------------+--------------+------+------+------------+-------------+
|DDR2_SDRAM/DDR2_SDRA |              |      |      |            |             |
|M/u_ddr2_top/u_mem_i |              |      |      |            |             |
|f_top/u_phy_top/u_ph |              |      |      |            |             |
| y_io/delayed_dqs<5> |        IO Clk| No   |   17 |  0.101     |  0.425      |
+---------------------+--------------+------+------+------------+-------------+
|DDR2_SDRAM/DDR2_SDRA |              |      |      |            |             |
|M/u_ddr2_top/u_mem_i |              |      |      |            |             |
|f_top/u_phy_top/u_ph |              |      |      |            |             |
| y_io/delayed_dqs<4> |        IO Clk| No   |   17 |  0.101     |  0.425      |
+---------------------+--------------+------+------+------------+-------------+
|DDR2_SDRAM/DDR2_SDRA |              |      |      |            |             |
|M/u_ddr2_top/u_mem_i |              |      |      |            |             |
|f_top/u_phy_top/u_ph |              |      |      |            |             |
| y_io/delayed_dqs<6> |        IO Clk| No   |   17 |  0.096     |  0.393      |
+---------------------+--------------+------+------+------------+-------------+
|DDR2_SDRAM/DDR2_SDRA |              |      |      |            |             |
|M/u_ddr2_top/u_mem_i |              |      |      |            |             |
|f_top/u_phy_top/u_ph |              |      |      |            |             |
| y_io/delayed_dqs<7> |        IO Clk| No   |   17 |  0.101     |  0.425      |
+---------------------+--------------+------+------+------------+-------------+
| clk_125_0000MHzPLL0 | BUFGCTRL_X0Y1| No   |    2 |  0.000     |  1.739      |
+---------------------+--------------+------+------+------------+-------------+
|xps_timer_0_Interrup |              |      |      |            |             |
|                   t |         Local|      |    1 |  0.000     |  1.074      |
+---------------------+--------------+------+------+------------+-------------+
|Ethernet_MAC/Etherne |              |      |      |            |             |
|  t_MAC/phy_tx_clk_i |         Local|      |   21 |  2.491     |  4.735      |
+---------------------+--------------+------+------+------------+-------------+
|Ethernet_MAC_IP2INTC |              |      |      |            |             |
|               _Irpt |         Local|      |    1 |  0.000     |  1.527      |
+---------------------+--------------+------+------+------------+-------------+
|fpga_0_Ethernet_MAC_ |              |      |      |            |             |
| PHY_rx_clk_pin_IBUF |         Local|      |   19 |  1.407     |  3.189      |
+---------------------+--------------+------+------+------------+-------------+
|ppc440_0_jtagppc_bus |              |      |      |            |             |
|         _JTGC405TCK |         Local|      |    1 |  0.000     |  1.678      |
+---------------------+--------------+------+------+------------+-------------+

* Net Skew is the difference between the minimum and maximum routing
only delays for the net. Note this is different from Clock Skew which
is reported in TRCE timing report. Clock Skew is the difference between
the minimum and maximum path delays which includes logic delays.

Timing Score: 0 (Setup: 0, Hold: 0, Component Switching Limit: 0)

Number of Timing Constraints that were not applied: 4

Asterisk (*) preceding a constraint indicates it was not met.
   This may be due to a setup or hold violation.

----------------------------------------------------------------------------------------------------------
  Constraint                                |    Check    | Worst Case |  Best Case | Timing |   Timing   
                                            |             |    Slack   | Achievable | Errors |    Score   
----------------------------------------------------------------------------------------------------------
  NET         "DDR2_SDRAM/DDR2_SDRAM/u_ddr2 | MAXDELAY    |     0.012ns|     0.838ns|       0|           0
  _top/u_mem_if_top/u_phy_top/u_phy_io/gen_ |             |            |            |        |            
  dqs[7].u_iob_dqs/en_dqs_sync"         MAX |             |            |            |        |            
  DELAY = 0.85 ns                           |             |            |            |        |            
----------------------------------------------------------------------------------------------------------
  TS_DQ_CE = MAXDELAY FROM TIMEGRP "TNM_DQ_ | SETUP       |     0.026ns|     1.874ns|       0|           0
  CE_IDDR" TO TIMEGRP "TNM_DQS_FLOPS"       | HOLD        |     0.998ns|            |       0|           0
     1.9 ns                                 |             |            |            |        |            
----------------------------------------------------------------------------------------------------------
  NET         "DDR2_SDRAM/DDR2_SDRAM/u_ddr2 | MAXDELAY    |     0.045ns|     0.805ns|       0|           0
  _top/u_mem_if_top/u_phy_top/u_phy_io/gen_ |             |            |            |        |            
  dqs[1].u_iob_dqs/en_dqs_sync"         MAX |             |            |            |        |            
  DELAY = 0.85 ns                           |             |            |            |        |            
----------------------------------------------------------------------------------------------------------
  NET         "DDR2_SDRAM/DDR2_SDRAM/u_ddr2 | MAXDELAY    |     0.045ns|     0.805ns|       0|           0
  _top/u_mem_if_top/u_phy_top/u_phy_io/gen_ |             |            |            |        |            
  dqs[0].u_iob_dqs/en_dqs_sync"         MAX |             |            |            |        |            
  DELAY = 0.85 ns                           |             |            |            |        |            
----------------------------------------------------------------------------------------------------------
  NET         "DDR2_SDRAM/DDR2_SDRAM/u_ddr2 | MAXDELAY    |     0.045ns|     0.805ns|       0|           0
  _top/u_mem_if_top/u_phy_top/u_phy_io/gen_ |             |            |            |        |            
  dqs[5].u_iob_dqs/en_dqs_sync"         MAX |             |            |            |        |            
  DELAY = 0.85 ns                           |             |            |            |        |            
----------------------------------------------------------------------------------------------------------
  NET         "DDR2_SDRAM/DDR2_SDRAM/u_ddr2 | MAXDELAY    |     0.047ns|     0.803ns|       0|           0
  _top/u_mem_if_top/u_phy_top/u_phy_io/gen_ |             |            |            |        |            
  dqs[2].u_iob_dqs/en_dqs_sync"         MAX |             |            |            |        |            
  DELAY = 0.85 ns                           |             |            |            |        |            
----------------------------------------------------------------------------------------------------------
  NET         "DDR2_SDRAM/DDR2_SDRAM/u_ddr2 | MAXDELAY    |     0.047ns|     0.803ns|       0|           0
  _top/u_mem_if_top/u_phy_top/u_phy_io/gen_ |             |            |            |        |            
  dqs[3].u_iob_dqs/en_dqs_sync"         MAX |             |            |            |        |            
  DELAY = 0.85 ns                           |             |            |            |        |            
----------------------------------------------------------------------------------------------------------
  NET         "DDR2_SDRAM/DDR2_SDRAM/u_ddr2 | MAXDELAY    |     0.047ns|     0.803ns|       0|           0
  _top/u_mem_if_top/u_phy_top/u_phy_io/gen_ |             |            |            |        |            
  dqs[4].u_iob_dqs/en_dqs_sync"         MAX |             |            |            |        |            
  DELAY = 0.85 ns                           |             |            |            |        |            
----------------------------------------------------------------------------------------------------------
  NET         "DDR2_SDRAM/DDR2_SDRAM/u_ddr2 | MAXDELAY    |     0.047ns|     0.803ns|       0|           0
  _top/u_mem_if_top/u_phy_top/u_phy_io/gen_ |             |            |            |        |            
  dqs[6].u_iob_dqs/en_dqs_sync"         MAX |             |            |            |        |            
  DELAY = 0.85 ns                           |             |            |            |        |            
----------------------------------------------------------------------------------------------------------
  TS_clock_generator_0_clock_generator_0_SI | SETUP       |     0.052ns|     7.948ns|       0|           0
  G_PLL0_CLKOUT2 = PERIOD TIMEGRP         " | HOLD        |     0.011ns|            |       0|           0
  clock_generator_0_clock_generator_0_SIG_P |             |            |            |        |            
  LL0_CLKOUT2" TS_sys_clk_pin         * 1.2 |             |            |            |        |            
  5 HIGH 50%                                |             |            |            |        |            
----------------------------------------------------------------------------------------------------------
  NET         "DDR2_SDRAM/DDR2_SDRAM/u_ddr2 | MAXDELAY    |     0.068ns|     0.532ns|       0|           0
  _top/u_mem_if_top/u_phy_top/u_phy_io/en_d |             |            |            |        |            
  qs<1>"         MAXDELAY = 0.6 ns          |             |            |            |        |            
----------------------------------------------------------------------------------------------------------
  NET         "DDR2_SDRAM/DDR2_SDRAM/u_ddr2 | MAXDELAY    |     0.071ns|     0.529ns|       0|           0
  _top/u_mem_if_top/u_phy_top/u_phy_io/en_d |             |            |            |        |            
  qs<2>"         MAXDELAY = 0.6 ns          |             |            |            |        |            
----------------------------------------------------------------------------------------------------------
  NET         "DDR2_SDRAM/DDR2_SDRAM/u_ddr2 | MAXDELAY    |     0.071ns|     0.529ns|       0|           0
  _top/u_mem_if_top/u_phy_top/u_phy_io/en_d |             |            |            |        |            
  qs<0>"         MAXDELAY = 0.6 ns          |             |            |            |        |            
----------------------------------------------------------------------------------------------------------
  NET         "DDR2_SDRAM/DDR2_SDRAM/u_ddr2 | MAXDELAY    |     0.071ns|     0.529ns|       0|           0
  _top/u_mem_if_top/u_phy_top/u_phy_io/en_d |             |            |            |        |            
  qs<3>"         MAXDELAY = 0.6 ns          |             |            |            |        |            
----------------------------------------------------------------------------------------------------------
  NET         "DDR2_SDRAM/DDR2_SDRAM/u_ddr2 | MAXDELAY    |     0.071ns|     0.529ns|       0|           0
  _top/u_mem_if_top/u_phy_top/u_phy_io/en_d |             |            |            |        |            
  qs<4>"         MAXDELAY = 0.6 ns          |             |            |            |        |            
----------------------------------------------------------------------------------------------------------
  NET         "DDR2_SDRAM/DDR2_SDRAM/u_ddr2 | MAXDELAY    |     0.071ns|     0.529ns|       0|           0
  _top/u_mem_if_top/u_phy_top/u_phy_io/en_d |             |            |            |        |            
  qs<5>"         MAXDELAY = 0.6 ns          |             |            |            |        |            
----------------------------------------------------------------------------------------------------------
  NET         "DDR2_SDRAM/DDR2_SDRAM/u_ddr2 | MAXDELAY    |     0.071ns|     0.529ns|       0|           0
  _top/u_mem_if_top/u_phy_top/u_phy_io/en_d |             |            |            |        |            
  qs<6>"         MAXDELAY = 0.6 ns          |             |            |            |        |            
----------------------------------------------------------------------------------------------------------
  NET         "DDR2_SDRAM/DDR2_SDRAM/u_ddr2 | MAXDELAY    |     0.071ns|     0.529ns|       0|           0
  _top/u_mem_if_top/u_phy_top/u_phy_io/en_d |             |            |            |        |            
  qs<7>"         MAXDELAY = 0.6 ns          |             |            |            |        |            
----------------------------------------------------------------------------------------------------------
  TS_MC_CLK = PERIOD TIMEGRP "mc_clk" 5 ns  | MINPERIOD   |     1.010ns|     3.990ns|       0|           0
  HIGH 50%                                  |             |            |            |        |            
----------------------------------------------------------------------------------------------------------
  NET "Ethernet_MAC/Ethernet_MAC/phy_tx_clk | NETSKEW     |     1.265ns|     4.735ns|       0|           0
  _i" MAXSKEW = 6 ns                        |             |            |            |        |            
----------------------------------------------------------------------------------------------------------
  TS_clock_generator_0_clock_generator_0_SI | SETUP       |     2.278ns|     4.878ns|       0|           0
  G_PLL0_CLKOUT0 = PERIOD TIMEGRP         " | HOLD        |     0.451ns|            |       0|           0
  clock_generator_0_clock_generator_0_SIG_P |             |            |            |        |            
  LL0_CLKOUT0" TS_sys_clk_pin         * 1.2 |             |            |            |        |            
  5 PHASE 2 ns HIGH 50%                     |             |            |            |        |            
----------------------------------------------------------------------------------------------------------
  TS_sys_clk_pin = PERIOD TIMEGRP "sys_clk_ | MINLOWPULSE |     6.000ns|     4.000ns|       0|           0
  pin" 100 MHz HIGH 50%                     |             |            |            |        |            
----------------------------------------------------------------------------------------------------------
  TS_clock_generator_0_clock_generator_0_SI | SETUP       |     3.644ns|     1.356ns|       0|           0
  G_PLL0_CLKOUT3 = PERIOD TIMEGRP         " | HOLD        |     0.476ns|            |       0|           0
  clock_generator_0_clock_generator_0_SIG_P | MINPERIOD   |     3.334ns|     1.666ns|       0|           0
  LL0_CLKOUT3" TS_sys_clk_pin         * 2 H |             |            |            |        |            
  IGH 50%                                   |             |            |            |        |            
----------------------------------------------------------------------------------------------------------
  TS_clock_generator_0_clock_generator_0_SI | SETUP       |     3.638ns|     8.724ns|       0|           0
  G_PLL0_CLKOUT4 = PERIOD TIMEGRP         " | HOLD        |     0.142ns|            |       0|           0
  clock_generator_0_clock_generator_0_SIG_P |             |            |            |        |            
  LL0_CLKOUT4" TS_sys_clk_pin         * 0.6 |             |            |            |        |            
  25 HIGH 50%                               |             |            |            |        |            
----------------------------------------------------------------------------------------------------------
  NET "fpga_0_Ethernet_MAC_PHY_rx_clk_pin_I | NETSKEW     |     4.469ns|     1.531ns|       0|           0
  BUF" MAXSKEW = 6 ns                       |             |            |            |        |            
----------------------------------------------------------------------------------------------------------
  TS_clock_generator_0_clock_generator_0_SI | MINPERIOD   |     4.900ns|     3.100ns|       0|           0
  G_PLL0_CLKOUT1 = PERIOD TIMEGRP         " |             |            |            |        |            
  clock_generator_0_clock_generator_0_SIG_P |             |            |            |        |            
  LL0_CLKOUT1" TS_sys_clk_pin         * 1.2 |             |            |            |        |            
  5 HIGH 50%                                |             |            |            |        |            
----------------------------------------------------------------------------------------------------------
  TSTXOUT_Ethernet_MAC = MAXDELAY FROM TIME | MAXDELAY    |     7.423ns|     2.577ns|       0|           0
  GRP "TXCLK_GRP_Ethernet_MAC" TO         T |             |            |            |        |            
  IMEGRP "PADS" 10 ns                       |             |            |            |        |            
----------------------------------------------------------------------------------------------------------
  OFFSET = IN 6 ns BEFORE COMP "fpga_0_Ethe | SETUP       |     8.250ns|    -2.250ns|       0|           0
  rnet_MAC_PHY_rx_clk_pin"                  |             |            |            |        |            
----------------------------------------------------------------------------------------------------------
  NET "fpga_0_Ethernet_MAC_PHY_rx_clk_pin_I | SETUP       |     9.343ns|    13.305ns|       0|           0
  BUF" PERIOD = 40 ns HIGH 14 ns            | HOLD        |     0.449ns|            |       0|           0
----------------------------------------------------------------------------------------------------------
  NET "Ethernet_MAC/Ethernet_MAC/phy_tx_clk | SETUP       |     9.606ns|    12.554ns|       0|           0
  _i" PERIOD = 40 ns HIGH 14 ns             | HOLD        |     0.108ns|            |       0|           0
----------------------------------------------------------------------------------------------------------
  TS_MC_PHY_INIT_DATA_SEL_90 = MAXDELAY FRO | SETUP       |    14.181ns|     5.819ns|       0|           0
  M TIMEGRP "TNM_PHY_INIT_DATA_SEL" TO      | HOLD        |     0.181ns|            |       0|           0
      TIMEGRP "TNM_CLK90" TS_MC_CLK * 4     |             |            |            |        |            
----------------------------------------------------------------------------------------------------------
  TS_MC_RD_DATA_SEL = MAXDELAY FROM TIMEGRP | SETUP       |    15.737ns|     4.263ns|       0|           0
   "TNM_RD_DATA_SEL" TO TIMEGRP         "TN | HOLD        |     0.652ns|            |       0|           0
  M_CLK0" TS_MC_CLK * 4                     |             |            |            |        |            
----------------------------------------------------------------------------------------------------------
  TS_MC_PHY_INIT_DATA_SEL_0 = MAXDELAY FROM | SETUP       |    16.020ns|     3.980ns|       0|           0
   TIMEGRP "TNM_PHY_INIT_DATA_SEL" TO       | HOLD        |     0.497ns|            |       0|           0
     TIMEGRP "TNM_CLK0" TS_MC_CLK * 4       |             |            |            |        |            
----------------------------------------------------------------------------------------------------------
  TS_MC_GATE_DLY = MAXDELAY FROM TIMEGRP "T | SETUP       |    17.665ns|     2.335ns|       0|           0
  NM_GATE_DLY" TO TIMEGRP "TNM_CLK0"        | HOLD        |     0.023ns|            |       0|           0
    TS_MC_CLK * 4                           |             |            |            |        |            
----------------------------------------------------------------------------------------------------------
  TS_MC_RDEN_DLY = MAXDELAY FROM TIMEGRP "T | SETUP       |    18.063ns|     1.937ns|       0|           0
  NM_RDEN_DLY" TO TIMEGRP "TNM_CLK0"        | HOLD        |     0.049ns|            |       0|           0
    TS_MC_CLK * 4                           |             |            |            |        |            
----------------------------------------------------------------------------------------------------------
  TS_MC_CAL_RDEN_DLY = MAXDELAY FROM TIMEGR | SETUP       |    18.091ns|     1.909ns|       0|           0
  P "TNM_CAL_RDEN_DLY" TO TIMEGRP         " | HOLD        |     0.186ns|            |       0|           0
  TNM_CLK0" TS_MC_CLK * 4                   |             |            |            |        |            
----------------------------------------------------------------------------------------------------------
  TS_MC_RDEN_SEL_MUX = MAXDELAY FROM TIMEGR | N/A         |         N/A|         N/A|     N/A|         N/A
  P "TNM_RDEN_SEL_MUX" TO TIMEGRP         " |             |            |            |        |            
  TNM_CLK0" TS_MC_CLK * 4                   |             |            |            |        |            
----------------------------------------------------------------------------------------------------------


Derived Constraint Report
Review Timing Report for more details on the following derived constraints.
To create a Timing Report, run "trce -v 12 -fastpaths -o design_timing_report design.ncd design.pcf"
or "Run Timing Analysis" from Timing Analyzer (timingan).
Derived Constraints for TS_sys_clk_pin
+-------------------------------+-------------+-------------+-------------+-------------+-------------+-------------+-------------+
|                               |   Period    |       Actual Period       |      Timing Errors        |      Paths Analyzed       |
|           Constraint          | Requirement |-------------+-------------|-------------+-------------|-------------+-------------|
|                               |             |   Direct    | Derivative  |   Direct    | Derivative  |   Direct    | Derivative  |
+-------------------------------+-------------+-------------+-------------+-------------+-------------+-------------+-------------+
|TS_sys_clk_pin                 |     10.000ns|      4.000ns|      9.935ns|            0|            0|            0|       248898|
| TS_clock_generator_0_clock_gen|      8.000ns|      4.878ns|          N/A|            0|            0|          630|            0|
| erator_0_SIG_PLL0_CLKOUT0     |             |             |             |             |             |             |             |
| TS_clock_generator_0_clock_gen|      8.000ns|      3.100ns|          N/A|            0|            0|            0|            0|
| erator_0_SIG_PLL0_CLKOUT1     |             |             |             |             |             |             |             |
| TS_clock_generator_0_clock_gen|      8.000ns|      7.948ns|          N/A|            0|            0|       237166|            0|
| erator_0_SIG_PLL0_CLKOUT2     |             |             |             |             |             |             |             |
| TS_clock_generator_0_clock_gen|      5.000ns|      1.666ns|          N/A|            0|            0|            2|            0|
| erator_0_SIG_PLL0_CLKOUT3     |             |             |             |             |             |             |             |
| TS_clock_generator_0_clock_gen|     16.000ns|      8.724ns|          N/A|            0|            0|        11100|            0|
| erator_0_SIG_PLL0_CLKOUT4     |             |             |             |             |             |             |             |
+-------------------------------+-------------+-------------+-------------+-------------+-------------+-------------+-------------+

Derived Constraints for TS_MC_CLK
+-------------------------------+-------------+-------------+-------------+-------------+-------------+-------------+-------------+
|                               |   Period    |       Actual Period       |      Timing Errors        |      Paths Analyzed       |
|           Constraint          | Requirement |-------------+-------------|-------------+-------------|-------------+-------------|
|                               |             |   Direct    | Derivative  |   Direct    | Derivative  |   Direct    | Derivative  |
+-------------------------------+-------------+-------------+-------------+-------------+-------------+-------------+-------------+
|TS_MC_CLK                      |      5.000ns|      3.990ns|      1.455ns|            0|            0|            0|          474|
| TS_MC_RD_DATA_SEL             |     20.000ns|      4.263ns|          N/A|            0|            0|          128|            0|
| TS_MC_PHY_INIT_DATA_SEL_0     |     20.000ns|      3.980ns|          N/A|            0|            0|           22|            0|
| TS_MC_PHY_INIT_DATA_SEL_90    |     20.000ns|      5.819ns|          N/A|            0|            0|          274|            0|
| TS_MC_GATE_DLY                |     20.000ns|      2.335ns|          N/A|            0|            0|           40|            0|
| TS_MC_RDEN_DLY                |     20.000ns|      1.937ns|          N/A|            0|            0|            5|            0|
| TS_MC_CAL_RDEN_DLY            |     20.000ns|      1.909ns|          N/A|            0|            0|            5|            0|
| TS_MC_RDEN_SEL_MUX            |     20.000ns|          N/A|          N/A|            0|            0|            0|            0|
+-------------------------------+-------------+-------------+-------------+-------------+-------------+-------------+-------------+

All constraints were met.
INFO:Timing:2761 - N/A entries in the Constraints List may indicate that the 
   constraint is not analyzed due to the following: No paths covered by this 
   constraint; Other constraints intersect with this constraint; or This 
   constraint was disabled by a Path Tracing Control. Please run the Timespec 
   Interaction Report (TSI) via command line (trce tsi) or Timing Analyzer GUI.


Generating Pad Report.

All signals are completely routed.

WARNING:Par:283 - There are 2 loadless signals in this design. This design will cause Bitgen to issue DRC warnings.

Total REAL time to PAR completion: 1 mins 41 secs 
Total CPU time to PAR completion: 1 mins 31 secs 

Peak Memory Usage:  443 MB

Placer: Placement generated during map.
Routing: Completed - No errors found.
Timing: Completed - No errors found.

Number of error messages: 0
Number of warning messages: 6
Number of info messages: 2

Writing design to file system.ncd



PAR done!



#----------------------------------------------#
# Starting program post_par_trce
# trce -e 3 -xml system.twx system.ncd system.pcf 
#----------------------------------------------#
Release 12.3 - Trace  (nt)
Copyright (c) 1995-2010 Xilinx, Inc.  All rights reserved.


PMSPEC -- Overriding Xilinx file
<C:/Xilinx/12.3/ISE_DS/EDK/virtex5/data/virtex5.acd> with local file
<C:/Xilinx/12.3/ISE_DS/ISE/virtex5/data/virtex5.acd>
Loading device for application Rf_Device from file '5vfx70t.nph' in environment
C:\Xilinx\12.3\ISE_DS\ISE\;C:\Xilinx\12.3\ISE_DS\EDK.
   "system" is an NCD, version 3.2, device xc5vfx70t, package ff1136, speed -1
WARNING:Timing:3223 - Timing constraint TS_MC_RDEN_SEL_MUX = MAXDELAY FROM
   TIMEGRP "TNM_RDEN_SEL_MUX" TO TIMEGRP        "TNM_CLK0" TS_MC_CLK * 4;
   ignored during timing analysis.
INFO:Timing:3386 - Intersecting Constraints found and resolved.  For more
   information, see the TSI report.  Please consult the Xilinx Command Line
   Tools User Guide for information on generating a TSI report.
--------------------------------------------------------------------------------
Release 12.3 Trace  (nt)
Copyright (c) 1995-2010 Xilinx, Inc.  All rights reserved.

C:\Xilinx\12.3\ISE_DS\ISE\bin\nt\unwrapped\trce.exe -e 3 -xml system.twx
system.ncd system.pcf


Design file:              system.ncd
Physical constraint file: system.pcf
Device,speed:             xc5vfx70t,-1 (PRODUCTION 1.71 2010-09-15, STEPPING
level 0)
Report level:             error report
--------------------------------------------------------------------------------

INFO:Timing:2752 - To get complete path coverage, use the unconstrained paths
   option. All paths that are not constrained will be reported in the
   unconstrained paths section(s) of the report.
INFO:Timing:3339 - The clock-to-out numbers in this timing report are based on a
   50 Ohm transmission line loading model.  For the details of this model, and
   for more information on accounting for different loading conditions, please
   see the device datasheet.


Timing summary:
---------------

Timing errors: 0  Score: 0 (Setup/Max: 0, Hold: 0)

Constraints cover 249785 paths, 18 nets, and 36634 connections

Design statistics:
   Minimum period:  13.305ns (Maximum frequency:  75.160MHz)
   Maximum path delay from/to any node:   5.819ns
   Maximum net delay:   0.838ns
   Maximum net skew:   4.735ns


Analysis completed Fri Feb 24 11:01:33 2012
--------------------------------------------------------------------------------

Generating Report ...

Number of warnings: 1
Number of info messages: 3
Total time: 24 secs 


