Release 12.3 Xflow M.70d (nt)
Copyright (c) 1995-2010 Xilinx, Inc.  All rights reserved.
xflow.exe -wd implementation -p xc5vfx70tff1136-1 -implement xflow.opt
system.ngc  
PMSPEC -- Overriding Xilinx file
<C:/Xilinx/12.3/ISE_DS/EDK/virtex5/data/virtex5.acd> with local file
<C:/Xilinx/12.3/ISE_DS/ISE/virtex5/data/virtex5.acd>
.... Copying flowfile C:/Xilinx/12.3/ISE_DS/ISE/xilinx/data/fpga.flw into
working directory C:/Workspace/ImpulseSystem/implementation 

Using Flow File: C:/Workspace/ImpulseSystem/implementation/fpga.flw 
Using Option File(s): 
 C:/Workspace/ImpulseSystem/implementation/xflow.opt 

Creating Script File ... 

#----------------------------------------------#
# Starting program ngdbuild
# ngdbuild -p xc5vfx70tff1136-1 -nt timestamp -bm system.bmm
"C:/Workspace/ImpulseSystem/implementation/system.ngc" -uc system.ucf system.ngd
 
#----------------------------------------------#
Release 12.3 - ngdbuild M.70d (nt)
Copyright (c) 1995-2010 Xilinx, Inc.  All rights reserved.
PMSPEC -- Overriding Xilinx file
<C:/Xilinx/12.3/ISE_DS/EDK/virtex5/data/virtex5.acd> with local file
<C:/Xilinx/12.3/ISE_DS/ISE/virtex5/data/virtex5.acd>

Command Line: C:\Xilinx\12.3\ISE_DS\ISE\bin\nt\unwrapped\ngdbuild.exe -p
xc5vfx70tff1136-1 -nt timestamp -bm system.bmm
C:/Workspace/ImpulseSystem/implementation/system.ngc -uc system.ucf system.ngd

Reading NGO file "C:/Workspace/ImpulseSystem/implementation/system.ngc" ...
Gathering constraint information from source properties...
Done.

Annotating constraints to design from ucf file "system.ucf" ...
WARNING:NgdBuild:931 - The value of SIM_DEVICE on instance
   'clock_generator_0/clock_generator_0/DCM0_INST/Using_DCM_ADV.DCM_ADV_INST' of
   type DCM_ADV has been changed from 'VIRTEX4' to 'VIRTEX5' to correct
   post-ngdbuild and timing simulation for this primitive.  In order for
   functional simulation to be correct, the value of SIM_DEVICE should be
   changed in this same manner in the source netlist or constraint file.
Resolving constraint associations...
Checking Constraint Associations...
WARNING:ConstraintSystem:56 - Constraint <AREA_GROUP "DDR_CAPTURE_FFS" GROUP =
   CLOSED;> [system.ucf(363)]: Unable to find an active 'Area_Group' constraint
   named 'DDR_CAPTURE_FFS'.

WARNING:ConstraintSystem - TNM : TNM_CLK0 was distributed to a DCM but new TNM
   constraints were not derived. The requirement for derived TNM constraints is
   that the distributed TNM is referenced by no more than a single PERIOD
   constraint. Non-PERIOD referencers are also not allowed. This TNM is used in
   the following user groups or specifications:
   <TIMESPEC "TS_MC_RD_DATA_SEL" = FROM "TNM_RD_DATA_SEL" TO "TNM_CLK0"
   "TS_MC_CLK" * 4;> [system.ucf(235)]
   <TIMESPEC "TS_MC_PHY_INIT_DATA_SEL_0" = FROM "TNM_PHY_INIT_DATA_SEL" TO 
   "TNM_CLK0" "TS_MC_CLK" * 4;> [system.ucf(241)]
   <TIMESPEC "TS_MC_GATE_DLY" = FROM "TNM_GATE_DLY" TO "TNM_CLK0" "TS_MC_CLK" *
   4;> [system.ucf(250)]
   <TIMESPEC "TS_MC_RDEN_DLY" = FROM "TNM_RDEN_DLY" TO "TNM_CLK0" "TS_MC_CLK" *
   4;> [system.ucf(254)]
   <TIMESPEC "TS_MC_CAL_RDEN_DLY" = FROM "TNM_CAL_RDEN_DLY" TO "TNM_CLK0"
   "TS_MC_CLK" * 4;> [system.ucf(259)]
   <TIMESPEC "TS_MC_RDEN_SEL_MUX" = FROM "TNM_RDEN_SEL_MUX" TO "TNM_CLK0"
   "TS_MC_CLK" * 4;> [system.ucf(264)]

INFO:ConstraintSystem:178 - TNM 'sys_clk_pin', used in period specification
   'TS_sys_clk_pin', was traced into PLL_ADV instance
   clock_generator_0/PLL0_INST/Using_PLL_ADV.PLL_ADV_inst. The following new TNM
   groups and period specifications were generated at the PLL_ADV output(s): 
   CLKOUT0: <TIMESPEC TS_clock_generator_0_clock_generator_0_SIG_PLL0_CLKOUT0 =
   PERIOD "clock_generator_0_clock_generator_0_SIG_PLL0_CLKOUT0" TS_sys_clk_pin
   * 1.25 PHASE 2 ns HIGH 50%>

INFO:ConstraintSystem:178 - TNM 'sys_clk_pin', used in period specification
   'TS_sys_clk_pin', was traced into PLL_ADV instance
   clock_generator_0/PLL0_INST/Using_PLL_ADV.PLL_ADV_inst. The following new TNM
   groups and period specifications were generated at the PLL_ADV output(s): 
   CLKOUT1: <TIMESPEC TS_clock_generator_0_clock_generator_0_SIG_PLL0_CLKOUT1 =
   PERIOD "clock_generator_0_clock_generator_0_SIG_PLL0_CLKOUT1" TS_sys_clk_pin
   * 1.25 HIGH 50%>

INFO:ConstraintSystem:178 - TNM 'sys_clk_pin', used in period specification
   'TS_sys_clk_pin', was traced into PLL_ADV instance
   clock_generator_0/PLL0_INST/Using_PLL_ADV.PLL_ADV_inst. The following new TNM
   groups and period specifications were generated at the PLL_ADV output(s): 
   CLKOUT2: <TIMESPEC TS_clock_generator_0_clock_generator_0_SIG_PLL0_CLKOUT2 =
   PERIOD "clock_generator_0_clock_generator_0_SIG_PLL0_CLKOUT2" TS_sys_clk_pin
   * 1.25 HIGH 50%>

INFO:ConstraintSystem:178 - TNM 'sys_clk_pin', used in period specification
   'TS_sys_clk_pin', was traced into PLL_ADV instance
   clock_generator_0/PLL0_INST/Using_PLL_ADV.PLL_ADV_inst. The following new TNM
   groups and period specifications were generated at the PLL_ADV output(s): 
   CLKOUT3: <TIMESPEC TS_clock_generator_0_clock_generator_0_SIG_PLL0_CLKOUT3 =
   PERIOD "clock_generator_0_clock_generator_0_SIG_PLL0_CLKOUT3" TS_sys_clk_pin
   * 2 HIGH 50%>

INFO:ConstraintSystem:178 - TNM 'sys_clk_pin', used in period specification
   'TS_sys_clk_pin', was traced into PLL_ADV instance
   clock_generator_0/PLL0_INST/Using_PLL_ADV.PLL_ADV_inst. The following new TNM
   groups and period specifications were generated at the PLL_ADV output(s): 
   CLKOUT4: <TIMESPEC TS_clock_generator_0_clock_generator_0_SIG_PLL0_CLKOUT4 =
   PERIOD "clock_generator_0_clock_generator_0_SIG_PLL0_CLKOUT4" TS_sys_clk_pin
   * 0.625 HIGH 50%>

Done...

Processing BMM file "system.bmm" ...

WARNING:NgdBuild:1212 - User specified non-default attribute value
   (8.0000000000000000) was detected for the CLKIN_PERIOD attribute on DCM
   "clock_generator_0/DCM0_INST/Using_DCM_ADV.DCM_ADV_INST".  This does not
   match the PERIOD constraint value (5 ns.).  The uncertainty calculation will
   use the non-default attribute value.  This could result in incorrect
   uncertainty calculated for DCM output clocks.
Checking expanded design ...
WARNING:NgdBuild:443 - SFF primitive
   'xps_bram_if_cntlr_1/xps_bram_if_cntlr_1/INCLUDE_BURST_SUPPORT.I_SLAVE_BURST_
   ATTACH/I_DBEAT_CONTROL/I_DBEAT_CNTR/STRUCTURAL_A_GEN.I_ADDSUB_GEN[4].FDRE_I'
   has unconnected output pin
WARNING:NgdBuild:443 - SFF primitive
   'SRAM/SRAM/EMC_CTRL_I/MEM_STEER_I/SYNC_MEM_DQT.REG_DQT_GEN[2].DQT_REG' has
   unconnected output pin
WARNING:NgdBuild:443 - SFF primitive
   'SRAM/SRAM/EMC_CTRL_I/MEM_STEER_I/GSYNC_MEM_RDACK_GEN.ADDR_ALIGN_PIPE_GEN[3].
   ALIGN_PIPE' has unconnected output pin
WARNING:NgdBuild:443 - SFF primitive
   'SRAM/SRAM/MCH_PLB_IPIF_I/NO_CHNL_IF_GEN.PLBV46_SLAVE_BURST_I/I_SLAVE_ATTACHM
   ENT/I_DECODER/GEN_CE_FOR_SHARED.GEN_BKEND_CE_REGISTERS[0].I_BKEND_WRCE_REG'
   has unconnected output pin
WARNING:NgdBuild:443 - SFF primitive
   'SRAM/SRAM/MCH_PLB_IPIF_I/NO_CHNL_IF_GEN.PLBV46_SLAVE_BURST_I/I_SLAVE_ATTACHM
   ENT/I_DECODER/GEN_CE_FOR_SHARED.GEN_BKEND_CE_REGISTERS[0].I_BKEND_RDCE_REG'
   has unconnected output pin
WARNING:NgdBuild:443 - SFF primitive
   'SRAM/SRAM/MCH_PLB_IPIF_I/NO_CHNL_IF_GEN.PLBV46_SLAVE_BURST_I/I_SLAVE_ATTACHM
   ENT/I_BURST_SUPPORT/RESPONSE_DBEAT_CNTR_I/STRUCTURAL_A_GEN.I_ADDSUB_GEN[7].FD
   RE_I' has unconnected output pin
WARNING:NgdBuild:443 - SFF primitive
   'SRAM/SRAM/MCH_PLB_IPIF_I/NO_CHNL_IF_GEN.PLBV46_SLAVE_BURST_I/I_SLAVE_ATTACHM
   ENT/I_BURST_SUPPORT/CONTROL_DBEAT_CNTR_I/STRUCTURAL_A_GEN.I_ADDSUB_GEN[7].FDR
   E_I' has unconnected output pin
WARNING:NgdBuild:443 - SFF primitive
   'SRAM/SRAM/MCH_PLB_IPIF_I/NO_CHNL_IF_GEN.PLBV46_SLAVE_BURST_I/I_SLAVE_ATTACHM
   ENT/I_BUS_ADDRESS_COUNTER/I_FLEX_ADDR_CNTR/LDMUX_FDRSE_0to3[0].I_FDRSE_BE0to3
   ' has unconnected output pin
WARNING:NgdBuild:443 - SFF primitive
   'SRAM/SRAM/MCH_PLB_IPIF_I/NO_CHNL_IF_GEN.PLBV46_SLAVE_BURST_I/I_SLAVE_ATTACHM
   ENT/I_BUS_ADDRESS_COUNTER/I_FLEX_ADDR_CNTR/LDMUX_FDRSE_0to3[1].I_FDRSE_BE0to3
   ' has unconnected output pin
WARNING:NgdBuild:443 - SFF primitive
   'SRAM/SRAM/MCH_PLB_IPIF_I/NO_CHNL_IF_GEN.PLBV46_SLAVE_BURST_I/I_SLAVE_ATTACHM
   ENT/I_BUS_ADDRESS_COUNTER/I_FLEX_ADDR_CNTR/LDMUX_FDRSE_0to3[2].I_FDRSE_BE0to3
   ' has unconnected output pin
WARNING:NgdBuild:443 - SFF primitive
   'SRAM/SRAM/MCH_PLB_IPIF_I/NO_CHNL_IF_GEN.PLBV46_SLAVE_BURST_I/I_SLAVE_ATTACHM
   ENT/I_BUS_ADDRESS_COUNTER/I_FLEX_ADDR_CNTR/LDMUX_FDRSE_0to3[3].I_FDRSE_BE0to3
   ' has unconnected output pin
WARNING:NgdBuild:443 - SFF primitive
   'SRAM/SRAM/MCH_PLB_IPIF_I/NO_CHNL_IF_GEN.PLBV46_SLAVE_BURST_I/I_SLAVE_ATTACHM
   ENT/I_BUS_ADDRESS_COUNTER/GEN_FOR_SHARED.GEN_S_H_SIZE_REG[0].I_SIZE_S_H_REG'
   has unconnected output pin
WARNING:NgdBuild:443 - SFF primitive
   'SRAM/SRAM/MCH_PLB_IPIF_I/NO_CHNL_IF_GEN.PLBV46_SLAVE_BURST_I/I_SLAVE_ATTACHM
   ENT/I_STEER_ADDRESS_COUNTER/GEN_FOR_SHARED.GEN_S_H_SIZE_REG[0].I_SIZE_S_H_REG
   ' has unconnected output pin
WARNING:NgdBuild:443 - SFF primitive
   'DDR2_SDRAM/DDR2_SDRAM/u_ddr2_top/u_mem_if_top/u_phy_top/u_phy_io/u_phy_calib
   /gen_rden[1].u_calib_rden_r' has unconnected output pin
WARNING:NgdBuild:443 - SFF primitive
   'DDR2_SDRAM/DDR2_SDRAM/u_ddr2_top/u_mem_if_top/u_phy_top/u_phy_io/u_phy_calib
   /gen_rden[2].u_calib_rden_r' has unconnected output pin
WARNING:NgdBuild:443 - SFF primitive
   'DDR2_SDRAM/DDR2_SDRAM/u_ddr2_top/u_mem_if_top/u_phy_top/u_phy_io/u_phy_calib
   /gen_rden[3].u_calib_rden_r' has unconnected output pin
WARNING:NgdBuild:443 - SFF primitive
   'DDR2_SDRAM/DDR2_SDRAM/u_ddr2_top/u_mem_if_top/u_phy_top/u_phy_io/u_phy_calib
   /gen_rden[4].u_calib_rden_r' has unconnected output pin
WARNING:NgdBuild:443 - SFF primitive
   'DDR2_SDRAM/DDR2_SDRAM/u_ddr2_top/u_mem_if_top/u_phy_top/u_phy_io/u_phy_calib
   /gen_rden[5].u_calib_rden_r' has unconnected output pin
WARNING:NgdBuild:443 - SFF primitive
   'DDR2_SDRAM/DDR2_SDRAM/u_ddr2_top/u_mem_if_top/u_phy_top/u_phy_io/u_phy_calib
   /gen_rden[6].u_calib_rden_r' has unconnected output pin
WARNING:NgdBuild:443 - SFF primitive
   'DDR2_SDRAM/DDR2_SDRAM/u_ddr2_top/u_mem_if_top/u_phy_top/u_phy_io/u_phy_calib
   /gen_rden[7].u_calib_rden_r' has unconnected output pin
WARNING:NgdBuild:443 - SFF primitive
   'xps_timer_0/xps_timer_0/TC_CORE_I/TIMER_CONTROL_I/TCSR0_GENERATE[0].TCSR0_FF
   _I' has unconnected output pin
WARNING:NgdBuild:443 - SFF primitive
   'xps_timer_0/xps_timer_0/TC_CORE_I/TIMER_CONTROL_I/TCSR0_GENERATE[1].TCSR0_FF
   _I' has unconnected output pin
WARNING:NgdBuild:443 - SFF primitive
   'xps_timer_0/xps_timer_0/TC_CORE_I/TIMER_CONTROL_I/TCSR0_GENERATE[2].TCSR0_FF
   _I' has unconnected output pin
WARNING:NgdBuild:443 - SFF primitive
   'xps_timer_0/xps_timer_0/TC_CORE_I/TIMER_CONTROL_I/TCSR0_GENERATE[3].TCSR0_FF
   _I' has unconnected output pin
WARNING:NgdBuild:443 - SFF primitive
   'xps_timer_0/xps_timer_0/TC_CORE_I/TIMER_CONTROL_I/TCSR0_GENERATE[4].TCSR0_FF
   _I' has unconnected output pin
WARNING:NgdBuild:443 - SFF primitive
   'xps_timer_0/xps_timer_0/TC_CORE_I/TIMER_CONTROL_I/TCSR0_GENERATE[5].TCSR0_FF
   _I' has unconnected output pin
WARNING:NgdBuild:443 - SFF primitive
   'xps_timer_0/xps_timer_0/TC_CORE_I/TIMER_CONTROL_I/TCSR0_GENERATE[6].TCSR0_FF
   _I' has unconnected output pin
WARNING:NgdBuild:443 - SFF primitive
   'xps_timer_0/xps_timer_0/TC_CORE_I/TIMER_CONTROL_I/TCSR0_GENERATE[7].TCSR0_FF
   _I' has unconnected output pin
WARNING:NgdBuild:443 - SFF primitive
   'xps_timer_0/xps_timer_0/TC_CORE_I/TIMER_CONTROL_I/TCSR0_GENERATE[8].TCSR0_FF
   _I' has unconnected output pin
WARNING:NgdBuild:443 - SFF primitive
   'xps_timer_0/xps_timer_0/TC_CORE_I/TIMER_CONTROL_I/TCSR0_GENERATE[9].TCSR0_FF
   _I' has unconnected output pin
WARNING:NgdBuild:443 - SFF primitive
   'xps_timer_0/xps_timer_0/TC_CORE_I/TIMER_CONTROL_I/TCSR0_GENERATE[10].TCSR0_F
   F_I' has unconnected output pin
WARNING:NgdBuild:443 - SFF primitive
   'xps_timer_0/xps_timer_0/TC_CORE_I/TIMER_CONTROL_I/TCSR0_GENERATE[11].TCSR0_F
   F_I' has unconnected output pin
WARNING:NgdBuild:443 - SFF primitive
   'xps_timer_0/xps_timer_0/TC_CORE_I/TIMER_CONTROL_I/TCSR0_GENERATE[12].TCSR0_F
   F_I' has unconnected output pin
WARNING:NgdBuild:443 - SFF primitive
   'xps_timer_0/xps_timer_0/TC_CORE_I/TIMER_CONTROL_I/TCSR0_GENERATE[13].TCSR0_F
   F_I' has unconnected output pin
WARNING:NgdBuild:443 - SFF primitive
   'xps_timer_0/xps_timer_0/TC_CORE_I/TIMER_CONTROL_I/TCSR0_GENERATE[14].TCSR0_F
   F_I' has unconnected output pin
WARNING:NgdBuild:443 - SFF primitive
   'xps_timer_0/xps_timer_0/TC_CORE_I/TIMER_CONTROL_I/TCSR0_GENERATE[15].TCSR0_F
   F_I' has unconnected output pin
WARNING:NgdBuild:443 - SFF primitive
   'xps_timer_0/xps_timer_0/TC_CORE_I/TIMER_CONTROL_I/TCSR0_GENERATE[16].TCSR0_F
   F_I' has unconnected output pin
WARNING:NgdBuild:443 - SFF primitive
   'xps_timer_0/xps_timer_0/TC_CORE_I/TIMER_CONTROL_I/TCSR0_GENERATE[17].TCSR0_F
   F_I' has unconnected output pin
WARNING:NgdBuild:443 - SFF primitive
   'xps_timer_0/xps_timer_0/TC_CORE_I/TIMER_CONTROL_I/TCSR0_GENERATE[18].TCSR0_F
   F_I' has unconnected output pin
WARNING:NgdBuild:443 - SFF primitive
   'xps_timer_0/xps_timer_0/TC_CORE_I/TIMER_CONTROL_I/TCSR0_GENERATE[19].TCSR0_F
   F_I' has unconnected output pin
WARNING:NgdBuild:443 - SFF primitive
   'xps_timer_0/xps_timer_0/TC_CORE_I/TIMER_CONTROL_I/TCSR0_GENERATE[20].TCSR0_F
   F_I' has unconnected output pin
WARNING:NgdBuild:443 - SFF primitive
   'xps_timer_0/xps_timer_0/TC_CORE_I/TIMER_CONTROL_I/TCSR1_GENERATE[0].TCSR1_FF
   _I' has unconnected output pin
WARNING:NgdBuild:443 - SFF primitive
   'xps_timer_0/xps_timer_0/TC_CORE_I/TIMER_CONTROL_I/TCSR1_GENERATE[1].TCSR1_FF
   _I' has unconnected output pin
WARNING:NgdBuild:443 - SFF primitive
   'xps_timer_0/xps_timer_0/TC_CORE_I/TIMER_CONTROL_I/TCSR1_GENERATE[2].TCSR1_FF
   _I' has unconnected output pin
WARNING:NgdBuild:443 - SFF primitive
   'xps_timer_0/xps_timer_0/TC_CORE_I/TIMER_CONTROL_I/TCSR1_GENERATE[3].TCSR1_FF
   _I' has unconnected output pin
WARNING:NgdBuild:443 - SFF primitive
   'xps_timer_0/xps_timer_0/TC_CORE_I/TIMER_CONTROL_I/TCSR1_GENERATE[4].TCSR1_FF
   _I' has unconnected output pin
WARNING:NgdBuild:443 - SFF primitive
   'xps_timer_0/xps_timer_0/TC_CORE_I/TIMER_CONTROL_I/TCSR1_GENERATE[5].TCSR1_FF
   _I' has unconnected output pin
WARNING:NgdBuild:443 - SFF primitive
   'xps_timer_0/xps_timer_0/TC_CORE_I/TIMER_CONTROL_I/TCSR1_GENERATE[6].TCSR1_FF
   _I' has unconnected output pin
WARNING:NgdBuild:443 - SFF primitive
   'xps_timer_0/xps_timer_0/TC_CORE_I/TIMER_CONTROL_I/TCSR1_GENERATE[7].TCSR1_FF
   _I' has unconnected output pin
WARNING:NgdBuild:443 - SFF primitive
   'xps_timer_0/xps_timer_0/TC_CORE_I/TIMER_CONTROL_I/TCSR1_GENERATE[8].TCSR1_FF
   _I' has unconnected output pin
WARNING:NgdBuild:443 - SFF primitive
   'xps_timer_0/xps_timer_0/TC_CORE_I/TIMER_CONTROL_I/TCSR1_GENERATE[9].TCSR1_FF
   _I' has unconnected output pin
WARNING:NgdBuild:443 - SFF primitive
   'xps_timer_0/xps_timer_0/TC_CORE_I/TIMER_CONTROL_I/TCSR1_GENERATE[10].TCSR1_F
   F_I' has unconnected output pin
WARNING:NgdBuild:443 - SFF primitive
   'xps_timer_0/xps_timer_0/TC_CORE_I/TIMER_CONTROL_I/TCSR1_GENERATE[11].TCSR1_F
   F_I' has unconnected output pin
WARNING:NgdBuild:443 - SFF primitive
   'xps_timer_0/xps_timer_0/TC_CORE_I/TIMER_CONTROL_I/TCSR1_GENERATE[12].TCSR1_F
   F_I' has unconnected output pin
WARNING:NgdBuild:443 - SFF primitive
   'xps_timer_0/xps_timer_0/TC_CORE_I/TIMER_CONTROL_I/TCSR1_GENERATE[13].TCSR1_F
   F_I' has unconnected output pin
WARNING:NgdBuild:443 - SFF primitive
   'xps_timer_0/xps_timer_0/TC_CORE_I/TIMER_CONTROL_I/TCSR1_GENERATE[14].TCSR1_F
   F_I' has unconnected output pin
WARNING:NgdBuild:443 - SFF primitive
   'xps_timer_0/xps_timer_0/TC_CORE_I/TIMER_CONTROL_I/TCSR1_GENERATE[15].TCSR1_F
   F_I' has unconnected output pin
WARNING:NgdBuild:443 - SFF primitive
   'xps_timer_0/xps_timer_0/TC_CORE_I/TIMER_CONTROL_I/TCSR1_GENERATE[16].TCSR1_F
   F_I' has unconnected output pin
WARNING:NgdBuild:443 - SFF primitive
   'xps_timer_0/xps_timer_0/TC_CORE_I/TIMER_CONTROL_I/TCSR1_GENERATE[17].TCSR1_F
   F_I' has unconnected output pin
WARNING:NgdBuild:443 - SFF primitive
   'xps_timer_0/xps_timer_0/TC_CORE_I/TIMER_CONTROL_I/TCSR1_GENERATE[18].TCSR1_F
   F_I' has unconnected output pin
WARNING:NgdBuild:443 - SFF primitive
   'xps_timer_0/xps_timer_0/TC_CORE_I/TIMER_CONTROL_I/TCSR1_GENERATE[19].TCSR1_F
   F_I' has unconnected output pin
WARNING:NgdBuild:443 - SFF primitive
   'xps_timer_0/xps_timer_0/TC_CORE_I/TIMER_CONTROL_I/TCSR1_GENERATE[20].TCSR1_F
   F_I' has unconnected output pin
WARNING:NgdBuild:486 - Attribute "SIM_DEVICE" is not allowed on symbol
   "clock_generator_0/PLL0_INST/Using_PLL_ADV.PLL_ADV_inst" of type "PLL_ADV". 
   This attribute will be ignored.
WARNING:NgdBuild:452 - logical net 'N154' has no driver
WARNING:NgdBuild:452 - logical net 'N155' has no driver
WARNING:NgdBuild:452 - logical net 'N156' has no driver
WARNING:NgdBuild:452 - logical net 'N157' has no driver
WARNING:NgdBuild:452 - logical net 'N158' has no driver
WARNING:NgdBuild:452 - logical net 'N159' has no driver
WARNING:NgdBuild:452 - logical net 'N160' has no driver
WARNING:NgdBuild:452 - logical net 'N161' has no driver
WARNING:NgdBuild:452 - logical net 'N162' has no driver
WARNING:NgdBuild:452 - logical net 'N163' has no driver
WARNING:NgdBuild:452 - logical net 'N164' has no driver
WARNING:NgdBuild:452 - logical net 'N165' has no driver
WARNING:NgdBuild:452 - logical net 'N166' has no driver
WARNING:NgdBuild:452 - logical net 'N167' has no driver
WARNING:NgdBuild:452 - logical net 'N168' has no driver
WARNING:NgdBuild:452 - logical net 'N169' has no driver
WARNING:NgdBuild:452 - logical net 'N170' has no driver
WARNING:NgdBuild:452 - logical net 'N171' has no driver
WARNING:NgdBuild:452 - logical net 'N172' has no driver
WARNING:NgdBuild:452 - logical net 'N173' has no driver
WARNING:NgdBuild:452 - logical net 'N174' has no driver
WARNING:NgdBuild:452 - logical net 'N175' has no driver
WARNING:NgdBuild:452 - logical net 'N176' has no driver
WARNING:NgdBuild:452 - logical net 'N177' has no driver
WARNING:NgdBuild:452 - logical net 'N178' has no driver
WARNING:NgdBuild:452 - logical net 'N179' has no driver
WARNING:NgdBuild:452 - logical net 'N180' has no driver
WARNING:NgdBuild:452 - logical net 'N181' has no driver
WARNING:NgdBuild:452 - logical net 'N182' has no driver
WARNING:NgdBuild:452 - logical net 'N183' has no driver
WARNING:NgdBuild:452 - logical net 'N184' has no driver
WARNING:NgdBuild:452 - logical net 'N185' has no driver
WARNING:NgdBuild:452 - logical net 'N186' has no driver
WARNING:NgdBuild:452 - logical net 'N187' has no driver
WARNING:NgdBuild:452 - logical net 'N188' has no driver
WARNING:NgdBuild:452 - logical net 'N189' has no driver
WARNING:NgdBuild:452 - logical net 'N190' has no driver
WARNING:NgdBuild:452 - logical net 'N191' has no driver
WARNING:NgdBuild:452 - logical net 'N192' has no driver
WARNING:NgdBuild:452 - logical net 'N193' has no driver
WARNING:NgdBuild:452 - logical net 'N194' has no driver
WARNING:NgdBuild:452 - logical net 'N195' has no driver
WARNING:NgdBuild:452 - logical net 'N196' has no driver
WARNING:NgdBuild:452 - logical net 'N197' has no driver
WARNING:NgdBuild:452 - logical net 'N198' has no driver
WARNING:NgdBuild:452 - logical net 'N199' has no driver
WARNING:NgdBuild:452 - logical net 'N200' has no driver
WARNING:NgdBuild:452 - logical net 'N201' has no driver
WARNING:NgdBuild:452 - logical net 'N202' has no driver
WARNING:NgdBuild:452 - logical net 'N203' has no driver
WARNING:NgdBuild:452 - logical net 'N204' has no driver
WARNING:NgdBuild:452 - logical net 'N205' has no driver
WARNING:NgdBuild:452 - logical net 'N206' has no driver
WARNING:NgdBuild:452 - logical net 'N207' has no driver
WARNING:NgdBuild:452 - logical net 'N208' has no driver
WARNING:NgdBuild:452 - logical net 'N209' has no driver
WARNING:NgdBuild:452 - logical net 'N210' has no driver
WARNING:NgdBuild:452 - logical net 'N211' has no driver
WARNING:NgdBuild:452 - logical net 'N212' has no driver
WARNING:NgdBuild:452 - logical net 'N213' has no driver
WARNING:NgdBuild:452 - logical net 'N214' has no driver
WARNING:NgdBuild:452 - logical net 'N215' has no driver
WARNING:NgdBuild:452 - logical net 'N216' has no driver
WARNING:NgdBuild:452 - logical net 'N217' has no driver
WARNING:NgdBuild:452 - logical net 'N218' has no driver
WARNING:NgdBuild:452 - logical net 'N219' has no driver
WARNING:NgdBuild:452 - logical net 'N220' has no driver
WARNING:NgdBuild:452 - logical net 'N221' has no driver
WARNING:NgdBuild:452 - logical net 'N222' has no driver
WARNING:NgdBuild:452 - logical net 'N223' has no driver
WARNING:NgdBuild:452 - logical net 'N224' has no driver
WARNING:NgdBuild:452 - logical net 'N225' has no driver
WARNING:NgdBuild:452 - logical net 'N258' has no driver
WARNING:NgdBuild:452 - logical net 'N259' has no driver
WARNING:NgdBuild:452 - logical net 'N260' has no driver
WARNING:NgdBuild:452 - logical net 'N261' has no driver
WARNING:NgdBuild:452 - logical net 'N262' has no driver
WARNING:NgdBuild:452 - logical net 'N263' has no driver
WARNING:NgdBuild:452 - logical net 'N264' has no driver
WARNING:NgdBuild:452 - logical net 'N265' has no driver

Partition Implementation Status
-------------------------------

  No Partitions were found in this design.

-------------------------------

NGDBUILD Design Results Summary:
  Number of errors:     0
  Number of warnings: 147

Writing NGD file "system.ngd" ...
Total REAL time to NGDBUILD completion:  11 sec
Total CPU time to NGDBUILD completion:   11 sec

Writing NGDBUILD log file "system.bld"...

NGDBUILD done.



#----------------------------------------------#
# Starting program map
# map -o system_map.ncd -w -pr b -ol high -timing -detail system.ngd system.pcf 
#----------------------------------------------#
Release 12.3 - Map M.70d (nt)
Copyright (c) 1995-2010 Xilinx, Inc.  All rights reserved.
PMSPEC -- Overriding Xilinx file
<C:/Xilinx/12.3/ISE_DS/EDK/data/Xdh_PrimTypeLib.xda> with local file
<C:/Xilinx/12.3/ISE_DS/ISE/data/Xdh_PrimTypeLib.xda>
Using target part "5vfx70tff1136-1".
Mapping design into LUTs...
Writing file system_map.ngm...
WARNING:Pack:2874 - Trimming timing constraints from pin
   xps_bram_if_cntlr_1_bram/xps_bram_if_cntlr_1_bram/ramb36_0
   of frag REGCLKAU connected to power/ground net
   xps_bram_if_cntlr_1_bram/xps_bram_if_cntlr_1_bram/ramb36_0_REGCLKAU_tiesig
WARNING:Pack:2874 - Trimming timing constraints from pin
   xps_bram_if_cntlr_1_bram/xps_bram_if_cntlr_1_bram/ramb36_0
   of frag REGCLKAL connected to power/ground net
   xps_bram_if_cntlr_1_bram/xps_bram_if_cntlr_1_bram/ramb36_0_REGCLKAL_tiesig
WARNING:Pack:2874 - Trimming timing constraints from pin
   xps_bram_if_cntlr_1_bram/xps_bram_if_cntlr_1_bram/ramb36_1
   of frag REGCLKAU connected to power/ground net
   xps_bram_if_cntlr_1_bram/xps_bram_if_cntlr_1_bram/ramb36_1_REGCLKAU_tiesig
WARNING:Pack:2874 - Trimming timing constraints from pin
   xps_bram_if_cntlr_1_bram/xps_bram_if_cntlr_1_bram/ramb36_1
   of frag REGCLKAL connected to power/ground net
   xps_bram_if_cntlr_1_bram/xps_bram_if_cntlr_1_bram/ramb36_1_REGCLKAL_tiesig
Running directed packing...
Running delay-based LUT packing...
Updating timing models...
WARNING:Timing:3223 - Timing constraint TS_MC_RDEN_SEL_MUX = MAXDELAY FROM
   TIMEGRP "TNM_RDEN_SEL_MUX" TO TIMEGRP "TNM_CLK0" TS_MC_CLK * 4 ignored during
   timing analysis.
INFO:Map:215 - The Interim Design Summary has been generated in the MAP Report
   (.mrp).
Running timing-driven placement...
Total REAL time at the beginning of Placer: 26 secs 
Total CPU  time at the beginning of Placer: 26 secs 

Phase 1.1  Initial Placement Analysis
Phase 1.1  Initial Placement Analysis (Checksum:fb9476ef) REAL time: 29 secs 

Phase 2.7  Design Feasibility Check
WARNING:Place:838 - An IO Bus with more than one IO standard is found.
   Components associated with this bus are as follows: 
   	 Comp: fpga_0_LEDs_8Bit_GPIO_IO_pin<7>   IOSTANDARD = LVCMOS25
   	 Comp: fpga_0_LEDs_8Bit_GPIO_IO_pin<6>   IOSTANDARD = LVCMOS25
   	 Comp: fpga_0_LEDs_8Bit_GPIO_IO_pin<5>   IOSTANDARD = LVCMOS25
   	 Comp: fpga_0_LEDs_8Bit_GPIO_IO_pin<4>   IOSTANDARD = LVCMOS18
   	 Comp: fpga_0_LEDs_8Bit_GPIO_IO_pin<3>   IOSTANDARD = LVCMOS25
   	 Comp: fpga_0_LEDs_8Bit_GPIO_IO_pin<2>   IOSTANDARD = LVCMOS18
   	 Comp: fpga_0_LEDs_8Bit_GPIO_IO_pin<1>   IOSTANDARD = LVCMOS18
   	 Comp: fpga_0_LEDs_8Bit_GPIO_IO_pin<0>   IOSTANDARD = LVCMOS18


WARNING:Place:838 - An IO Bus with more than one IO standard is found.
   Components associated with this bus are as follows: 
   	 Comp: fpga_0_SRAM_Mem_DQ_pin<31>   IOSTANDARD = LVDCI_33
   	 Comp: fpga_0_SRAM_Mem_DQ_pin<30>   IOSTANDARD = LVDCI_33
   	 Comp: fpga_0_SRAM_Mem_DQ_pin<29>   IOSTANDARD = LVDCI_33
   	 Comp: fpga_0_SRAM_Mem_DQ_pin<28>   IOSTANDARD = LVDCI_33
   	 Comp: fpga_0_SRAM_Mem_DQ_pin<27>   IOSTANDARD = LVDCI_33
   	 Comp: fpga_0_SRAM_Mem_DQ_pin<26>   IOSTANDARD = LVDCI_33
   	 Comp: fpga_0_SRAM_Mem_DQ_pin<25>   IOSTANDARD = LVDCI_33
   	 Comp: fpga_0_SRAM_Mem_DQ_pin<24>   IOSTANDARD = LVDCI_33
   	 Comp: fpga_0_SRAM_Mem_DQ_pin<23>   IOSTANDARD = LVDCI_33
   	 Comp: fpga_0_SRAM_Mem_DQ_pin<22>   IOSTANDARD = LVDCI_33
   	 Comp: fpga_0_SRAM_Mem_DQ_pin<21>   IOSTANDARD = LVDCI_33
   	 Comp: fpga_0_SRAM_Mem_DQ_pin<20>   IOSTANDARD = LVDCI_33
   	 Comp: fpga_0_SRAM_Mem_DQ_pin<19>   IOSTANDARD = LVDCI_33
   	 Comp: fpga_0_SRAM_Mem_DQ_pin<18>   IOSTANDARD = LVDCI_33
   	 Comp: fpga_0_SRAM_Mem_DQ_pin<17>   IOSTANDARD = LVDCI_33
   	 Comp: fpga_0_SRAM_Mem_DQ_pin<16>   IOSTANDARD = LVDCI_33
   	 Comp: fpga_0_SRAM_Mem_DQ_pin<15>   IOSTANDARD = LVCMOS33
   	 Comp: fpga_0_SRAM_Mem_DQ_pin<14>   IOSTANDARD = LVCMOS33
   	 Comp: fpga_0_SRAM_Mem_DQ_pin<13>   IOSTANDARD = LVCMOS33
   	 Comp: fpga_0_SRAM_Mem_DQ_pin<12>   IOSTANDARD = LVCMOS33
   	 Comp: fpga_0_SRAM_Mem_DQ_pin<11>   IOSTANDARD = LVCMOS33
   	 Comp: fpga_0_SRAM_Mem_DQ_pin<10>   IOSTANDARD = LVCMOS33
   	 Comp: fpga_0_SRAM_Mem_DQ_pin<9>   IOSTANDARD = LVCMOS33
   	 Comp: fpga_0_SRAM_Mem_DQ_pin<8>   IOSTANDARD = LVCMOS33
   	 Comp: fpga_0_SRAM_Mem_DQ_pin<7>   IOSTANDARD = LVCMOS33
   	 Comp: fpga_0_SRAM_Mem_DQ_pin<6>   IOSTANDARD = LVCMOS33
   	 Comp: fpga_0_SRAM_Mem_DQ_pin<5>   IOSTANDARD = LVCMOS33
   	 Comp: fpga_0_SRAM_Mem_DQ_pin<4>   IOSTANDARD = LVCMOS33
   	 Comp: fpga_0_SRAM_Mem_DQ_pin<3>   IOSTANDARD = LVCMOS33
   	 Comp: fpga_0_SRAM_Mem_DQ_pin<2>   IOSTANDARD = LVCMOS33
   	 Comp: fpga_0_SRAM_Mem_DQ_pin<1>   IOSTANDARD = LVCMOS33
   	 Comp: fpga_0_SRAM_Mem_DQ_pin<0>   IOSTANDARD = LVCMOS33


Phase 2.7  Design Feasibility Check (Checksum:fb9476ef) REAL time: 29 secs 

Phase 3.31  Local Placement Optimization
Phase 3.31  Local Placement Optimization (Checksum:6351edc1) REAL time: 29 secs 

Phase 4.37  Local Placement Optimization
Phase 4.37  Local Placement Optimization (Checksum:5a875c7e) REAL time: 29 secs 

Phase 5.33  Local Placement Optimization
Phase 5.33  Local Placement Optimization (Checksum:5a875c7e) REAL time: 1 mins 18 secs 

Phase 6.32  Local Placement Optimization
Phase 6.32  Local Placement Optimization (Checksum:5a875c7e) REAL time: 1 mins 18 secs 

Phase 7.2  Initial Clock and IO Placement



There are 16 clock regions on the target FPGA device:
|------------------------------------------|------------------------------------------|
| CLOCKREGION_X0Y7:                        | CLOCKREGION_X1Y7:                        |
|   2 BUFRs available, 0 in use            |   2 BUFRs available, 0 in use            |
|   4 Regional Clock Spines, 0 in use      |   4 Regional Clock Spines, 0 in use      |
|   4 edge BUFIOs available, 0 in use      |   4 edge BUFIOs available, 0 in use      |
|   4 center BUFIOs available, 0 in use    |   0 center BUFIOs available, 0 in use    |
|                                          |                                          |
|------------------------------------------|------------------------------------------|
| CLOCKREGION_X0Y6:                        | CLOCKREGION_X1Y6:                        |
|   2 BUFRs available, 0 in use            |   2 BUFRs available, 0 in use            |
|   4 Regional Clock Spines, 0 in use      |   4 Regional Clock Spines, 0 in use      |
|   4 edge BUFIOs available, 3 in use      |   4 edge BUFIOs available, 0 in use      |
|   0 center BUFIOs available, 0 in use    |   0 center BUFIOs available, 0 in use    |
|                                          |                                          |
|------------------------------------------|------------------------------------------|
| CLOCKREGION_X0Y5:                        | CLOCKREGION_X1Y5:                        |
|   2 BUFRs available, 0 in use            |   2 BUFRs available, 0 in use            |
|   4 Regional Clock Spines, 0 in use      |   4 Regional Clock Spines, 0 in use      |
|   4 edge BUFIOs available, 0 in use      |   4 edge BUFIOs available, 0 in use      |
|   2 center BUFIOs available, 0 in use    |   0 center BUFIOs available, 0 in use    |
|                                          |                                          |
|------------------------------------------|------------------------------------------|
| CLOCKREGION_X0Y4:                        | CLOCKREGION_X1Y4:                        |
|   2 BUFRs available, 0 in use            |   2 BUFRs available, 0 in use            |
|   4 Regional Clock Spines, 0 in use      |   4 Regional Clock Spines, 0 in use      |
|   4 edge BUFIOs available, 0 in use      |   4 edge BUFIOs available, 0 in use      |
|   2 center BUFIOs available, 0 in use    |   0 center BUFIOs available, 0 in use    |
|                                          |                                          |
|------------------------------------------|------------------------------------------|
| CLOCKREGION_X0Y3:                        | CLOCKREGION_X1Y3:                        |
|   2 BUFRs available, 0 in use            |   2 BUFRs available, 0 in use            |
|   4 Regional Clock Spines, 0 in use      |   4 Regional Clock Spines, 0 in use      |
|   4 edge BUFIOs available, 0 in use      |   4 edge BUFIOs available, 0 in use      |
|   2 center BUFIOs available, 0 in use    |   0 center BUFIOs available, 0 in use    |
|                                          |                                          |
|------------------------------------------|------------------------------------------|
| CLOCKREGION_X0Y2:                        | CLOCKREGION_X1Y2:                        |
|   2 BUFRs available, 0 in use            |   2 BUFRs available, 0 in use            |
|   4 Regional Clock Spines, 0 in use      |   4 Regional Clock Spines, 0 in use      |
|   4 edge BUFIOs available, 3 in use      |   4 edge BUFIOs available, 0 in use      |
|   2 center BUFIOs available, 0 in use    |   0 center BUFIOs available, 0 in use    |
|                                          |                                          |
|------------------------------------------|------------------------------------------|
| CLOCKREGION_X0Y1:                        | CLOCKREGION_X1Y1:                        |
|   2 BUFRs available, 0 in use            |   2 BUFRs available, 0 in use            |
|   4 Regional Clock Spines, 0 in use      |   4 Regional Clock Spines, 0 in use      |
|   4 edge BUFIOs available, 2 in use      |   4 edge BUFIOs available, 0 in use      |
|   0 center BUFIOs available, 0 in use    |   0 center BUFIOs available, 0 in use    |
|                                          |                                          |
|------------------------------------------|------------------------------------------|
| CLOCKREGION_X0Y0:                        | CLOCKREGION_X1Y0:                        |
|   2 BUFRs available, 0 in use            |   2 BUFRs available, 0 in use            |
|   4 Regional Clock Spines, 0 in use      |   4 Regional Clock Spines, 0 in use      |
|   4 edge BUFIOs available, 0 in use      |   4 edge BUFIOs available, 0 in use      |
|   4 center BUFIOs available, 0 in use    |   0 center BUFIOs available, 0 in use    |
|                                          |                                          |
|------------------------------------------|------------------------------------------|


Clock-Region: <CLOCKREGION_X0Y1>
  key resource utilizations (used/available): edge-bufios - 2/4; bufrs - 0/2; regional-clock-spines - 0/4
|-----------------------------------------------------------------------------------------------------------------------------------------------------------
|       |    clock    | BRAM |     |    |        |        |       |       |       |      |      |     |      |
|       |    region   | FIFO | DCM | GT | ILOGIC | OLOGIC |   FF  |  LUTM |  LUTL | MULT | EMAC | PPC | PCIe | <- (Types of Resources in Clock Region)
|-------|-------------|------|-----|----|--------|--------|-------|-------|-------|------|------|-----|------|----------------------------------------------
|       | Upper Region|  24  |  2  |  0 |   60   |   60   |  3200 |  1600 |  4800 |   0  |   0  |  0  |   0  | <- Available resources in the upper region
|-------|-------------|------|-----|----|--------|--------|-------|-------|-------|------|------|-----|------|----------------------------------------------
|       |CurrentRegion|  24  |  4  |  0 |   40   |   40   |  3200 |  1600 |  4800 |   0  |   0  |  0  |   0  | <- Available resources in the current region
|-------|-------------|------|-----|----|--------|--------|-------|-------|-------|------|------|-----|------|----------------------------------------------
|       | Lower Region|  24  |  0  |  0 |   80   |   80   |  3200 |  1600 |  4800 |   0  |   0  |  0  |   0  | <- Available resources in the lower region
|-------|-------------|------|-----|----|--------|--------|-------|-------|-------|------|------|-----|------|----------------------------------------------
| clock |    region   |                                                                                      -----------------------------------------------
|  type |  expansion  |                                                                                      | <IO/Regional clock Net Name>
|-------|-------------|------|-----|----|--------|--------|-------|-------|-------|------|------|-----|------|----------------------------------------------
| BUFIO |             |   0  |  0  |  0 |    9   |    0   |     0 |     0 |     0 |   0  |   0  |  0  |   0  | "DDR2_SDRAM/DDR2_SDRAM/u_ddr2_top/u_mem_if_top/u_phy_top/u_phy_io/delayed_dqs<1>"
|-------|-------------|------|-----|----|--------|--------|-------|-------|-------|------|------|-----|------|----------------------------------------------
| BUFIO |             |   0  |  0  |  0 |    9   |    0   |     0 |     0 |     0 |   0  |   0  |  0  |   0  | "DDR2_SDRAM/DDR2_SDRAM/u_ddr2_top/u_mem_if_top/u_phy_top/u_phy_io/delayed_dqs<2>"
|-------|-------------|------|-----|----|--------|--------|-------|-------|-------|------|------|-----|------|----------------------------------------------


Clock-Region: <CLOCKREGION_X0Y2>
  key resource utilizations (used/available): edge-bufios - 3/4; center-bufios - 0/2; bufrs - 0/2; regional-clock-spines - 0/4
|-----------------------------------------------------------------------------------------------------------------------------------------------------------
|       |    clock    | BRAM |     |    |        |        |       |       |       |      |      |     |      |
|       |    region   | FIFO | DCM | GT | ILOGIC | OLOGIC |   FF  |  LUTM |  LUTL | MULT | EMAC | PPC | PCIe | <- (Types of Resources in Clock Region)
|-------|-------------|------|-----|----|--------|--------|-------|-------|-------|------|------|-----|------|----------------------------------------------
|       | Upper Region|   8  |  0  |  0 |   60   |   60   |  1280 |   640 |  1920 |   0  |   0  |  1  |   0  | <- Available resources in the upper region
|-------|-------------|------|-----|----|--------|--------|-------|-------|-------|------|------|-----|------|----------------------------------------------
|       |CurrentRegion|  24  |  2  |  0 |   60   |   60   |  3200 |  1600 |  4800 |   0  |   0  |  0  |   0  | <- Available resources in the current region
|-------|-------------|------|-----|----|--------|--------|-------|-------|-------|------|------|-----|------|----------------------------------------------
|       | Lower Region|  24  |  4  |  0 |   40   |   40   |  3200 |  1600 |  4800 |   0  |   0  |  0  |   0  | <- Available resources in the lower region
|-------|-------------|------|-----|----|--------|--------|-------|-------|-------|------|------|-----|------|----------------------------------------------
| clock |    region   |                                                                                      -----------------------------------------------
|  type |  expansion  |                                                                                      | <IO/Regional clock Net Name>
|-------|-------------|------|-----|----|--------|--------|-------|-------|-------|------|------|-----|------|----------------------------------------------
| BUFIO |             |   0  |  0  |  0 |    9   |    0   |     0 |     0 |     0 |   0  |   0  |  0  |   0  | "DDR2_SDRAM/DDR2_SDRAM/u_ddr2_top/u_mem_if_top/u_phy_top/u_phy_io/delayed_dqs<0>"
|-------|-------------|------|-----|----|--------|--------|-------|-------|-------|------|------|-----|------|----------------------------------------------
| BUFIO |             |   0  |  0  |  0 |    9   |    0   |     0 |     0 |     0 |   0  |   0  |  0  |   0  | "DDR2_SDRAM/DDR2_SDRAM/u_ddr2_top/u_mem_if_top/u_phy_top/u_phy_io/delayed_dqs<4>"
|-------|-------------|------|-----|----|--------|--------|-------|-------|-------|------|------|-----|------|----------------------------------------------
| BUFIO |             |   0  |  0  |  0 |    9   |    0   |     0 |     0 |     0 |   0  |   0  |  0  |   0  | "DDR2_SDRAM/DDR2_SDRAM/u_ddr2_top/u_mem_if_top/u_phy_top/u_phy_io/delayed_dqs<3>"
|-------|-------------|------|-----|----|--------|--------|-------|-------|-------|------|------|-----|------|----------------------------------------------


Clock-Region: <CLOCKREGION_X0Y6>
  key resource utilizations (used/available): edge-bufios - 3/4; bufrs - 0/2; regional-clock-spines - 0/4
|-----------------------------------------------------------------------------------------------------------------------------------------------------------
|       |    clock    | BRAM |     |    |        |        |       |       |       |      |      |     |      |
|       |    region   | FIFO | DCM | GT | ILOGIC | OLOGIC |   FF  |  LUTM |  LUTL | MULT | EMAC | PPC | PCIe | <- (Types of Resources in Clock Region)
|-------|-------------|------|-----|----|--------|--------|-------|-------|-------|------|------|-----|------|----------------------------------------------
|       | Upper Region|  24  |  0  |  0 |   80   |   80   |  3200 |  1600 |  4800 |   0  |   0  |  0  |   0  | <- Available resources in the upper region
|-------|-------------|------|-----|----|--------|--------|-------|-------|-------|------|------|-----|------|----------------------------------------------
|       |CurrentRegion|  24  |  4  |  0 |   40   |   40   |  3200 |  1600 |  4800 |   0  |   0  |  0  |   0  | <- Available resources in the current region
|-------|-------------|------|-----|----|--------|--------|-------|-------|-------|------|------|-----|------|----------------------------------------------
|       | Lower Region|  24  |  2  |  0 |   60   |   60   |  3200 |  1600 |  4800 |   0  |   0  |  0  |   0  | <- Available resources in the lower region
|-------|-------------|------|-----|----|--------|--------|-------|-------|-------|------|------|-----|------|----------------------------------------------
| clock |    region   |                                                                                      -----------------------------------------------
|  type |  expansion  |                                                                                      | <IO/Regional clock Net Name>
|-------|-------------|------|-----|----|--------|--------|-------|-------|-------|------|------|-----|------|----------------------------------------------
| BUFIO |             |   0  |  0  |  0 |    9   |    0   |     0 |     0 |     0 |   0  |   0  |  0  |   0  | "DDR2_SDRAM/DDR2_SDRAM/u_ddr2_top/u_mem_if_top/u_phy_top/u_phy_io/delayed_dqs<7>"
|-------|-------------|------|-----|----|--------|--------|-------|-------|-------|------|------|-----|------|----------------------------------------------
| BUFIO |             |   0  |  0  |  0 |    9   |    0   |     0 |     0 |     0 |   0  |   0  |  0  |   0  | "DDR2_SDRAM/DDR2_SDRAM/u_ddr2_top/u_mem_if_top/u_phy_top/u_phy_io/delayed_dqs<5>"
|-------|-------------|------|-----|----|--------|--------|-------|-------|-------|------|------|-----|------|----------------------------------------------
| BUFIO |             |   0  |  0  |  0 |    9   |    0   |     0 |     0 |     0 |   0  |   0  |  0  |   0  | "DDR2_SDRAM/DDR2_SDRAM/u_ddr2_top/u_mem_if_top/u_phy_top/u_phy_io/delayed_dqs<6>"
|-------|-------------|------|-----|----|--------|--------|-------|-------|-------|------|------|-----|------|----------------------------------------------




######################################################################################
# REGIONAL CLOCKING RESOURCE DISTRIBUTION UCF REPORT:
#
# Number of Regional Clocking Regions in the device: 16  (4 clock spines in each)
# Number of Regional Clock Networks used in this design: 8 (each network can be
# composed of up to 3 clock spines and cover up to 3 regional clock regions)
# 
######################################################################################

# IO-Clock "DDR2_SDRAM/DDR2_SDRAM/u_ddr2_top/u_mem_if_top/u_phy_top/u_phy_io/delayed_dqs<7>" driven by "BUFIO_X0Y27"
INST "DDR2_SDRAM/DDR2_SDRAM/u_ddr2_top/u_mem_if_top/u_phy_top/u_phy_io/gen_dqs[7].u_iob_dqs/u_bufio_dqs" LOC =
"BUFIO_X0Y27" ;
NET "DDR2_SDRAM/DDR2_SDRAM/u_ddr2_top/u_mem_if_top/u_phy_top/u_phy_io/delayed_dqs<7>" TNM_NET =
"TN_DDR2_SDRAM/DDR2_SDRAM/u_ddr2_top/u_mem_if_top/u_phy_top/u_phy_io/delayed_dqs<7>" ;
TIMEGRP "TN_DDR2_SDRAM/DDR2_SDRAM/u_ddr2_top/u_mem_if_top/u_phy_top/u_phy_io/delayed_dqs<7>" AREA_GROUP =
"CLKAG_DDR2_SDRAM/DDR2_SDRAM/u_ddr2_top/u_mem_if_top/u_phy_top/u_phy_io/delayed_dqs<7>" ;
AREA_GROUP "CLKAG_DDR2_SDRAM/DDR2_SDRAM/u_ddr2_top/u_mem_if_top/u_phy_top/u_phy_io/delayed_dqs<7>" RANGE =
CLOCKREGION_X0Y6;


# IO-Clock "DDR2_SDRAM/DDR2_SDRAM/u_ddr2_top/u_mem_if_top/u_phy_top/u_phy_io/delayed_dqs<0>" driven by "BUFIO_X0Y9"
INST "DDR2_SDRAM/DDR2_SDRAM/u_ddr2_top/u_mem_if_top/u_phy_top/u_phy_io/gen_dqs[0].u_iob_dqs/u_bufio_dqs" LOC =
"BUFIO_X0Y9" ;
NET "DDR2_SDRAM/DDR2_SDRAM/u_ddr2_top/u_mem_if_top/u_phy_top/u_phy_io/delayed_dqs<0>" TNM_NET =
"TN_DDR2_SDRAM/DDR2_SDRAM/u_ddr2_top/u_mem_if_top/u_phy_top/u_phy_io/delayed_dqs<0>" ;
TIMEGRP "TN_DDR2_SDRAM/DDR2_SDRAM/u_ddr2_top/u_mem_if_top/u_phy_top/u_phy_io/delayed_dqs<0>" AREA_GROUP =
"CLKAG_DDR2_SDRAM/DDR2_SDRAM/u_ddr2_top/u_mem_if_top/u_phy_top/u_phy_io/delayed_dqs<0>" ;
AREA_GROUP "CLKAG_DDR2_SDRAM/DDR2_SDRAM/u_ddr2_top/u_mem_if_top/u_phy_top/u_phy_io/delayed_dqs<0>" RANGE =
CLOCKREGION_X0Y2;


# IO-Clock "DDR2_SDRAM/DDR2_SDRAM/u_ddr2_top/u_mem_if_top/u_phy_top/u_phy_io/delayed_dqs<4>" driven by "BUFIO_X0Y11"
INST "DDR2_SDRAM/DDR2_SDRAM/u_ddr2_top/u_mem_if_top/u_phy_top/u_phy_io/gen_dqs[4].u_iob_dqs/u_bufio_dqs" LOC =
"BUFIO_X0Y11" ;
NET "DDR2_SDRAM/DDR2_SDRAM/u_ddr2_top/u_mem_if_top/u_phy_top/u_phy_io/delayed_dqs<4>" TNM_NET =
"TN_DDR2_SDRAM/DDR2_SDRAM/u_ddr2_top/u_mem_if_top/u_phy_top/u_phy_io/delayed_dqs<4>" ;
TIMEGRP "TN_DDR2_SDRAM/DDR2_SDRAM/u_ddr2_top/u_mem_if_top/u_phy_top/u_phy_io/delayed_dqs<4>" AREA_GROUP =
"CLKAG_DDR2_SDRAM/DDR2_SDRAM/u_ddr2_top/u_mem_if_top/u_phy_top/u_phy_io/delayed_dqs<4>" ;
AREA_GROUP "CLKAG_DDR2_SDRAM/DDR2_SDRAM/u_ddr2_top/u_mem_if_top/u_phy_top/u_phy_io/delayed_dqs<4>" RANGE =
CLOCKREGION_X0Y2;


# IO-Clock "DDR2_SDRAM/DDR2_SDRAM/u_ddr2_top/u_mem_if_top/u_phy_top/u_phy_io/delayed_dqs<1>" driven by "BUFIO_X0Y4"
INST "DDR2_SDRAM/DDR2_SDRAM/u_ddr2_top/u_mem_if_top/u_phy_top/u_phy_io/gen_dqs[1].u_iob_dqs/u_bufio_dqs" LOC =
"BUFIO_X0Y4" ;
NET "DDR2_SDRAM/DDR2_SDRAM/u_ddr2_top/u_mem_if_top/u_phy_top/u_phy_io/delayed_dqs<1>" TNM_NET =
"TN_DDR2_SDRAM/DDR2_SDRAM/u_ddr2_top/u_mem_if_top/u_phy_top/u_phy_io/delayed_dqs<1>" ;
TIMEGRP "TN_DDR2_SDRAM/DDR2_SDRAM/u_ddr2_top/u_mem_if_top/u_phy_top/u_phy_io/delayed_dqs<1>" AREA_GROUP =
"CLKAG_DDR2_SDRAM/DDR2_SDRAM/u_ddr2_top/u_mem_if_top/u_phy_top/u_phy_io/delayed_dqs<1>" ;
AREA_GROUP "CLKAG_DDR2_SDRAM/DDR2_SDRAM/u_ddr2_top/u_mem_if_top/u_phy_top/u_phy_io/delayed_dqs<1>" RANGE =
CLOCKREGION_X0Y1;


# IO-Clock "DDR2_SDRAM/DDR2_SDRAM/u_ddr2_top/u_mem_if_top/u_phy_top/u_phy_io/delayed_dqs<5>" driven by "BUFIO_X0Y25"
INST "DDR2_SDRAM/DDR2_SDRAM/u_ddr2_top/u_mem_if_top/u_phy_top/u_phy_io/gen_dqs[5].u_iob_dqs/u_bufio_dqs" LOC =
"BUFIO_X0Y25" ;
NET "DDR2_SDRAM/DDR2_SDRAM/u_ddr2_top/u_mem_if_top/u_phy_top/u_phy_io/delayed_dqs<5>" TNM_NET =
"TN_DDR2_SDRAM/DDR2_SDRAM/u_ddr2_top/u_mem_if_top/u_phy_top/u_phy_io/delayed_dqs<5>" ;
TIMEGRP "TN_DDR2_SDRAM/DDR2_SDRAM/u_ddr2_top/u_mem_if_top/u_phy_top/u_phy_io/delayed_dqs<5>" AREA_GROUP =
"CLKAG_DDR2_SDRAM/DDR2_SDRAM/u_ddr2_top/u_mem_if_top/u_phy_top/u_phy_io/delayed_dqs<5>" ;
AREA_GROUP "CLKAG_DDR2_SDRAM/DDR2_SDRAM/u_ddr2_top/u_mem_if_top/u_phy_top/u_phy_io/delayed_dqs<5>" RANGE =
CLOCKREGION_X0Y6;


# IO-Clock "DDR2_SDRAM/DDR2_SDRAM/u_ddr2_top/u_mem_if_top/u_phy_top/u_phy_io/delayed_dqs<2>" driven by "BUFIO_X0Y7"
INST "DDR2_SDRAM/DDR2_SDRAM/u_ddr2_top/u_mem_if_top/u_phy_top/u_phy_io/gen_dqs[2].u_iob_dqs/u_bufio_dqs" LOC =
"BUFIO_X0Y7" ;
NET "DDR2_SDRAM/DDR2_SDRAM/u_ddr2_top/u_mem_if_top/u_phy_top/u_phy_io/delayed_dqs<2>" TNM_NET =
"TN_DDR2_SDRAM/DDR2_SDRAM/u_ddr2_top/u_mem_if_top/u_phy_top/u_phy_io/delayed_dqs<2>" ;
TIMEGRP "TN_DDR2_SDRAM/DDR2_SDRAM/u_ddr2_top/u_mem_if_top/u_phy_top/u_phy_io/delayed_dqs<2>" AREA_GROUP =
"CLKAG_DDR2_SDRAM/DDR2_SDRAM/u_ddr2_top/u_mem_if_top/u_phy_top/u_phy_io/delayed_dqs<2>" ;
AREA_GROUP "CLKAG_DDR2_SDRAM/DDR2_SDRAM/u_ddr2_top/u_mem_if_top/u_phy_top/u_phy_io/delayed_dqs<2>" RANGE =
CLOCKREGION_X0Y1;


# IO-Clock "DDR2_SDRAM/DDR2_SDRAM/u_ddr2_top/u_mem_if_top/u_phy_top/u_phy_io/delayed_dqs<6>" driven by "BUFIO_X0Y26"
INST "DDR2_SDRAM/DDR2_SDRAM/u_ddr2_top/u_mem_if_top/u_phy_top/u_phy_io/gen_dqs[6].u_iob_dqs/u_bufio_dqs" LOC =
"BUFIO_X0Y26" ;
NET "DDR2_SDRAM/DDR2_SDRAM/u_ddr2_top/u_mem_if_top/u_phy_top/u_phy_io/delayed_dqs<6>" TNM_NET =
"TN_DDR2_SDRAM/DDR2_SDRAM/u_ddr2_top/u_mem_if_top/u_phy_top/u_phy_io/delayed_dqs<6>" ;
TIMEGRP "TN_DDR2_SDRAM/DDR2_SDRAM/u_ddr2_top/u_mem_if_top/u_phy_top/u_phy_io/delayed_dqs<6>" AREA_GROUP =
"CLKAG_DDR2_SDRAM/DDR2_SDRAM/u_ddr2_top/u_mem_if_top/u_phy_top/u_phy_io/delayed_dqs<6>" ;
AREA_GROUP "CLKAG_DDR2_SDRAM/DDR2_SDRAM/u_ddr2_top/u_mem_if_top/u_phy_top/u_phy_io/delayed_dqs<6>" RANGE =
CLOCKREGION_X0Y6;


# IO-Clock "DDR2_SDRAM/DDR2_SDRAM/u_ddr2_top/u_mem_if_top/u_phy_top/u_phy_io/delayed_dqs<3>" driven by "BUFIO_X0Y10"
INST "DDR2_SDRAM/DDR2_SDRAM/u_ddr2_top/u_mem_if_top/u_phy_top/u_phy_io/gen_dqs[3].u_iob_dqs/u_bufio_dqs" LOC =
"BUFIO_X0Y10" ;
NET "DDR2_SDRAM/DDR2_SDRAM/u_ddr2_top/u_mem_if_top/u_phy_top/u_phy_io/delayed_dqs<3>" TNM_NET =
"TN_DDR2_SDRAM/DDR2_SDRAM/u_ddr2_top/u_mem_if_top/u_phy_top/u_phy_io/delayed_dqs<3>" ;
TIMEGRP "TN_DDR2_SDRAM/DDR2_SDRAM/u_ddr2_top/u_mem_if_top/u_phy_top/u_phy_io/delayed_dqs<3>" AREA_GROUP =
"CLKAG_DDR2_SDRAM/DDR2_SDRAM/u_ddr2_top/u_mem_if_top/u_phy_top/u_phy_io/delayed_dqs<3>" ;
AREA_GROUP "CLKAG_DDR2_SDRAM/DDR2_SDRAM/u_ddr2_top/u_mem_if_top/u_phy_top/u_phy_io/delayed_dqs<3>" RANGE =
CLOCKREGION_X0Y2;


Phase 7.2  Initial Clock and IO Placement (Checksum:bf97e2a3) REAL time: 1 mins 19 secs 

Phase 8.36  Local Placement Optimization
Phase 8.36  Local Placement Optimization (Checksum:bf97e2a3) REAL time: 1 mins 19 secs 

Phase 9.30  Global Clock Region Assignment
Phase 9.30  Global Clock Region Assignment (Checksum:bf97e2a3) REAL time: 1 mins 19 secs 

Phase 10.3  Local Placement Optimization
Phase 10.3  Local Placement Optimization (Checksum:bf97e2a3) REAL time: 1 mins 20 secs 

Phase 11.5  Local Placement Optimization
Phase 11.5  Local Placement Optimization (Checksum:bf97e2a3) REAL time: 1 mins 20 secs 

Phase 12.8  Global Placement
....................................................................................................................
......................................................................
...........................................................................................
............................................
............................................
.......................
Phase 12.8  Global Placement (Checksum:b79710ef) REAL time: 1 mins 40 secs 

Phase 13.29  Local Placement Optimization
Phase 13.29  Local Placement Optimization (Checksum:b79710ef) REAL time: 1 mins 40 secs 

Phase 14.5  Local Placement Optimization
Phase 14.5  Local Placement Optimization (Checksum:b79710ef) REAL time: 1 mins 41 secs 

Phase 15.18  Placement Optimization
Phase 15.18  Placement Optimization (Checksum:51ec6526) REAL time: 1 mins 59 secs 

Phase 16.5  Local Placement Optimization
Phase 16.5  Local Placement Optimization (Checksum:51ec6526) REAL time: 1 mins 59 secs 

Phase 17.34  Placement Validation
Phase 17.34  Placement Validation (Checksum:51ec6526) REAL time: 1 mins 59 secs 

Total REAL time to Placer completion: 2 mins 
Total CPU  time to Placer completion: 1 mins 59 secs 
Running post-placement packing...
Writing output files...

Design Summary:
Number of errors:      0
Number of warnings:    9
Slice Logic Utilization:
  Number of Slice Registers:                 4,128 out of  44,800    9%
    Number used as Flip Flops:               4,128
  Number of Slice LUTs:                      3,598 out of  44,800    8%
    Number used as logic:                    3,470 out of  44,800    7%
      Number using O6 output only:           3,270
      Number using O5 output only:              28
      Number using O5 and O6:                  172
    Number used as Memory:                     116 out of  13,120    1%
      Number used as Dual Port RAM:              8
        Number using O6 output only:             8
      Number used as Shift Register:           108
        Number using O6 output only:           108
    Number used as exclusive route-thru:        12
  Number of route-thrus:                        40
    Number using O6 output only:                34
    Number using O5 output only:                 2
    Number using O5 and O6:                      4

Slice Logic Distribution:
  Number of occupied Slices:                 2,626 out of  11,200   23%
  Number of LUT Flip Flop pairs used:        5,771
    Number with an unused Flip Flop:         1,643 out of   5,771   28%
    Number with an unused LUT:               2,173 out of   5,771   37%
    Number of fully used LUT-FF pairs:       1,955 out of   5,771   33%
    Number of unique control sets:             589
    Number of slice register sites lost
      to control set restrictions:           1,324 out of  44,800    2%

  A LUT Flip Flop pair for this architecture represents one LUT paired with
  one Flip Flop within a slice.  A control set is a unique combination of
  clock, reset, set, and enable signals for a registered element.
  The Slice Logic Distribution report is not meaningful if the design is
  over-mapped for a non-slice resource or if Placement fails.
  OVERMAPPING of BRAM resources should be ignored if the design is
  over-mapped for a non-BRAM resource or if placement fails.

IO Utilization:
  Number of bonded IOBs:                       204 out of     640   31%
    Number of LOCed IOBs:                      204 out of     204  100%
    IOB Flip Flops:                            416

Specific Feature Utilization:
  Number of BlockRAM/FIFO:                       6 out of     148    4%
    Number using BlockRAM only:                  4
    Number using FIFO only:                      2
    Total primitives used:
      Number of 36k BlockRAM used:               4
      Number of 36k FIFO used:                   2
    Total Memory used (KB):                    216 out of   5,328    4%
  Number of BUFG/BUFGCTRLs:                      6 out of      32   18%
    Number used as BUFGs:                        6
  Number of IDELAYCTRLs:                         3 out of      22   13%
  Number of BUFIOs:                              8 out of      80   10%
  Number of DCM_ADVs:                            1 out of      12    8%
  Number of PLL_ADVs:                            1 out of       6   16%
  Number of PPC440s:                             1 out of       1  100%

Average Fanout of Non-Clock Nets:                3.21

Peak Memory Usage:  438 MB
Total REAL time to MAP completion:  2 mins 5 secs 
Total CPU time to MAP completion:   2 mins 4 secs 

Mapping completed.
See MAP report file "system_map.mrp" for details.



#----------------------------------------------#
# Starting program par
# par -w -ol high system_map.ncd system.ncd system.pcf 
#----------------------------------------------#
Release 12.3 - par M.70d (nt)
Copyright (c) 1995-2010 Xilinx, Inc.  All rights reserved.
PMSPEC -- Overriding Xilinx file <C:/Xilinx/12.3/ISE_DS/EDK/data/parBmgr.acd> with local file
<C:/Xilinx/12.3/ISE_DS/ISE/data/parBmgr.acd>



Constraints file: system.pcf.
Loading device for application Rf_Device from file '5vfx70t.nph' in environment
C:\Xilinx\12.3\ISE_DS\ISE\;C:\Xilinx\12.3\ISE_DS\EDK.
   "system" is an NCD, version 3.2, device xc5vfx70t, package ff1136, speed -1

Initializing temperature to 85.000 Celsius. (default - Range: 0.000 to 85.000 Celsius)
Initializing voltage to 0.950 Volts. (default - Range: 0.950 to 1.050 Volts)


Device speed data version:  "PRODUCTION 1.71 2010-09-15".



Device Utilization Summary:

   Number of BUFGs                           6 out of 32     18%
   Number of BUFIOs                          8 out of 80     10%
   Number of DCM_ADVs                        1 out of 12      8%
   Number of FIFO36_72_EXPs                  2 out of 148     1%
      Number of LOCed FIFO36_72_EXPs         2 out of 2     100%

   Number of IDELAYCTRLs                     3 out of 22     13%
   Number of ILOGICs                       108 out of 800    13%
      Number of LOCed ILOGICs                8 out of 108     7%

   Number of External IOBs                 204 out of 640    31%
      Number of LOCed IOBs                 204 out of 204   100%

   Number of IODELAYs                       80 out of 800    10%
      Number of LOCed IODELAYs               8 out of 80     10%

   Number of JTAGPPCs                        1 out of 1     100%
   Number of OLOGICs                       196 out of 800    24%
   Number of PLL_ADVs                        1 out of 6      16%
   Number of PPC440s                         1 out of 1     100%
   Number of RAMB36_EXPs                     4 out of 148     2%
      Number of LOCed RAMB36_EXPs            2 out of 4      50%

   Number of Slices                       2626 out of 11200  23%
   Number of Slice Registers              4128 out of 44800   9%
      Number used as Flip Flops           4128
      Number used as Latches                 0
      Number used as LatchThrus              0

   Number of Slice LUTS                   3598 out of 44800   8%
   Number of Slice LUT-Flip Flop pairs    5771 out of 44800  12%


Overall effort level (-ol):   High 
Router effort level (-rl):    High 

WARNING:Timing:3223 - Timing constraint TS_MC_RDEN_SEL_MUX = MAXDELAY FROM TIMEGRP "TNM_RDEN_SEL_MUX" TO TIMEGRP       
   "TNM_CLK0" TS_MC_CLK * 4; ignored during timing analysis.
INFO:Timing:3386 - Intersecting Constraints found and resolved.  For more information, see the TSI report.  Please
   consult the Xilinx Command Line Tools User Guide for information on generating a TSI report.
Starting initial Timing Analysis.  REAL time: 16 secs 
Finished initial Timing Analysis.  REAL time: 16 secs 

WARNING:Par:288 - The signal xps_bram_if_cntlr_1_port_BRAM_Addr<31> has no load.  PAR will not attempt to route this
   signal.
WARNING:Par:288 - The signal xps_bram_if_cntlr_1_port_BRAM_Addr<30> has no load.  PAR will not attempt to route this
   signal.
Starting Router


Phase  1  : 26300 unrouted;      REAL time: 18 secs 
INFO:Route:538 - One or more MIG cores have been detected in your design and have been successfully
   placed and routed. These MIG core(s) have critical skew and delay requirements 
   that are independent of the user (UCF) timing constraints. These MIG-related timing 
   constraints have been successfully met in this design. However, the user must verify
   separately that all timing constraints specified in the UCF file have been met.


Phase  2  : 22383 unrouted;      REAL time: 21 secs 

Phase  3  : 7480 unrouted;      REAL time: 37 secs 

Phase  4  : 7483 unrouted; (Setup:0, Hold:0, Component Switching Limit:0)     REAL time: 44 secs 

Updating file: system.ncd with current fully routed design.

Phase  5  : 0 unrouted; (Setup:0, Hold:0, Component Switching Limit:0)     REAL time: 50 secs 

Phase  6  : 0 unrouted; (Setup:0, Hold:0, Component Switching Limit:0)     REAL time: 50 secs 

Phase  7  : 0 unrouted; (Setup:0, Hold:0, Component Switching Limit:0)     REAL time: 50 secs 

Phase  8  : 0 unrouted; (Setup:0, Hold:0, Component Switching Limit:0)     REAL time: 50 secs 

Phase  9  : 0 unrouted; (Setup:0, Hold:0, Component Switching Limit:0)     REAL time: 50 secs 

Phase 10  : 0 unrouted; (Setup:0, Hold:0, Component Switching Limit:0)     REAL time: 52 secs 
Total REAL time to Router completion: 52 secs 
Total CPU time to Router completion: 53 secs 

Partition Implementation Status
-------------------------------

  No Partitions were found in this design.

-------------------------------

Generating "PAR" statistics.

**************************
Generating Clock Report
**************************

+---------------------+--------------+------+------+------------+-------------+
|        Clock Net    |   Resource   |Locked|Fanout|Net Skew(ns)|Max Delay(ns)|
+---------------------+--------------+------+------+------------+-------------+
|clk_125_0000MHzPLL0_ |              |      |      |            |             |
|              ADJUST | BUFGCTRL_X0Y2| No   | 1586 |  0.510     |  2.045      |
+---------------------+--------------+------+------+------------+-------------+
|clk_62_5000MHzPLL0_A |              |      |      |            |             |
|               DJUST | BUFGCTRL_X0Y4| No   |  517 |  0.537     |  2.057      |
+---------------------+--------------+------+------+------------+-------------+
|DDR2_SDRAM/DDR2_SDRA |              |      |      |            |             |
|M/u_ddr2_top/u_mem_i |              |      |      |            |             |
|f_top/u_phy_top/u_ph |              |      |      |            |             |
| y_io/delayed_dqs<7> |        IO Clk| No   |   17 |  0.101     |  0.425      |
+---------------------+--------------+------+------+------------+-------------+
|DDR2_SDRAM/DDR2_SDRA |              |      |      |            |             |
|M/u_ddr2_top/u_mem_i |              |      |      |            |             |
|f_top/u_phy_top/u_ph |              |      |      |            |             |
| y_io/delayed_dqs<0> |        IO Clk| No   |   17 |  0.095     |  0.419      |
+---------------------+--------------+------+------+------------+-------------+
|DDR2_SDRAM/DDR2_SDRA |              |      |      |            |             |
|M/u_ddr2_top/u_mem_i |              |      |      |            |             |
|f_top/u_phy_top/u_ph |              |      |      |            |             |
| y_io/delayed_dqs<4> |        IO Clk| No   |   17 |  0.101     |  0.425      |
+---------------------+--------------+------+------+------------+-------------+
|     clk_200_0000MHz | BUFGCTRL_X0Y3| No   |    4 |  0.124     |  1.879      |
+---------------------+--------------+------+------+------------+-------------+
|DDR2_SDRAM/DDR2_SDRA |              |      |      |            |             |
|M/u_ddr2_top/u_mem_i |              |      |      |            |             |
|f_top/u_phy_top/u_ph |              |      |      |            |             |
| y_io/delayed_dqs<1> |        IO Clk| No   |   17 |  0.083     |  0.380      |
+---------------------+--------------+------+------+------------+-------------+
|DDR2_SDRAM/DDR2_SDRA |              |      |      |            |             |
|M/u_ddr2_top/u_mem_i |              |      |      |            |             |
|f_top/u_phy_top/u_ph |              |      |      |            |             |
| y_io/delayed_dqs<5> |        IO Clk| No   |   17 |  0.101     |  0.425      |
+---------------------+--------------+------+------+------------+-------------+
|clk_125_0000MHz90PLL |              |      |      |            |             |
|            0_ADJUST | BUFGCTRL_X0Y0| No   |  168 |  0.284     |  2.028      |
+---------------------+--------------+------+------+------------+-------------+
| clk_125_0000MHzPLL0 | BUFGCTRL_X0Y1| No   |    2 |  0.000     |  1.739      |
+---------------------+--------------+------+------+------------+-------------+
|DDR2_SDRAM/DDR2_SDRA |              |      |      |            |             |
|M/u_ddr2_top/u_mem_i |              |      |      |            |             |
|f_top/u_phy_top/u_ph |              |      |      |            |             |
| y_io/delayed_dqs<2> |        IO Clk| No   |   17 |  0.101     |  0.425      |
+---------------------+--------------+------+------+------------+-------------+
|DDR2_SDRAM/DDR2_SDRA |              |      |      |            |             |
|M/u_ddr2_top/u_mem_i |              |      |      |            |             |
|f_top/u_phy_top/u_ph |              |      |      |            |             |
| y_io/delayed_dqs<6> |        IO Clk| No   |   17 |  0.096     |  0.393      |
+---------------------+--------------+------+------+------------+-------------+
|DDR2_SDRAM/DDR2_SDRA |              |      |      |            |             |
|M/u_ddr2_top/u_mem_i |              |      |      |            |             |
|f_top/u_phy_top/u_ph |              |      |      |            |             |
| y_io/delayed_dqs<3> |        IO Clk| No   |   17 |  0.107     |  0.404      |
+---------------------+--------------+------+------+------------+-------------+
|ppc440_0_jtagppc_bus |              |      |      |            |             |
|         _JTGC405TCK |         Local|      |    1 |  0.000     |  1.678      |
+---------------------+--------------+------+------+------------+-------------+
|xps_timer_0_Interrup |              |      |      |            |             |
|                   t |         Local|      |    1 |  0.000     |  1.365      |
+---------------------+--------------+------+------+------------+-------------+

* Net Skew is the difference between the minimum and maximum routing
only delays for the net. Note this is different from Clock Skew which
is reported in TRCE timing report. Clock Skew is the difference between
the minimum and maximum path delays which includes logic delays.

Timing Score: 0 (Setup: 0, Hold: 0, Component Switching Limit: 0)

Number of Timing Constraints that were not applied: 4

Asterisk (*) preceding a constraint indicates it was not met.
   This may be due to a setup or hold violation.

----------------------------------------------------------------------------------------------------------
  Constraint                                |    Check    | Worst Case |  Best Case | Timing |   Timing   
                                            |             |    Slack   | Achievable | Errors |    Score   
----------------------------------------------------------------------------------------------------------
  NET         "DDR2_SDRAM/DDR2_SDRAM/u_ddr2 | MAXDELAY    |     0.012ns|     0.838ns|       0|           0
  _top/u_mem_if_top/u_phy_top/u_phy_io/gen_ |             |            |            |        |            
  dqs[2].u_iob_dqs/en_dqs_sync"         MAX |             |            |            |        |            
  DELAY = 0.85 ns                           |             |            |            |        |            
----------------------------------------------------------------------------------------------------------
  NET         "DDR2_SDRAM/DDR2_SDRAM/u_ddr2 | MAXDELAY    |     0.015ns|     0.835ns|       0|           0
  _top/u_mem_if_top/u_phy_top/u_phy_io/gen_ |             |            |            |        |            
  dqs[5].u_iob_dqs/en_dqs_sync"         MAX |             |            |            |        |            
  DELAY = 0.85 ns                           |             |            |            |        |            
----------------------------------------------------------------------------------------------------------
  TS_DQ_CE = MAXDELAY FROM TIMEGRP "TNM_DQ_ | SETUP       |     0.034ns|     1.866ns|       0|           0
  CE_IDDR" TO TIMEGRP "TNM_DQS_FLOPS"       | HOLD        |     0.993ns|            |       0|           0
     1.9 ns                                 |             |            |            |        |            
----------------------------------------------------------------------------------------------------------
  TS_clock_generator_0_clock_generator_0_SI | SETUP       |     0.043ns|     7.957ns|       0|           0
  G_PLL0_CLKOUT2 = PERIOD TIMEGRP         " | HOLD        |     0.014ns|            |       0|           0
  clock_generator_0_clock_generator_0_SIG_P |             |            |            |        |            
  LL0_CLKOUT2" TS_sys_clk_pin         * 1.2 |             |            |            |        |            
  5 HIGH 50%                                |             |            |            |        |            
----------------------------------------------------------------------------------------------------------
  NET         "DDR2_SDRAM/DDR2_SDRAM/u_ddr2 | MAXDELAY    |     0.045ns|     0.805ns|       0|           0
  _top/u_mem_if_top/u_phy_top/u_phy_io/gen_ |             |            |            |        |            
  dqs[0].u_iob_dqs/en_dqs_sync"         MAX |             |            |            |        |            
  DELAY = 0.85 ns                           |             |            |            |        |            
----------------------------------------------------------------------------------------------------------
  NET         "DDR2_SDRAM/DDR2_SDRAM/u_ddr2 | MAXDELAY    |     0.045ns|     0.805ns|       0|           0
  _top/u_mem_if_top/u_phy_top/u_phy_io/gen_ |             |            |            |        |            
  dqs[1].u_iob_dqs/en_dqs_sync"         MAX |             |            |            |        |            
  DELAY = 0.85 ns                           |             |            |            |        |            
----------------------------------------------------------------------------------------------------------
  NET         "DDR2_SDRAM/DDR2_SDRAM/u_ddr2 | MAXDELAY    |     0.047ns|     0.803ns|       0|           0
  _top/u_mem_if_top/u_phy_top/u_phy_io/gen_ |             |            |            |        |            
  dqs[3].u_iob_dqs/en_dqs_sync"         MAX |             |            |            |        |            
  DELAY = 0.85 ns                           |             |            |            |        |            
----------------------------------------------------------------------------------------------------------
  NET         "DDR2_SDRAM/DDR2_SDRAM/u_ddr2 | MAXDELAY    |     0.047ns|     0.803ns|       0|           0
  _top/u_mem_if_top/u_phy_top/u_phy_io/gen_ |             |            |            |        |            
  dqs[4].u_iob_dqs/en_dqs_sync"         MAX |             |            |            |        |            
  DELAY = 0.85 ns                           |             |            |            |        |            
----------------------------------------------------------------------------------------------------------
  NET         "DDR2_SDRAM/DDR2_SDRAM/u_ddr2 | MAXDELAY    |     0.047ns|     0.803ns|       0|           0
  _top/u_mem_if_top/u_phy_top/u_phy_io/gen_ |             |            |            |        |            
  dqs[7].u_iob_dqs/en_dqs_sync"         MAX |             |            |            |        |            
  DELAY = 0.85 ns                           |             |            |            |        |            
----------------------------------------------------------------------------------------------------------
  NET         "DDR2_SDRAM/DDR2_SDRAM/u_ddr2 | MAXDELAY    |     0.047ns|     0.803ns|       0|           0
  _top/u_mem_if_top/u_phy_top/u_phy_io/gen_ |             |            |            |        |            
  dqs[6].u_iob_dqs/en_dqs_sync"         MAX |             |            |            |        |            
  DELAY = 0.85 ns                           |             |            |            |        |            
----------------------------------------------------------------------------------------------------------
  NET         "DDR2_SDRAM/DDR2_SDRAM/u_ddr2 | MAXDELAY    |     0.071ns|     0.529ns|       0|           0
  _top/u_mem_if_top/u_phy_top/u_phy_io/en_d |             |            |            |        |            
  qs<0>"         MAXDELAY = 0.6 ns          |             |            |            |        |            
----------------------------------------------------------------------------------------------------------
  NET         "DDR2_SDRAM/DDR2_SDRAM/u_ddr2 | MAXDELAY    |     0.071ns|     0.529ns|       0|           0
  _top/u_mem_if_top/u_phy_top/u_phy_io/en_d |             |            |            |        |            
  qs<1>"         MAXDELAY = 0.6 ns          |             |            |            |        |            
----------------------------------------------------------------------------------------------------------
  NET         "DDR2_SDRAM/DDR2_SDRAM/u_ddr2 | MAXDELAY    |     0.071ns|     0.529ns|       0|           0
  _top/u_mem_if_top/u_phy_top/u_phy_io/en_d |             |            |            |        |            
  qs<2>"         MAXDELAY = 0.6 ns          |             |            |            |        |            
----------------------------------------------------------------------------------------------------------
  NET         "DDR2_SDRAM/DDR2_SDRAM/u_ddr2 | MAXDELAY    |     0.071ns|     0.529ns|       0|           0
  _top/u_mem_if_top/u_phy_top/u_phy_io/en_d |             |            |            |        |            
  qs<3>"         MAXDELAY = 0.6 ns          |             |            |            |        |            
----------------------------------------------------------------------------------------------------------
  NET         "DDR2_SDRAM/DDR2_SDRAM/u_ddr2 | MAXDELAY    |     0.071ns|     0.529ns|       0|           0
  _top/u_mem_if_top/u_phy_top/u_phy_io/en_d |             |            |            |        |            
  qs<4>"         MAXDELAY = 0.6 ns          |             |            |            |        |            
----------------------------------------------------------------------------------------------------------
  NET         "DDR2_SDRAM/DDR2_SDRAM/u_ddr2 | MAXDELAY    |     0.071ns|     0.529ns|       0|           0
  _top/u_mem_if_top/u_phy_top/u_phy_io/en_d |             |            |            |        |            
  qs<5>"         MAXDELAY = 0.6 ns          |             |            |            |        |            
----------------------------------------------------------------------------------------------------------
  NET         "DDR2_SDRAM/DDR2_SDRAM/u_ddr2 | MAXDELAY    |     0.071ns|     0.529ns|       0|           0
  _top/u_mem_if_top/u_phy_top/u_phy_io/en_d |             |            |            |        |            
  qs<7>"         MAXDELAY = 0.6 ns          |             |            |            |        |            
----------------------------------------------------------------------------------------------------------
  NET         "DDR2_SDRAM/DDR2_SDRAM/u_ddr2 | MAXDELAY    |     0.071ns|     0.529ns|       0|           0
  _top/u_mem_if_top/u_phy_top/u_phy_io/en_d |             |            |            |        |            
  qs<6>"         MAXDELAY = 0.6 ns          |             |            |            |        |            
----------------------------------------------------------------------------------------------------------
  TS_MC_CLK = PERIOD TIMEGRP "mc_clk" 5 ns  | MINPERIOD   |     1.010ns|     3.990ns|       0|           0
  HIGH 50%                                  |             |            |            |        |            
----------------------------------------------------------------------------------------------------------
  TS_clock_generator_0_clock_generator_0_SI | SETUP       |     2.085ns|     4.714ns|       0|           0
  G_PLL0_CLKOUT0 = PERIOD TIMEGRP         " | HOLD        |     0.346ns|            |       0|           0
  clock_generator_0_clock_generator_0_SIG_P |             |            |            |        |            
  LL0_CLKOUT0" TS_sys_clk_pin         * 1.2 |             |            |            |        |            
  5 PHASE 2 ns HIGH 50%                     |             |            |            |        |            
----------------------------------------------------------------------------------------------------------
  TS_sys_clk_pin = PERIOD TIMEGRP "sys_clk_ | MINLOWPULSE |     6.000ns|     4.000ns|       0|           0
  pin" 100 MHz HIGH 50%                     |             |            |            |        |            
----------------------------------------------------------------------------------------------------------
  TS_clock_generator_0_clock_generator_0_SI | SETUP       |     3.654ns|     1.346ns|       0|           0
  G_PLL0_CLKOUT3 = PERIOD TIMEGRP         " | HOLD        |     0.486ns|            |       0|           0
  clock_generator_0_clock_generator_0_SIG_P | MINPERIOD   |     3.334ns|     1.666ns|       0|           0
  LL0_CLKOUT3" TS_sys_clk_pin         * 2 H |             |            |            |        |            
  IGH 50%                                   |             |            |            |        |            
----------------------------------------------------------------------------------------------------------
  TS_clock_generator_0_clock_generator_0_SI | SETUP       |     3.886ns|     9.888ns|       0|           0
  G_PLL0_CLKOUT4 = PERIOD TIMEGRP         " | HOLD        |     0.056ns|            |       0|           0
  clock_generator_0_clock_generator_0_SIG_P |             |            |            |        |            
  LL0_CLKOUT4" TS_sys_clk_pin         * 0.6 |             |            |            |        |            
  25 HIGH 50%                               |             |            |            |        |            
----------------------------------------------------------------------------------------------------------
  TS_clock_generator_0_clock_generator_0_SI | MINPERIOD   |     4.900ns|     3.100ns|       0|           0
  G_PLL0_CLKOUT1 = PERIOD TIMEGRP         " |             |            |            |        |            
  clock_generator_0_clock_generator_0_SIG_P |             |            |            |        |            
  LL0_CLKOUT1" TS_sys_clk_pin         * 1.2 |             |            |            |        |            
  5 HIGH 50%                                |             |            |            |        |            
----------------------------------------------------------------------------------------------------------
  TS_MC_PHY_INIT_DATA_SEL_90 = MAXDELAY FRO | SETUP       |    14.745ns|     5.255ns|       0|           0
  M TIMEGRP "TNM_PHY_INIT_DATA_SEL" TO      | HOLD        |     0.167ns|            |       0|           0
      TIMEGRP "TNM_CLK90" TS_MC_CLK * 4     |             |            |            |        |            
----------------------------------------------------------------------------------------------------------
  TS_MC_PHY_INIT_DATA_SEL_0 = MAXDELAY FROM | SETUP       |    15.366ns|     4.634ns|       0|           0
   TIMEGRP "TNM_PHY_INIT_DATA_SEL" TO       | HOLD        |     1.385ns|            |       0|           0
     TIMEGRP "TNM_CLK0" TS_MC_CLK * 4       |             |            |            |        |            
----------------------------------------------------------------------------------------------------------
  TS_MC_RD_DATA_SEL = MAXDELAY FROM TIMEGRP | SETUP       |    15.638ns|     4.362ns|       0|           0
   "TNM_RD_DATA_SEL" TO TIMEGRP         "TN | HOLD        |     1.124ns|            |       0|           0
  M_CLK0" TS_MC_CLK * 4                     |             |            |            |        |            
----------------------------------------------------------------------------------------------------------
  TS_MC_GATE_DLY = MAXDELAY FROM TIMEGRP "T | SETUP       |    17.614ns|     2.386ns|       0|           0
  NM_GATE_DLY" TO TIMEGRP "TNM_CLK0"        | HOLD        |     0.013ns|            |       0|           0
    TS_MC_CLK * 4                           |             |            |            |        |            
----------------------------------------------------------------------------------------------------------
  TS_MC_CAL_RDEN_DLY = MAXDELAY FROM TIMEGR | SETUP       |    18.085ns|     1.915ns|       0|           0
  P "TNM_CAL_RDEN_DLY" TO TIMEGRP         " | HOLD        |     0.104ns|            |       0|           0
  TNM_CLK0" TS_MC_CLK * 4                   |             |            |            |        |            
----------------------------------------------------------------------------------------------------------
  TS_MC_RDEN_DLY = MAXDELAY FROM TIMEGRP "T | SETUP       |    18.092ns|     1.908ns|       0|           0
  NM_RDEN_DLY" TO TIMEGRP "TNM_CLK0"        | HOLD        |     0.108ns|            |       0|           0
    TS_MC_CLK * 4                           |             |            |            |        |            
----------------------------------------------------------------------------------------------------------
  TS_MC_RDEN_SEL_MUX = MAXDELAY FROM TIMEGR | N/A         |         N/A|         N/A|     N/A|         N/A
  P "TNM_RDEN_SEL_MUX" TO TIMEGRP         " |             |            |            |        |            
  TNM_CLK0" TS_MC_CLK * 4                   |             |            |            |        |            
----------------------------------------------------------------------------------------------------------


Derived Constraint Report
Review Timing Report for more details on the following derived constraints.
To create a Timing Report, run "trce -v 12 -fastpaths -o design_timing_report design.ncd design.pcf"
or "Run Timing Analysis" from Timing Analyzer (timingan).
Derived Constraints for TS_sys_clk_pin
+-------------------------------+-------------+-------------+-------------+-------------+-------------+-------------+-------------+
|                               |   Period    |       Actual Period       |      Timing Errors        |      Paths Analyzed       |
|           Constraint          | Requirement |-------------+-------------|-------------+-------------|-------------+-------------|
|                               |             |   Direct    | Derivative  |   Direct    | Derivative  |   Direct    | Derivative  |
+-------------------------------+-------------+-------------+-------------+-------------+-------------+-------------+-------------+
|TS_sys_clk_pin                 |     10.000ns|      4.000ns|      9.946ns|            0|            0|            0|        64804|
| TS_clock_generator_0_clock_gen|      8.000ns|      4.714ns|          N/A|            0|            0|          630|            0|
| erator_0_SIG_PLL0_CLKOUT0     |             |             |             |             |             |             |             |
| TS_clock_generator_0_clock_gen|      8.000ns|      3.100ns|          N/A|            0|            0|            0|            0|
| erator_0_SIG_PLL0_CLKOUT1     |             |             |             |             |             |             |             |
| TS_clock_generator_0_clock_gen|      8.000ns|      7.957ns|          N/A|            0|            0|        53072|            0|
| erator_0_SIG_PLL0_CLKOUT2     |             |             |             |             |             |             |             |
| TS_clock_generator_0_clock_gen|      5.000ns|      1.666ns|          N/A|            0|            0|            2|            0|
| erator_0_SIG_PLL0_CLKOUT3     |             |             |             |             |             |             |             |
| TS_clock_generator_0_clock_gen|     16.000ns|      9.888ns|          N/A|            0|            0|        11100|            0|
| erator_0_SIG_PLL0_CLKOUT4     |             |             |             |             |             |             |             |
+-------------------------------+-------------+-------------+-------------+-------------+-------------+-------------+-------------+

Derived Constraints for TS_MC_CLK
+-------------------------------+-------------+-------------+-------------+-------------+-------------+-------------+-------------+
|                               |   Period    |       Actual Period       |      Timing Errors        |      Paths Analyzed       |
|           Constraint          | Requirement |-------------+-------------|-------------+-------------|-------------+-------------|
|                               |             |   Direct    | Derivative  |   Direct    | Derivative  |   Direct    | Derivative  |
+-------------------------------+-------------+-------------+-------------+-------------+-------------+-------------+-------------+
|TS_MC_CLK                      |      5.000ns|      3.990ns|      1.314ns|            0|            0|            0|          474|
| TS_MC_RD_DATA_SEL             |     20.000ns|      4.362ns|          N/A|            0|            0|          128|            0|
| TS_MC_PHY_INIT_DATA_SEL_0     |     20.000ns|      4.634ns|          N/A|            0|            0|           22|            0|
| TS_MC_PHY_INIT_DATA_SEL_90    |     20.000ns|      5.255ns|          N/A|            0|            0|          274|            0|
| TS_MC_GATE_DLY                |     20.000ns|      2.386ns|          N/A|            0|            0|           40|            0|
| TS_MC_RDEN_DLY                |     20.000ns|      1.908ns|          N/A|            0|            0|            5|            0|
| TS_MC_CAL_RDEN_DLY            |     20.000ns|      1.915ns|          N/A|            0|            0|            5|            0|
| TS_MC_RDEN_SEL_MUX            |     20.000ns|          N/A|          N/A|            0|            0|            0|            0|
+-------------------------------+-------------+-------------+-------------+-------------+-------------+-------------+-------------+

All constraints were met.
INFO:Timing:2761 - N/A entries in the Constraints List may indicate that the 
   constraint is not analyzed due to the following: No paths covered by this 
   constraint; Other constraints intersect with this constraint; or This 
   constraint was disabled by a Path Tracing Control. Please run the Timespec 
   Interaction Report (TSI) via command line (trce tsi) or Timing Analyzer GUI.


Generating Pad Report.

All signals are completely routed.

WARNING:Par:283 - There are 2 loadless signals in this design. This design will cause Bitgen to issue DRC warnings.

Total REAL time to PAR completion: 1 mins 7 secs 
Total CPU time to PAR completion: 59 secs 

Peak Memory Usage:  392 MB

Placer: Placement generated during map.
Routing: Completed - No errors found.
Timing: Completed - No errors found.

Number of error messages: 0
Number of warning messages: 5
Number of info messages: 2

Writing design to file system.ncd



PAR done!



#----------------------------------------------#
# Starting program post_par_trce
# trce -e 3 -xml system.twx system.ncd system.pcf 
#----------------------------------------------#
Release 12.3 - Trace  (nt)
Copyright (c) 1995-2010 Xilinx, Inc.  All rights reserved.


PMSPEC -- Overriding Xilinx file
<C:/Xilinx/12.3/ISE_DS/EDK/virtex5/data/virtex5.acd> with local file
<C:/Xilinx/12.3/ISE_DS/ISE/virtex5/data/virtex5.acd>
Loading device for application Rf_Device from file '5vfx70t.nph' in environment
C:\Xilinx\12.3\ISE_DS\ISE\;C:\Xilinx\12.3\ISE_DS\EDK.
   "system" is an NCD, version 3.2, device xc5vfx70t, package ff1136, speed -1
WARNING:Timing:3223 - Timing constraint TS_MC_RDEN_SEL_MUX = MAXDELAY FROM
   TIMEGRP "TNM_RDEN_SEL_MUX" TO TIMEGRP        "TNM_CLK0" TS_MC_CLK * 4;
   ignored during timing analysis.
INFO:Timing:3386 - Intersecting Constraints found and resolved.  For more
   information, see the TSI report.  Please consult the Xilinx Command Line
   Tools User Guide for information on generating a TSI report.
--------------------------------------------------------------------------------
Release 12.3 Trace  (nt)
Copyright (c) 1995-2010 Xilinx, Inc.  All rights reserved.

C:\Xilinx\12.3\ISE_DS\ISE\bin\nt\unwrapped\trce.exe -e 3 -xml system.twx
system.ncd system.pcf


Design file:              system.ncd
Physical constraint file: system.pcf
Device,speed:             xc5vfx70t,-1 (PRODUCTION 1.71 2010-09-15, STEPPING
level 0)
Report level:             error report
--------------------------------------------------------------------------------

INFO:Timing:2752 - To get complete path coverage, use the unconstrained paths
   option. All paths that are not constrained will be reported in the
   unconstrained paths section(s) of the report.
INFO:Timing:3339 - The clock-to-out numbers in this timing report are based on a
   50 Ohm transmission line loading model.  For the details of this model, and
   for more information on accounting for different loading conditions, please
   see the device datasheet.


Timing summary:
---------------

Timing errors: 0  Score: 0 (Setup/Max: 0, Hold: 0)

Constraints cover 65406 paths, 16 nets, and 23240 connections

Design statistics:
   Minimum period:   9.888ns (Maximum frequency: 101.133MHz)
   Maximum path delay from/to any node:   5.255ns
   Maximum net delay:   0.838ns


Analysis completed Wed Feb 08 15:41:37 2012
--------------------------------------------------------------------------------

Generating Report ...

Number of warnings: 1
Number of info messages: 3
Total time: 18 secs 


