HW_SRC="BasicStream_hw.c"; \
	for i in $HW_SRC; do CPP_INCLUDES="$CPP_INCLUDES -include $i"; done; \
	echo | "C:/Impulse/CoDeveloper3/MinGW/bin/gcc" -E -DIMPULSE_C_SYNTHESIS -DRC_INVOKED -DBYTE="unsigned char" -DWORD="unsigned short" -DDWORD="unsigned int" -Dsize_t="long unsigned int" -DNULL=0 -Dstdin=NULL "-IC:\Impulse\CoDeveloper3\Include" "-IC:/Impulse/CoDeveloper3/StageMaster/include" $CPP_INCLUDES - > BasicStream.i
"C:/Impulse/CoDeveloper3/bin/impulse_snoot" -Timpulse-c BasicStream.i BasicStream.snt
"C:/Impulse/CoDeveloper3/bin/impulse_prep" BasicStream.snt BasicStream.pk0
Impulse C Transformations
Copyright 2002-2009, Impulse Accelerated Technologies, Inc.
All rights reserved.
Build Nov  5 2011.
processing BasicStream.snt...
"C:/Impulse/CoDeveloper3/bin/impulse_porky" -iterate -fold -unused-syms -unused-types -Dmemcpys -const-prop  -scalarize  -loop-invariants  BasicStream.pk0 BasicStream.pk1
"C:/Impulse/CoDeveloper3/bin/impulse_porky" -build-arefs BasicStream.pk1 BasicStream.pky
"C:/Impulse/CoDeveloper3/bin/impulse_impc" BasicStream.pky BasicStream.sic
Impulse C Preprocessor
Copyright 2002-2009, Impulse Accelerated Technologies, Inc.
All rights reserved.
Build Nov  5 2011.
---Software activated---
processing BasicStream.pky...
analyzing co_initialize...
found architecture definition: BasicStream_arch/Generic
analyzing config_BasicStream...
creating stream HWinput ...
creating stream HWoutput ...
creating process producer_process ...
creating process HWproc_process ...
creating process consumer_process ...
"C:/Impulse/CoDeveloper3/bin/impulse_s2xml"  BasicStream.sic > BasicStream.xic
Impulse C to XML
Copyright 2003-2007, Impulse Accelerated Technologies, Inc.
All rights reserved.
Build Nov  5 2011.
"C:/Impulse/CoDeveloper3/bin/impulse_lib" "-aC:/Impulse/CoDeveloper3/Architectures/xilinx_v5_plb4.xml" -hwdirhw -files "BasicStream_sw.c" BasicStream.xic sw/co_init.c
Impulse C Software Interface Generator
Copyright 2002-2011, Impulse Accelerated Technologies, Inc.
All rights reserved.
Loading C:/Impulse/CoDeveloper3/Architectures/xilinx_v5_plb4.xml ...
Loading C:/Impulse/CoDeveloper3/Architectures/Xilinx/PPC/PLB/cpu.xml ...
Loading C:/Impulse/CoDeveloper3/Architectures/VHDL/Generic/Generic/system.xml ...
Loading BasicStream.xic ...
for i in BasicStream_sw.c; do cp $i sw; done
for i in BasicStream.h; do cp $i sw; done
chmod -R +rw sw
"C:/Impulse/CoDeveloper3/bin/impulse_export" -software -srcdirsw "-aC:/Impulse/CoDeveloper3/Architectures/xilinx_v5_plb4.xml" BasicStream.xic "export_sw"
Impulse C Design Exporter
Copyright 2002-2007, Impulse Accelerated Technologies, Inc.
All rights reserved.
Loading C:/Impulse/CoDeveloper3/Architectures/xilinx_v5_plb4.xml ...
Loading C:/Impulse/CoDeveloper3/Architectures/Xilinx/PPC/PLB/cpu.xml ...
Loading BasicStream.xic ...
