#-----------------------------------------------------------
# PlanAhead v13.1
# Build 117799 by hdbuild on Thu Feb 17 11:38:00 PST 2011
# Start of session at: Mon Feb 27 15:22:42 2012
# Process ID: 3088
# Log file: C:/Workspace/xpr_bram_led/planAhead/project_1/planAhead.log
# Journal file: C:/Workspace/xpr_bram_led/planAhead/project_1/planAhead.jou
#-----------------------------------------------------------
INFO: [HD-Licensing 0] Attempting to get a license: PlanAhead
ERROR: [HD-Licensing 0] Failed to get a license: PlanAhead

INFO:Security:51 - The XILINXD_LICENSE_FILE environment variable is not set.
INFO:Security:52 - The LM_LICENSE_FILE environment variable is set to '2100@klein.ce.rit.edu'.
INFO:Security:68 - Please run the Xilinx License Configuration Manager
       (xlcm or "Manage Xilinx Licenses")
       to assist in obtaining a license.
WARNING:Security:43 - No license file was found in the standard Xilinx license directory.
WARNING:Security:44 - No license file was found.
       Please run the Xilinx License Configuration Manager
       (xlcm or "Manage Xilinx Licenses")
       to assist in obtaining a license.
ERROR:Security:14 - No feature was available for 'PlanAhead'.

License server machine is down or not responding.
 See the system adminstrator about starting the license server system, or
 make sure you're referring to the right host (see LM_LICENSE_FILE).
Feature:       PlanAhead
Hostname:      129.21.128.100
License path:  2100@klein.ce.rit.edu;z:/.Xilinx;C:\Xilinx\13.1\ISE_DS\ISE/data\*.lic;C:\Xilinx\13.1\ISE_DS\ISE/coregen/core_licenses\Xilinx.lic;C:\Xilinx\13.1\ISE_DS\ISE/coregen/core_licenses\XilinxFree.lic;
FLEXnet Licensing error:-96,491.  System Error: 2 ""
For further information, refer to the FLEXnet Licensing documentation,
available at "www.acresso.com".

INFO: [HD-ArchReader 0] Loading parts and site information from C:\Xilinx\13.1\ISE_DS\PlanAhead\parts\arch.xml
INFO: [HD-RTPRIM 0] Parsing RTL primitives file 'C:\Xilinx\13.1\ISE_DS\PlanAhead\parts\xilinx\rtl\prims\rtl_prims.xml'
INFO: [HD-RTPRIM 1] Finished Parsing RTL primitives file 'C:\Xilinx\13.1\ISE_DS\PlanAhead\parts\xilinx\rtl\prims\rtl_prims.xml'
start_gui -project {C:\Workspace\xpr_bram_led\planAhead\project_1\project_1.ppr}
INFO: [HD-Licensing 0] Attempting to get a license: PlanAhead
ERROR: [HD-Licensing 0] Failed to get a license: PlanAhead

INFO:Security:51 - The XILINXD_LICENSE_FILE environment variable is not set.
INFO:Security:52 - The LM_LICENSE_FILE environment variable is set to '2100@klein.ce.rit.edu'.
INFO:Security:68 - Please run the Xilinx License Configuration Manager
       (xlcm or "Manage Xilinx Licenses")
       to assist in obtaining a license.
WARNING:Security:43 - No license file was found in the standard Xilinx license directory.
WARNING:Security:44 - No license file was found.
       Please run the Xilinx License Configuration Manager
       (xlcm or "Manage Xilinx Licenses")
       to assist in obtaining a license.
ERROR:Security:14 - No feature was available for 'PlanAhead'.

License server machine is down or not responding.
 See the system adminstrator about starting the license server system, or
 make sure you're referring to the right host (see LM_LICENSE_FILE).
Feature:       PlanAhead
Hostname:      129.21.128.100
License path:  z:/.Xilinx;C:\Xilinx\13.1\ISE_DS\ISE/data\*.lic;C:\Xilinx\13.1\ISE_DS\ISE/coregen/core_licenses\Xilinx.lic;C:\Xilinx\13.1\ISE_DS\ISE/coregen/core_licenses\XilinxFree.lic;2100@klein.ce.rit.edu;
FLEXnet Licensing error:-96,491
For further information, refer to the FLEXnet Licensing documentation,
available at "www.acresso.com".

